#
# There is insufficient memory for the Java Runtime Environment to continue.
# Native memory allocation (malloc) failed to allocate 124780544 bytes for committing reserved memory.
# Possible reasons:
#   The system is out of physical RAM or swap space
#   In 32 bit mode, the process size limit was hit
# Possible solutions:
#   Reduce memory load on the system
#   Increase physical memory or swap space
#   Check if swap backing store is full
#   Use 64 bit Java on a 64 bit OS
#   Decrease Java heap size (-Xmx/-Xms)
#   Decrease number of Java threads
#   Decrease Java thread stack sizes (-Xss)
#   Set larger code cache with -XX:ReservedCodeCacheSize=
# This output file may be truncated or incomplete.
#
#  Out of Memory Error (os_linux.cpp:2756), pid=9360, tid=139697580861184
#
# JRE version: Java(TM) SE Runtime Environment (7.0_80-b15) (build 1.7.0_80-b15)
# Java VM: Java HotSpot(TM) 64-Bit Server VM (24.80-b11 mixed mode linux-amd64 compressed oops)
# Failed to write core dump. Core dumps have been disabled. To enable core dumping, try "ulimit -c unlimited" before starting Java again
#

---------------  T H R E A D  ---------------

Current thread (0x00007f0ddc098800):  VMThread [stack: 0x00007f0de09ee000,0x00007f0de0aef000] [id=9371]

Stack: [0x00007f0de09ee000,0x00007f0de0aef000],  sp=0x00007f0de0aed140,  free space=1020k
Native frames: (J=compiled Java code, j=interpreted, Vv=VM code, C=native code)
V  [libjvm.so+0x9a320a]  VMError::report_and_die()+0x2ea
V  [libjvm.so+0x498d3b]  report_vm_out_of_memory(char const*, int, unsigned long, char const*)+0x9b
V  [libjvm.so+0x82191e]  os::Linux::commit_memory_impl(char*, unsigned long, bool)+0xfe
V  [libjvm.so+0x821e69]  os::pd_commit_memory(char*, unsigned long, unsigned long, bool)+0x29
V  [libjvm.so+0x81bb6a]  os::commit_memory(char*, unsigned long, unsigned long, bool)+0x2a
V  [libjvm.so+0x88d623]  PSVirtualSpace::expand_by(unsigned long)+0x53
V  [libjvm.so+0x88e9f8]  PSYoungGen::resize_generation(unsigned long, unsigned long)+0xf8
V  [libjvm.so+0x88db62]  PSYoungGen::resize(unsigned long, unsigned long)+0x22
V  [libjvm.so+0x88af1d]  PSScavenge::invoke_no_policy()+0xf3d
V  [libjvm.so+0x88b761]  PSScavenge::invoke()+0x41
V  [libjvm.so+0x843f40]  ParallelScavengeHeap::failed_mem_allocate(unsigned long)+0x70
V  [libjvm.so+0x9a4a97]  VM_ParallelGCFailedAllocation::doit()+0x97
V  [libjvm.so+0x9abf35]  VM_Operation::evaluate()+0x55
V  [libjvm.so+0x9aa2fa]  VMThread::evaluate_operation(VM_Operation*)+0xba
V  [libjvm.so+0x9aa67e]  VMThread::loop()+0x1ce
V  [libjvm.so+0x9aaaf0]  VMThread::run()+0x70
V  [libjvm.so+0x8238c8]  java_start(Thread*)+0x108

VM_Operation (0x00007f0dcf581590): ParallelGCFailedAllocation, mode: safepoint, requested by thread 0x00007f0ddcb4b000


---------------  P R O C E S S  ---------------

Java Threads: ( => current thread )
  0x00007f0dc8008800 JavaThread "block-manager-slave-async-thread-pool-4" daemon [_thread_blocked, id=9492, stack(0x00007f0dc76f7000,0x00007f0dc77f8000)]
  0x00007f0ddc93d800 JavaThread "block-manager-slave-async-thread-pool-3" daemon [_thread_blocked, id=9491, stack(0x00007f0dc77f8000,0x00007f0dc78f9000)]
  0x00007f0d9401a000 JavaThread "task-result-getter-3" daemon [_thread_blocked, id=9462, stack(0x00007f0dc78f9000,0x00007f0dc79fa000)]
  0x00007f0d94019000 JavaThread "task-result-getter-2" daemon [_thread_blocked, id=9461, stack(0x00007f0dc79fa000,0x00007f0dc7afb000)]
  0x00007f0dd001f000 JavaThread "block-manager-ask-thread-pool-1" daemon [_thread_blocked, id=9460, stack(0x00007f0dc7afb000,0x00007f0dc7bfc000)]
  0x00007f0db8004800 JavaThread "block-manager-slave-async-thread-pool-2" daemon [_thread_blocked, id=9459, stack(0x00007f0dc7bfc000,0x00007f0dc7cfd000)]
  0x00007f0db8003000 JavaThread "block-manager-slave-async-thread-pool-1" daemon [_thread_blocked, id=9458, stack(0x00007f0dc7cfd000,0x00007f0dc7dfe000)]
  0x00007f0d90032000 JavaThread "block-manager-ask-thread-pool-0" daemon [_thread_blocked, id=9457, stack(0x00007f0dc7dfe000,0x00007f0dc7eff000)]
  0x00007f0d94018000 JavaThread "block-manager-slave-async-thread-pool-0" daemon [_thread_blocked, id=9456, stack(0x00007f0dc7eff000,0x00007f0dc8000000)]
  0x00007f0d90030800 JavaThread "task-result-getter-1" daemon [_thread_blocked, id=9431, stack(0x00007f0dcc0e1000,0x00007f0dcc1e2000)]
  0x00007f0d9002e800 JavaThread "task-result-getter-0" daemon [_thread_blocked, id=9430, stack(0x00007f0dcc1e2000,0x00007f0dcc2e3000)]
  0x00007f0db401b000 JavaThread "Keep-Alive-Timer" daemon [_thread_blocked, id=9427, stack(0x00007f0dcc2e3000,0x00007f0dcc3e4000)]
  0x00007f0d9002d000 JavaThread "Executor task launch worker-0" daemon [_thread_blocked, id=9426, stack(0x00007f0dcc3e4000,0x00007f0dcc4e5000)]
  0x00007f0ddd139800 JavaThread "process reaper" daemon [_thread_blocked, id=9424, stack(0x00007f0dd408b000,0x00007f0dd40c4000)]
  0x00007f0ddd032800 JavaThread "SparkListenerBus" daemon [_thread_blocked, id=9422, stack(0x00007f0dcc737000,0x00007f0dcc838000)]
  0x00007f0ddd031000 JavaThread "Spark Context Cleaner" daemon [_thread_blocked, id=9421, stack(0x00007f0dcc838000,0x00007f0dcc939000)]
  0x00007f0ddcf61800 JavaThread "shuffle-server-0" daemon [_thread_blocked, id=9420, stack(0x00007f0dcc939000,0x00007f0dcca3a000)]
  0x00007f0ddce73800 JavaThread "driver-heartbeater" daemon [_thread_blocked, id=9418, stack(0x00007f0dcca3a000,0x00007f0dccb3b000)]
  0x00007f0ddce6d000 JavaThread "dag-scheduler-event-loop" daemon [_thread_blocked, id=9417, stack(0x00007f0dccb3b000,0x00007f0dccc3c000)]
  0x00007f0ddce51000 JavaThread "Timer-0" daemon [_thread_blocked, id=9416, stack(0x00007f0dccc3c000,0x00007f0dccd3d000)]
  0x00007f0d9400b000 JavaThread "heartbeat-receiver-event-loop-thread" daemon [_thread_blocked, id=9415, stack(0x00007f0dccd3d000,0x00007f0dcce3e000)]
  0x00007f0ddce30800 JavaThread "qtp1394016319-46" daemon [_thread_blocked, id=9414, stack(0x00007f0dcce3e000,0x00007f0dccf3f000)]
  0x00007f0ddce2e800 JavaThread "qtp1394016319-45" daemon [_thread_blocked, id=9413, stack(0x00007f0dccf3f000,0x00007f0dcd040000)]
  0x00007f0ddce2c800 JavaThread "qtp1394016319-44" daemon [_thread_blocked, id=9412, stack(0x00007f0dcd040000,0x00007f0dcd141000)]
  0x00007f0ddce2b000 JavaThread "qtp1394016319-43" daemon [_thread_blocked, id=9411, stack(0x00007f0dcd141000,0x00007f0dcd242000)]
  0x00007f0ddce29800 JavaThread "qtp1394016319-42" daemon [_thread_blocked, id=9410, stack(0x00007f0dcd242000,0x00007f0dcd343000)]
  0x00007f0ddce28000 JavaThread "qtp1394016319-41" daemon [_thread_blocked, id=9409, stack(0x00007f0dcd343000,0x00007f0dcd444000)]
  0x00007f0ddce26800 JavaThread "qtp1394016319-40 Acceptor0 SelectChannelConnector@0.0.0.0:4040" daemon [_thread_in_native, id=9408, stack(0x00007f0dcd444000,0x00007f0dcd545000)]
  0x00007f0ddce23800 JavaThread "qtp1394016319-39 Selector0" daemon [_thread_blocked, id=9407, stack(0x00007f0dcd545000,0x00007f0dcd646000)]
  0x00007f0ddcd09000 JavaThread "refresh progress" daemon [_thread_blocked, id=9406, stack(0x00007f0dcdc6a000,0x00007f0dcdd6b000)]
  0x00007f0ddcd04000 JavaThread "SPARK_CONTEXT cleanup timer" daemon [_thread_blocked, id=9405, stack(0x00007f0dcdd6b000,0x00007f0dcde6c000)]
  0x00007f0ddcced800 JavaThread "qtp1551864140-35" daemon [_thread_blocked, id=9404, stack(0x00007f0dcde6c000,0x00007f0dcdf6d000)]
  0x00007f0ddcceb000 JavaThread "qtp1551864140-34" daemon [_thread_blocked, id=9403, stack(0x00007f0dcdf6d000,0x00007f0dce06e000)]
  0x00007f0ddcce9000 JavaThread "qtp1551864140-33" daemon [_thread_blocked, id=9402, stack(0x00007f0dce06e000,0x00007f0dce16f000)]
  0x00007f0ddcce7000 JavaThread "qtp1551864140-32" daemon [_thread_blocked, id=9401, stack(0x00007f0dce16f000,0x00007f0dce270000)]
  0x00007f0ddcce5000 JavaThread "qtp1551864140-31" daemon [_thread_blocked, id=9400, stack(0x00007f0dce270000,0x00007f0dce371000)]
  0x00007f0ddcce3000 JavaThread "qtp1551864140-30" daemon [_thread_blocked, id=9399, stack(0x00007f0dce371000,0x00007f0dce472000)]
  0x00007f0ddcce2000 JavaThread "qtp1551864140-29" daemon [_thread_in_native, id=9398, stack(0x00007f0dce472000,0x00007f0dce573000)]
  0x00007f0ddcce1000 JavaThread "qtp1551864140-28 Acceptor0 SocketConnector@0.0.0.0:42841" daemon [_thread_in_native, id=9397, stack(0x00007f0dce573000,0x00007f0dce674000)]
  0x00007f0ddcc7c800 JavaThread "BROADCAST_VARS cleanup timer" daemon [_thread_blocked, id=9396, stack(0x00007f0dce674000,0x00007f0dce775000)]
  0x00007f0ddcc3c800 JavaThread "BLOCK_MANAGER cleanup timer" daemon [_thread_blocked, id=9395, stack(0x00007f0dce775000,0x00007f0dce876000)]
  0x00007f0ddcc1d800 JavaThread "MAP_OUTPUT_TRACKER cleanup timer" daemon [_thread_blocked, id=9394, stack(0x00007f0dce876000,0x00007f0dce977000)]
  0x00007f0d8c0c8800 JavaThread "New I/O server boss #6" daemon [_thread_in_native, id=9393, stack(0x00007f0dce977000,0x00007f0dcea78000)]
  0x00007f0d8c0b7800 JavaThread "New I/O worker #5" daemon [_thread_blocked, id=9392, stack(0x00007f0dcea78000,0x00007f0dceb79000)]
  0x00007f0d8c07b000 JavaThread "New I/O worker #4" daemon [_thread_blocked, id=9391, stack(0x00007f0dceb79000,0x00007f0dcec7a000)]
  0x00007f0d8c07e000 JavaThread "New I/O boss #3" daemon [_thread_blocked, id=9390, stack(0x00007f0dcec7a000,0x00007f0dced7b000)]
  0x00007f0d8c03a000 JavaThread "New I/O worker #2" daemon [_thread_blocked, id=9389, stack(0x00007f0dced7b000,0x00007f0dcee7c000)]
  0x00007f0d8c025800 JavaThread "New I/O worker #1" daemon [_thread_blocked, id=9388, stack(0x00007f0dcee7c000,0x00007f0dcef7d000)]
  0x00007f0ddcbf3800 JavaThread "sparkDriver-akka.remote.default-remote-dispatcher-6" daemon [_thread_blocked, id=9387, stack(0x00007f0dcef7d000,0x00007f0dcf07e000)]
  0x00007f0d90006800 JavaThread "sparkDriver-akka.remote.default-remote-dispatcher-5" daemon [_thread_blocked, id=9386, stack(0x00007f0dcf07e000,0x00007f0dcf17f000)]
  0x00007f0d94008000 JavaThread "sparkDriver-akka.actor.default-dispatcher-4" daemon [_thread_blocked, id=9385, stack(0x00007f0dcf17f000,0x00007f0dcf280000)]
  0x00007f0ddcbbd800 JavaThread "sparkDriver-akka.actor.default-dispatcher-3" daemon [_thread_blocked, id=9384, stack(0x00007f0dcf280000,0x00007f0dcf381000)]
  0x00007f0ddcbb4000 JavaThread "sparkDriver-akka.actor.default-dispatcher-2" daemon [_thread_blocked, id=9383, stack(0x00007f0dcf381000,0x00007f0dcf482000)]
  0x00007f0ddcb4b000 JavaThread "sparkDriver-scheduler-1" daemon [_thread_blocked, id=9382, stack(0x00007f0dcf482000,0x00007f0dcf583000)]
  0x00007f0ddc0c8800 JavaThread "Service Thread" daemon [_thread_blocked, id=9377, stack(0x00007f0de03e8000,0x00007f0de04e9000)]
  0x00007f0ddc0c6000 JavaThread "C2 CompilerThread1" daemon [_thread_blocked, id=9376, stack(0x00007f0de04e9000,0x00007f0de05ea000)]
  0x00007f0ddc0c3000 JavaThread "C2 CompilerThread0" daemon [_thread_blocked, id=9375, stack(0x00007f0de05ea000,0x00007f0de06eb000)]
  0x00007f0ddc0c1000 JavaThread "Signal Dispatcher" daemon [_thread_blocked, id=9374, stack(0x00007f0de06eb000,0x00007f0de07ec000)]
  0x00007f0ddc09f000 JavaThread "Finalizer" daemon [_thread_blocked, id=9373, stack(0x00007f0de07ec000,0x00007f0de08ed000)]
  0x00007f0ddc09d000 JavaThread "Reference Handler" daemon [_thread_blocked, id=9372, stack(0x00007f0de08ed000,0x00007f0de09ee000)]
  0x00007f0ddc010800 JavaThread "main" [_thread_blocked, id=9366, stack(0x00007f0de5b6f000,0x00007f0de5c70000)]

Other Threads:
=>0x00007f0ddc098800 VMThread [stack: 0x00007f0de09ee000,0x00007f0de0aef000] [id=9371]
  0x00007f0ddc0e3800 WatcherThread [stack: 0x00007f0de02e7000,0x00007f0de03e8000] [id=9378]

VM state:at safepoint (normal execution)

VM Mutex/Monitor currently owned by a thread:  ([mutex/lock_event])
[0x00007f0ddc00cee0] Threads_lock - owner thread: 0x00007f0ddc098800
[0x00007f0ddc00d3e0] Heap_lock - owner thread: 0x00007f0ddcb4b000

Heap
 PSYoungGen      total 533504K, used 6319K [0x00000007d6e00000, 0x00000007f8900000, 0x0000000800000000)
  eden space 515584K, 0% used [0x00000007d6e00000,0x00000007d6e00000,0x00000007f6580000)
  from space 17920K, 35% used [0x00000007f6580000,0x00000007f6babe68,0x00000007f7700000)
  to   space 17408K, 0% used [0x00000007f7700000,0x00000007f7700000,0x00000007f8800000)
 ParOldGen       total 83968K, used 32790K [0x0000000784a00000, 0x0000000789c00000, 0x00000007d6e00000)
  object space 83968K, 39% used [0x0000000784a00000,0x0000000786a05ad8,0x0000000789c00000)
 PSPermGen       total 53760K, used 53656K [0x000000077f800000, 0x0000000782c80000, 0x0000000784a00000)
  object space 53760K, 99% used [0x000000077f800000,0x0000000782c66050,0x0000000782c80000)

Card table byte_map: [0x00007f0de2a5b000,0x00007f0de2e60000] byte_map_base: 0x00007f0ddee5f000

Polling page: 0x00007f0de5c90000

Code Cache  [0x00007f0dd9000000, 0x00007f0dd9380000, 0x00007f0ddc000000)
 total_blobs=2034 nmethods=1485 adapters=501 free_code_cache=45663Kb largest_free_block=46690048

Compilation events (10 events):
Event: 9,045 Thread 0x00007f0ddc0c6000 nmethod 1604 0x00007f0dd9366790 code [0x00007f0dd93668e0, 0x00007f0dd9366a58]
Event: 9,045 Thread 0x00007f0ddc0c6000 1605             uis.cipsi.incognito.informationLoss.InformationLoss$$anonfun$distance$4::apply (7 bytes)
Event: 9,046 Thread 0x00007f0ddc0c6000 nmethod 1605 0x00007f0dd9366590 code [0x00007f0dd93666c0, 0x00007f0dd9366718]
Event: 9,046 Thread 0x00007f0ddc0c6000 1606             uis.cipsi.incognito.informationLoss.InformationLoss$$anonfun$distance$4::apply$mcDDD$sp (4 bytes)
Event: 9,046 Thread 0x00007f0ddc0c6000 nmethod 1606 0x00007f0dd9366390 code [0x00007f0dd93664c0, 0x00007f0dd9366518]
Event: 9,179 Thread 0x00007f0ddc0c3000 nmethod 1588 0x00007f0dd9371450 code [0x00007f0dd93719a0, 0x00007f0dd93750f8]
Event: 9,180 Thread 0x00007f0ddc0c6000 1607             java.util.zip.Inflater::finalize (5 bytes)
Event: 9,181 Thread 0x00007f0ddc0c6000 nmethod 1607 0x00007f0dd936f390 code [0x00007f0dd936f4e0, 0x00007f0dd936f868]
Event: 9,188 Thread 0x00007f0ddc0c6000 1609             java.lang.Thread::isInterrupted (6 bytes)
Event: 9,189 Thread 0x00007f0ddc0c6000 nmethod 1609 0x00007f0dd936f9d0 code [0x00007f0dd936fb20, 0x00007f0dd936fbc8]

GC Heap History (10 events):
Event: 3,236 GC heap after
Heap after GC invocations=4 (full 0):
 PSYoungGen      total 134144K, used 5117K [0x00000007d6e00000, 0x00000007df600000, 0x0000000800000000)
  eden space 129024K, 0% used [0x00000007d6e00000,0x00000007d6e00000,0x00000007dec00000)
  from space 5120K, 99% used [0x00000007df100000,0x00000007df5ff670,0x00000007df600000)
  to   space 5120K, 0% used [0x00000007dec00000,0x00000007dec00000,0x00000007df100000)
 ParOldGen       total 83968K, used 14676K [0x0000000784a00000, 0x0000000789c00000, 0x00000007d6e00000)
  object space 83968K, 17% used [0x0000000784a00000,0x0000000785855298,0x0000000789c00000)
 PSPermGen       total 35840K, used 35383K [0x000000077f800000, 0x0000000781b00000, 0x0000000784a00000)
  object space 35840K, 98% used [0x000000077f800000,0x0000000781a8dce8,0x0000000781b00000)
}
Event: 4,694 GC heap before
{Heap before GC invocations=5 (full 0):
 PSYoungGen      total 134144K, used 134141K [0x00000007d6e00000, 0x00000007df600000, 0x0000000800000000)
  eden space 129024K, 100% used [0x00000007d6e00000,0x00000007dec00000,0x00000007dec00000)
  from space 5120K, 99% used [0x00000007df100000,0x00000007df5ff670,0x00000007df600000)
  to   space 5120K, 0% used [0x00000007dec00000,0x00000007dec00000,0x00000007df100000)
 ParOldGen       total 83968K, used 14676K [0x0000000784a00000, 0x0000000789c00000, 0x00000007d6e00000)
  object space 83968K, 17% used [0x0000000784a00000,0x0000000785855298,0x0000000789c00000)
 PSPermGen       total 48128K, used 48092K [0x000000077f800000, 0x0000000782700000, 0x0000000784a00000)
  object space 48128K, 99% used [0x000000077f800000,0x00000007826f7048,0x0000000782700000)
Event: 4,785 GC heap after
Heap after GC invocations=5 (full 0):
 PSYoungGen      total 134144K, used 5097K [0x00000007d6e00000, 0x00000007e8e00000, 0x0000000800000000)
  eden space 129024K, 0% used [0x00000007d6e00000,0x00000007d6e00000,0x00000007dec00000)
  from space 5120K, 99% used [0x00000007dec00000,0x00000007df0fa6c0,0x00000007df100000)
  to   space 18432K, 0% used [0x00000007e7c00000,0x00000007e7c00000,0x00000007e8e00000)
 ParOldGen       total 83968K, used 25511K [0x0000000784a00000, 0x0000000789c00000, 0x00000007d6e00000)
  object space 83968K, 30% used [0x0000000784a00000,0x00000007862e9da8,0x0000000789c00000)
 PSPermGen       total 48128K, used 48092K [0x000000077f800000, 0x0000000782700000, 0x0000000784a00000)
  object space 48128K, 99% used [0x000000077f800000,0x00000007826f7048,0x0000000782700000)
}
Event: 5,765 GC heap before
{Heap before GC invocations=6 (full 0):
 PSYoungGen      total 134144K, used 134121K [0x00000007d6e00000, 0x00000007e8e00000, 0x0000000800000000)
  eden space 129024K, 100% used [0x00000007d6e00000,0x00000007dec00000,0x00000007dec00000)
  from space 5120K, 99% used [0x00000007dec00000,0x00000007df0fa6c0,0x00000007df100000)
  to   space 18432K, 0% used [0x00000007e7c00000,0x00000007e7c00000,0x00000007e8e00000)
 ParOldGen       total 83968K, used 25511K [0x0000000784a00000, 0x0000000789c00000, 0x00000007d6e00000)
  object space 83968K, 30% used [0x0000000784a00000,0x00000007862e9da8,0x0000000789c00000)
 PSPermGen       total 51712K, used 51652K [0x000000077f800000, 0x0000000782a80000, 0x0000000784a00000)
  object space 51712K, 99% used [0x000000077f800000,0x0000000782a71270,0x0000000782a80000)
Event: 5,806 GC heap after
Heap after GC invocations=6 (full 0):
 PSYoungGen      total 273408K, used 10210K [0x00000007d6e00000, 0x00000007e8b00000, 0x0000000800000000)
  eden space 258048K, 0% used [0x00000007d6e00000,0x00000007d6e00000,0x00000007e6a00000)
  from space 15360K, 66% used [0x00000007e7c00000,0x00000007e85f89a0,0x00000007e8b00000)
  to   space 16896K, 0% used [0x00000007e6a00000,0x00000007e6a00000,0x00000007e7a80000)
 ParOldGen       total 83968K, used 25511K [0x0000000784a00000, 0x0000000789c00000, 0x00000007d6e00000)
  object space 83968K, 30% used [0x0000000784a00000,0x00000007862e9da8,0x0000000789c00000)
 PSPermGen       total 51712K, used 51652K [0x000000077f800000, 0x0000000782a80000, 0x0000000784a00000)
  object space 51712K, 99% used [0x000000077f800000,0x0000000782a71270,0x0000000782a80000)
}
Event: 8,229 GC heap before
{Heap before GC invocations=7 (full 0):
 PSYoungGen      total 273408K, used 267030K [0x00000007d6e00000, 0x00000007e8b00000, 0x0000000800000000)
  eden space 258048K, 99% used [0x00000007d6e00000,0x00000007e68cd058,0x00000007e6a00000)
  from space 15360K, 66% used [0x00000007e7c00000,0x00000007e85f89a0,0x00000007e8b00000)
  to   space 16896K, 0% used [0x00000007e6a00000,0x00000007e6a00000,0x00000007e7a80000)
 ParOldGen       total 83968K, used 25511K [0x0000000784a00000, 0x0000000789c00000, 0x00000007d6e00000)
  object space 83968K, 30% used [0x0000000784a00000,0x00000007862e9da8,0x0000000789c00000)
 PSPermGen       total 53760K, used 53429K [0x000000077f800000, 0x0000000782c80000, 0x0000000784a00000)
  object space 53760K, 99% used [0x000000077f800000,0x0000000782c2d7e0,0x0000000782c80000)
Event: 8,380 GC heap after
Heap after GC invocations=7 (full 0):
 PSYoungGen      total 274944K, used 12669K [0x00000007d6e00000, 0x00000007f8800000, 0x0000000800000000)
  eden space 258048K, 0% used [0x00000007d6e00000,0x00000007d6e00000,0x00000007e6a00000)
  from space 16896K, 74% used [0x00000007e6a00000,0x00000007e765f788,0x00000007e7a80000)
  to   space 17408K, 0% used [0x00000007f7700000,0x00000007f7700000,0x00000007f8800000)
 ParOldGen       total 83968K, used 27047K [0x0000000784a00000, 0x0000000789c00000, 0x00000007d6e00000)
  object space 83968K, 32% used [0x0000000784a00000,0x0000000786469ce0,0x0000000789c00000)
 PSPermGen       total 53760K, used 53429K [0x000000077f800000, 0x0000000782c80000, 0x0000000784a00000)
  object space 53760K, 99% used [0x000000077f800000,0x0000000782c2d7e0,0x0000000782c80000)
}
Event: 9,049 GC heap before
{Heap before GC invocations=8 (full 0):
 PSYoungGen      total 274944K, used 270717K [0x00000007d6e00000, 0x00000007f8800000, 0x0000000800000000)
  eden space 258048K, 100% used [0x00000007d6e00000,0x00000007e6a00000,0x00000007e6a00000)
  from space 16896K, 74% used [0x00000007e6a00000,0x00000007e765f788,0x00000007e7a80000)
  to   space 17408K, 0% used [0x00000007f7700000,0x00000007f7700000,0x00000007f8800000)
 ParOldGen       total 83968K, used 27047K [0x0000000784a00000, 0x0000000789c00000, 0x00000007d6e00000)
  object space 83968K, 32% used [0x0000000784a00000,0x0000000786469ce0,0x0000000789c00000)
 PSPermGen       total 53760K, used 53655K [0x000000077f800000, 0x0000000782c80000, 0x0000000784a00000)
  object space 53760K, 99% used [0x000000077f800000,0x0000000782c65e40,0x0000000782c80000)
Event: 9,175 GC heap after
Heap after GC invocations=8 (full 0):
 PSYoungGen      total 532992K, used 13425K [0x00000007d6e00000, 0x00000007f8900000, 0x0000000800000000)
  eden space 515584K, 0% used [0x00000007d6e00000,0x00000007d6e00000,0x00000007f6580000)
  from space 17408K, 77% used [0x00000007f7700000,0x00000007f841c458,0x00000007f8800000)
  to   space 17920K, 0% used [0x00000007f6580000,0x00000007f6580000,0x00000007f7700000)
 ParOldGen       total 83968K, used 29044K [0x0000000784a00000, 0x0000000789c00000, 0x00000007d6e00000)
  object space 83968K, 34% used [0x0000000784a00000,0x000000078665d1f0,0x0000000789c00000)
 PSPermGen       total 53760K, used 53655K [0x000000077f800000, 0x0000000782c80000, 0x0000000784a00000)
  object space 53760K, 99% used [0x000000077f800000,0x0000000782c65e40,0x0000000782c80000)
}
Event: 10,474 GC heap before
{Heap before GC invocations=9 (full 0):
 PSYoungGen      total 532992K, used 529009K [0x00000007d6e00000, 0x00000007f8900000, 0x0000000800000000)
  eden space 515584K, 100% used [0x00000007d6e00000,0x00000007f6580000,0x00000007f6580000)
  from space 17408K, 77% used [0x00000007f7700000,0x00000007f841c458,0x00000007f8800000)
  to   space 17920K, 0% used [0x00000007f6580000,0x00000007f6580000,0x00000007f7700000)
 ParOldGen       total 83968K, used 29044K [0x0000000784a00000, 0x0000000789c00000, 0x00000007d6e00000)
  object space 83968K, 34% used [0x0000000784a00000,0x000000078665d1f0,0x0000000789c00000)
 PSPermGen       total 53760K, used 53656K [0x000000077f800000, 0x0000000782c80000, 0x0000000784a00000)
  object space 53760K, 99% used [0x000000077f800000,0x0000000782c66050,0x0000000782c80000)

Deoptimization events (10 events):
Event: 9,003 Thread 0x00007f0d9002d000 Uncommon trap: reason=unstable_if action=reinterpret pc=0x00007f0dd920fa6c method=scala.math.Ordering$DoubleOrdering$class.lt(Lscala/math/Ordering$DoubleOrdering;DD)Z @ 3
Event: 9,003 Thread 0x00007f0d9002d000 Uncommon trap: reason=unstable_if action=reinterpret pc=0x00007f0dd91a3454 method=scala.math.Ordering$DoubleOrdering$class.lt(Lscala/math/Ordering$DoubleOrdering;DD)Z @ 3
Event: 9,003 Thread 0x00007f0d9002d000 Uncommon trap: reason=unstable_if action=reinterpret pc=0x00007f0dd91a2d94 method=scala.math.Ordering$DoubleOrdering$class.lt(Lscala/math/Ordering$DoubleOrdering;DD)Z @ 3
Event: 9,003 Thread 0x00007f0d9002d000 Uncommon trap: reason=unstable_if action=reinterpret pc=0x00007f0dd91f1a90 method=scala.math.Ordering$DoubleOrdering$class.lt(Lscala/math/Ordering$DoubleOrdering;DD)Z @ 3
Event: 9,003 Thread 0x00007f0d9002d000 Uncommon trap: reason=unstable_if action=reinterpret pc=0x00007f0dd91f1570 method=scala.math.Ordering$DoubleOrdering$class.lt(Lscala/math/Ordering$DoubleOrdering;DD)Z @ 3
Event: 9,003 Thread 0x00007f0d9002d000 Uncommon trap: reason=unstable_if action=reinterpret pc=0x00007f0dd91a5c70 method=scala.math.Ordering$DoubleOrdering$class.lt(Lscala/math/Ordering$DoubleOrdering;DD)Z @ 3
Event: 9,003 Thread 0x00007f0d9002d000 Uncommon trap: reason=unstable_if action=reinterpret pc=0x00007f0dd91a583c method=scala.math.Ordering$DoubleOrdering$class.lt(Lscala/math/Ordering$DoubleOrdering;DD)Z @ 3
Event: 9,003 Thread 0x00007f0d9002d000 Uncommon trap: reason=unstable_if action=reinterpret pc=0x00007f0dd9114ff0 method=scala.math.Ordering$DoubleOrdering$class.lt(Lscala/math/Ordering$DoubleOrdering;DD)Z @ 3
Event: 9,003 Thread 0x00007f0d9002d000 Uncommon trap: reason=unstable_if action=reinterpret pc=0x00007f0dd9092cac method=scala.math.Ordering$DoubleOrdering$class.lt(Lscala/math/Ordering$DoubleOrdering;DD)Z @ 3
Event: 9,003 Thread 0x00007f0d9002d000 Uncommon trap: reason=unstable_if action=reinterpret pc=0x00007f0dd9173e8c method=scala.math.Ordering$DoubleOrdering$class.lt(Lscala/math/Ordering$DoubleOrdering;DD)Z @ 3

Internal exceptions (10 events):
Event: 8,985 Thread 0x00007f0ddc010800 Threw 0x00000007e4619f50 at /HUDSON/workspace/7u-2-build-linux-amd64/jdk7u80/2329/hotspot/src/share/vm/prims/jvm.cpp:1319
Event: 8,986 Thread 0x00007f0ddc010800 Threw 0x00000007e461dc20 at /HUDSON/workspace/7u-2-build-linux-amd64/jdk7u80/2329/hotspot/src/share/vm/prims/jvm.cpp:1319
Event: 8,986 Thread 0x00007f0ddc010800 Threw 0x00000007e4624320 at /HUDSON/workspace/7u-2-build-linux-amd64/jdk7u80/2329/hotspot/src/share/vm/prims/jvm.cpp:1319
Event: 8,988 Thread 0x00007f0ddc010800 Threw 0x00000007e46623d0 at /HUDSON/workspace/7u-2-build-linux-amd64/jdk7u80/2329/hotspot/src/share/vm/prims/jvm.cpp:1319
Event: 8,988 Thread 0x00007f0ddc010800 Threw 0x00000007e4666a08 at /HUDSON/workspace/7u-2-build-linux-amd64/jdk7u80/2329/hotspot/src/share/vm/prims/jvm.cpp:1319
Event: 8,989 Thread 0x00007f0ddc010800 Threw 0x00000007e4696df8 at /HUDSON/workspace/7u-2-build-linux-amd64/jdk7u80/2329/hotspot/src/share/vm/prims/jvm.cpp:1319
Event: 8,992 Thread 0x00007f0ddc010800 Threw 0x00000007e471b698 at /HUDSON/workspace/7u-2-build-linux-amd64/jdk7u80/2329/hotspot/src/share/vm/prims/jni.cpp:1632
Event: 9,002 Thread 0x00007f0d9002d000 Threw 0x00000007e38f8500 at /HUDSON/workspace/7u-2-build-linux-amd64/jdk7u80/2329/hotspot/src/share/vm/prims/jvm.cpp:1319
Event: 9,003 Thread 0x00007f0d9002d000 Threw 0x00000007e390ecc0 at /HUDSON/workspace/7u-2-build-linux-amd64/jdk7u80/2329/hotspot/src/share/vm/prims/jvm.cpp:1319
Event: 9,031 Thread 0x00007f0d9002d000 Threw 0x00000007e58b5000 at /HUDSON/workspace/7u-2-build-linux-amd64/jdk7u80/2329/hotspot/src/share/vm/prims/jvm.cpp:1319

Events (10 events):
Event: 9,003 Thread 0x00007f0d9002d000 DEOPT PACKING pc=0x00007f0dd9092cac sp=0x00007f0dcc4e2770
Event: 9,003 Thread 0x00007f0d9002d000 DEOPT UNPACKING pc=0x00007f0dd9039445 sp=0x00007f0dcc4e26b0 mode 2
Event: 9,003 Thread 0x00007f0d9002d000 Uncommon trap: trap_request=0xffffff75 fr.pc=0x00007f0dd9173e8c
Event: 9,003 Thread 0x00007f0d9002d000 DEOPT PACKING pc=0x00007f0dd9173e8c sp=0x00007f0dcc4e26f0
Event: 9,003 Thread 0x00007f0d9002d000 DEOPT UNPACKING pc=0x00007f0dd9039445 sp=0x00007f0dcc4e26a8 mode 2
Event: 9,031 loading class 0x00007f0ddc941480
Event: 9,031 loading class 0x00007f0ddc941480 done
Event: 9,049 Executing VM operation: ParallelGCFailedAllocation
Event: 9,175 Executing VM operation: ParallelGCFailedAllocation done
Event: 10,469 Executing VM operation: ParallelGCFailedAllocation


Dynamic libraries:
00400000-00401000 r-xp 00000000 fc:01 12200875                           /usr/lib/jvm/java-7-oracle/bin/java
00600000-00601000 rw-p 00000000 fc:01 12200875                           /usr/lib/jvm/java-7-oracle/bin/java
02437000-02458000 rw-p 00000000 00:00 0                                  [heap]
77f800000-782c80000 rw-p 00000000 00:00 0 
782c80000-784a00000 rw-p 00000000 00:00 0 
784a00000-789c00000 rw-p 00000000 00:00 0 
789c00000-7d6e00000 rw-p 00000000 00:00 0 
7d6e00000-7f8900000 rw-p 00000000 00:00 0 
7f0d50000000-7f0d50021000 rw-p 00000000 00:00 0 
7f0d50021000-7f0d54000000 ---p 00000000 00:00 0 
7f0d58000000-7f0d58029000 rw-p 00000000 00:00 0 
7f0d58029000-7f0d5c000000 ---p 00000000 00:00 0 
7f0d5c000000-7f0d5c021000 rw-p 00000000 00:00 0 
7f0d5c021000-7f0d60000000 ---p 00000000 00:00 0 
7f0d60000000-7f0d60021000 rw-p 00000000 00:00 0 
7f0d60021000-7f0d64000000 ---p 00000000 00:00 0 
7f0d64000000-7f0d64021000 rw-p 00000000 00:00 0 
7f0d64021000-7f0d68000000 ---p 00000000 00:00 0 
7f0d68000000-7f0d68021000 rw-p 00000000 00:00 0 
7f0d68021000-7f0d6c000000 ---p 00000000 00:00 0 
7f0d6c000000-7f0d6c021000 rw-p 00000000 00:00 0 
7f0d6c021000-7f0d70000000 ---p 00000000 00:00 0 
7f0d70000000-7f0d70021000 rw-p 00000000 00:00 0 
7f0d70021000-7f0d74000000 ---p 00000000 00:00 0 
7f0d74000000-7f0d74021000 rw-p 00000000 00:00 0 
7f0d74021000-7f0d78000000 ---p 00000000 00:00 0 
7f0d78000000-7f0d78021000 rw-p 00000000 00:00 0 
7f0d78021000-7f0d7c000000 ---p 00000000 00:00 0 
7f0d7c000000-7f0d7c021000 rw-p 00000000 00:00 0 
7f0d7c021000-7f0d80000000 ---p 00000000 00:00 0 
7f0d80000000-7f0d80021000 rw-p 00000000 00:00 0 
7f0d80021000-7f0d84000000 ---p 00000000 00:00 0 
7f0d84000000-7f0d84021000 rw-p 00000000 00:00 0 
7f0d84021000-7f0d88000000 ---p 00000000 00:00 0 
7f0d88000000-7f0d88021000 rw-p 00000000 00:00 0 
7f0d88021000-7f0d8c000000 ---p 00000000 00:00 0 
7f0d8c000000-7f0d8c278000 rw-p 00000000 00:00 0 
7f0d8c278000-7f0d90000000 ---p 00000000 00:00 0 
7f0d90000000-7f0d90034000 rw-p 00000000 00:00 0 
7f0d90034000-7f0d94000000 ---p 00000000 00:00 0 
7f0d94000000-7f0d94023000 rw-p 00000000 00:00 0 
7f0d94023000-7f0d98000000 ---p 00000000 00:00 0 
7f0d98000000-7f0d98021000 rw-p 00000000 00:00 0 
7f0d98021000-7f0d9c000000 ---p 00000000 00:00 0 
7f0d9c000000-7f0d9c081000 rw-p 00000000 00:00 0 
7f0d9c081000-7f0da0000000 ---p 00000000 00:00 0 
7f0da0000000-7f0da2033000 rw-p 00000000 00:00 0 
7f0da2033000-7f0da4000000 ---p 00000000 00:00 0 
7f0da4000000-7f0da4021000 rw-p 00000000 00:00 0 
7f0da4021000-7f0da8000000 ---p 00000000 00:00 0 
7f0da8000000-7f0da8021000 rw-p 00000000 00:00 0 
7f0da8021000-7f0dac000000 ---p 00000000 00:00 0 
7f0dac000000-7f0dadbef000 rw-p 00000000 00:00 0 
7f0dadbef000-7f0db0000000 ---p 00000000 00:00 0 
7f0db0000000-7f0db0021000 rw-p 00000000 00:00 0 
7f0db0021000-7f0db4000000 ---p 00000000 00:00 0 
7f0db4000000-7f0db41c6000 rw-p 00000000 00:00 0 
7f0db41c6000-7f0db8000000 ---p 00000000 00:00 0 
7f0db8000000-7f0db8021000 rw-p 00000000 00:00 0 
7f0db8021000-7f0dbc000000 ---p 00000000 00:00 0 
7f0dbc000000-7f0dbc252000 rw-p 00000000 00:00 0 
7f0dbc252000-7f0dc0000000 ---p 00000000 00:00 0 
7f0dc0000000-7f0dc0021000 rw-p 00000000 00:00 0 
7f0dc0021000-7f0dc4000000 ---p 00000000 00:00 0 
7f0dc75f6000-7f0dc75f9000 ---p 00000000 00:00 0 
7f0dc75f9000-7f0dc76f7000 rw-p 00000000 00:00 0 
7f0dc76f7000-7f0dc76fa000 ---p 00000000 00:00 0 
7f0dc76fa000-7f0dc77f8000 rw-p 00000000 00:00 0                          [stack:9492]
7f0dc77f8000-7f0dc77fb000 ---p 00000000 00:00 0 
7f0dc77fb000-7f0dc78f9000 rw-p 00000000 00:00 0                          [stack:9491]
7f0dc78f9000-7f0dc78fc000 ---p 00000000 00:00 0 
7f0dc78fc000-7f0dc79fa000 rw-p 00000000 00:00 0                          [stack:9462]
7f0dc79fa000-7f0dc79fd000 ---p 00000000 00:00 0 
7f0dc79fd000-7f0dc7afb000 rw-p 00000000 00:00 0                          [stack:9461]
7f0dc7afb000-7f0dc7afe000 ---p 00000000 00:00 0 
7f0dc7afe000-7f0dc7bfc000 rw-p 00000000 00:00 0                          [stack:9460]
7f0dc7bfc000-7f0dc7bff000 ---p 00000000 00:00 0 
7f0dc7bff000-7f0dc7cfd000 rw-p 00000000 00:00 0                          [stack:9459]
7f0dc7cfd000-7f0dc7d00000 ---p 00000000 00:00 0 
7f0dc7d00000-7f0dc7dfe000 rw-p 00000000 00:00 0                          [stack:9458]
7f0dc7dfe000-7f0dc7e01000 ---p 00000000 00:00 0 
7f0dc7e01000-7f0dc7eff000 rw-p 00000000 00:00 0                          [stack:9457]
7f0dc7eff000-7f0dc7f02000 ---p 00000000 00:00 0 
7f0dc7f02000-7f0dc8000000 rw-p 00000000 00:00 0                          [stack:9456]
7f0dc8000000-7f0dc8021000 rw-p 00000000 00:00 0 
7f0dc8021000-7f0dcc000000 ---p 00000000 00:00 0 
7f0dcc0e1000-7f0dcc0e4000 ---p 00000000 00:00 0 
7f0dcc0e4000-7f0dcc1e2000 rw-p 00000000 00:00 0                          [stack:9431]
7f0dcc1e2000-7f0dcc1e5000 ---p 00000000 00:00 0 
7f0dcc1e5000-7f0dcc2e3000 rw-p 00000000 00:00 0                          [stack:9430]
7f0dcc2e3000-7f0dcc2e6000 ---p 00000000 00:00 0 
7f0dcc2e6000-7f0dcc3e4000 rw-p 00000000 00:00 0                          [stack:9427]
7f0dcc3e4000-7f0dcc3e7000 ---p 00000000 00:00 0 
7f0dcc3e7000-7f0dcc4e5000 rw-p 00000000 00:00 0                          [stack:9426]
7f0dcc4e5000-7f0dcc522000 r-xp 00000000 fc:01 9175160                    /tmp/snappy-unknown-d5e5e2c0-75cc-40ad-87c2-094c8413d404-libsnappyjava.so
7f0dcc522000-7f0dcc722000 ---p 0003d000 fc:01 9175160                    /tmp/snappy-unknown-d5e5e2c0-75cc-40ad-87c2-094c8413d404-libsnappyjava.so
7f0dcc722000-7f0dcc725000 rw-p 0003d000 fc:01 9175160                    /tmp/snappy-unknown-d5e5e2c0-75cc-40ad-87c2-094c8413d404-libsnappyjava.so
7f0dcc725000-7f0dcc737000 rw-p 00000000 00:00 0 
7f0dcc737000-7f0dcc73a000 ---p 00000000 00:00 0 
7f0dcc73a000-7f0dcc838000 rw-p 00000000 00:00 0                          [stack:9422]
7f0dcc838000-7f0dcc83b000 ---p 00000000 00:00 0 
7f0dcc83b000-7f0dcc939000 rw-p 00000000 00:00 0                          [stack:9421]
7f0dcc939000-7f0dcc93c000 ---p 00000000 00:00 0 
7f0dcc93c000-7f0dcca3a000 rw-p 00000000 00:00 0                          [stack:9420]
7f0dcca3a000-7f0dcca3d000 ---p 00000000 00:00 0 
7f0dcca3d000-7f0dccb3b000 rw-p 00000000 00:00 0                          [stack:9418]
7f0dccb3b000-7f0dccb3e000 ---p 00000000 00:00 0 
7f0dccb3e000-7f0dccc3c000 rw-p 00000000 00:00 0                          [stack:9417]
7f0dccc3c000-7f0dccc3f000 ---p 00000000 00:00 0 
7f0dccc3f000-7f0dccd3d000 rw-p 00000000 00:00 0                          [stack:9416]
7f0dccd3d000-7f0dccd40000 ---p 00000000 00:00 0 
7f0dccd40000-7f0dcce3e000 rw-p 00000000 00:00 0                          [stack:9415]
7f0dcce3e000-7f0dcce41000 ---p 00000000 00:00 0 
7f0dcce41000-7f0dccf3f000 rw-p 00000000 00:00 0                          [stack:9414]
7f0dccf3f000-7f0dccf42000 ---p 00000000 00:00 0 
7f0dccf42000-7f0dcd040000 rw-p 00000000 00:00 0                          [stack:9413]
7f0dcd040000-7f0dcd043000 ---p 00000000 00:00 0 
7f0dcd043000-7f0dcd141000 rw-p 00000000 00:00 0                          [stack:9412]
7f0dcd141000-7f0dcd144000 ---p 00000000 00:00 0 
7f0dcd144000-7f0dcd242000 rw-p 00000000 00:00 0                          [stack:9411]
7f0dcd242000-7f0dcd245000 ---p 00000000 00:00 0 
7f0dcd245000-7f0dcd343000 rw-p 00000000 00:00 0                          [stack:9410]
7f0dcd343000-7f0dcd346000 ---p 00000000 00:00 0 
7f0dcd346000-7f0dcd444000 rw-p 00000000 00:00 0                          [stack:9409]
7f0dcd444000-7f0dcd447000 ---p 00000000 00:00 0 
7f0dcd447000-7f0dcd545000 rw-p 00000000 00:00 0                          [stack:9408]
7f0dcd545000-7f0dcd548000 ---p 00000000 00:00 0 
7f0dcd548000-7f0dcd646000 rw-p 00000000 00:00 0                          [stack:9407]
7f0dcd646000-7f0dcd65d000 r-xp 00000000 fc:01 5509345                    /lib/x86_64-linux-gnu/libresolv-2.19.so
7f0dcd65d000-7f0dcd85d000 ---p 00017000 fc:01 5509345                    /lib/x86_64-linux-gnu/libresolv-2.19.so
7f0dcd85d000-7f0dcd85e000 r--p 00017000 fc:01 5509345                    /lib/x86_64-linux-gnu/libresolv-2.19.so
7f0dcd85e000-7f0dcd85f000 rw-p 00018000 fc:01 5509345                    /lib/x86_64-linux-gnu/libresolv-2.19.so
7f0dcd85f000-7f0dcd861000 rw-p 00000000 00:00 0 
7f0dcd861000-7f0dcd866000 r-xp 00000000 fc:01 5509292                    /lib/x86_64-linux-gnu/libnss_dns-2.19.so
7f0dcd866000-7f0dcda65000 ---p 00005000 fc:01 5509292                    /lib/x86_64-linux-gnu/libnss_dns-2.19.so
7f0dcda65000-7f0dcda66000 r--p 00004000 fc:01 5509292                    /lib/x86_64-linux-gnu/libnss_dns-2.19.so
7f0dcda66000-7f0dcda67000 rw-p 00005000 fc:01 5509292                    /lib/x86_64-linux-gnu/libnss_dns-2.19.so
7f0dcda67000-7f0dcda69000 r-xp 00000000 fc:01 5509300                    /lib/x86_64-linux-gnu/libnss_mdns4_minimal.so.2
7f0dcda69000-7f0dcdc68000 ---p 00002000 fc:01 5509300                    /lib/x86_64-linux-gnu/libnss_mdns4_minimal.so.2
7f0dcdc68000-7f0dcdc69000 r--p 00001000 fc:01 5509300                    /lib/x86_64-linux-gnu/libnss_mdns4_minimal.so.2
7f0dcdc69000-7f0dcdc6a000 rw-p 00002000 fc:01 5509300                    /lib/x86_64-linux-gnu/libnss_mdns4_minimal.so.2
7f0dcdc6a000-7f0dcdc6d000 ---p 00000000 00:00 0 
7f0dcdc6d000-7f0dcdd6b000 rw-p 00000000 00:00 0                          [stack:9406]
7f0dcdd6b000-7f0dcdd6e000 ---p 00000000 00:00 0 
7f0dcdd6e000-7f0dcde6c000 rw-p 00000000 00:00 0                          [stack:9405]
7f0dcde6c000-7f0dcde6f000 ---p 00000000 00:00 0 
7f0dcde6f000-7f0dcdf6d000 rw-p 00000000 00:00 0                          [stack:9404]
7f0dcdf6d000-7f0dcdf70000 ---p 00000000 00:00 0 
7f0dcdf70000-7f0dce06e000 rw-p 00000000 00:00 0                          [stack:9403]
7f0dce06e000-7f0dce071000 ---p 00000000 00:00 0 
7f0dce071000-7f0dce16f000 rw-p 00000000 00:00 0                          [stack:9402]
7f0dce16f000-7f0dce172000 ---p 00000000 00:00 0 
7f0dce172000-7f0dce270000 rw-p 00000000 00:00 0                          [stack:9401]
7f0dce270000-7f0dce273000 ---p 00000000 00:00 0 
7f0dce273000-7f0dce371000 rw-p 00000000 00:00 0                          [stack:9400]
7f0dce371000-7f0dce374000 ---p 00000000 00:00 0 
7f0dce374000-7f0dce472000 rw-p 00000000 00:00 0                          [stack:9399]
7f0dce472000-7f0dce475000 ---p 00000000 00:00 0 
7f0dce475000-7f0dce573000 rw-p 00000000 00:00 0                          [stack:9398]
7f0dce573000-7f0dce576000 ---p 00000000 00:00 0 
7f0dce576000-7f0dce674000 rw-p 00000000 00:00 0                          [stack:9397]
7f0dce674000-7f0dce677000 ---p 00000000 00:00 0 
7f0dce677000-7f0dce775000 rw-p 00000000 00:00 0                          [stack:9396]
7f0dce775000-7f0dce778000 ---p 00000000 00:00 0 
7f0dce778000-7f0dce876000 rw-p 00000000 00:00 0                          [stack:9395]
7f0dce876000-7f0dce879000 ---p 00000000 00:00 0 
7f0dce879000-7f0dce977000 rw-p 00000000 00:00 0                          [stack:9394]
7f0dce977000-7f0dce97a000 ---p 00000000 00:00 0 
7f0dce97a000-7f0dcea78000 rw-p 00000000 00:00 0                          [stack:9393]
7f0dcea78000-7f0dcea7b000 ---p 00000000 00:00 0 
7f0dcea7b000-7f0dceb79000 rw-p 00000000 00:00 0                          [stack:9392]
7f0dceb79000-7f0dceb7c000 ---p 00000000 00:00 0 
7f0dceb7c000-7f0dcec7a000 rw-p 00000000 00:00 0                          [stack:9391]
7f0dcec7a000-7f0dcec7d000 ---p 00000000 00:00 0 
7f0dcec7d000-7f0dced7b000 rw-p 00000000 00:00 0                          [stack:9390]
7f0dced7b000-7f0dced7e000 ---p 00000000 00:00 0 
7f0dced7e000-7f0dcee7c000 rw-p 00000000 00:00 0                          [stack:9389]
7f0dcee7c000-7f0dcee7f000 ---p 00000000 00:00 0 
7f0dcee7f000-7f0dcef7d000 rw-p 00000000 00:00 0                          [stack:9388]
7f0dcef7d000-7f0dcef80000 ---p 00000000 00:00 0 
7f0dcef80000-7f0dcf07e000 rw-p 00000000 00:00 0                          [stack:9387]
7f0dcf07e000-7f0dcf081000 ---p 00000000 00:00 0 
7f0dcf081000-7f0dcf17f000 rw-p 00000000 00:00 0                          [stack:9386]
7f0dcf17f000-7f0dcf182000 ---p 00000000 00:00 0 
7f0dcf182000-7f0dcf280000 rw-p 00000000 00:00 0                          [stack:9385]
7f0dcf280000-7f0dcf283000 ---p 00000000 00:00 0 
7f0dcf283000-7f0dcf381000 rw-p 00000000 00:00 0                          [stack:9384]
7f0dcf381000-7f0dcf384000 ---p 00000000 00:00 0 
7f0dcf384000-7f0dcf482000 rw-p 00000000 00:00 0                          [stack:9383]
7f0dcf482000-7f0dcf485000 ---p 00000000 00:00 0 
7f0dcf485000-7f0dcf583000 rw-p 00000000 00:00 0                          [stack:9382]
7f0dcf583000-7f0dcf599000 r-xp 00000000 fc:01 5509246                    /lib/x86_64-linux-gnu/libgcc_s.so.1
7f0dcf599000-7f0dcf798000 ---p 00016000 fc:01 5509246                    /lib/x86_64-linux-gnu/libgcc_s.so.1
7f0dcf798000-7f0dcf799000 rw-p 00015000 fc:01 5509246                    /lib/x86_64-linux-gnu/libgcc_s.so.1
7f0dcf799000-7f0dcf7cb000 r-xp 00000000 fc:01 12069696                   /usr/lib/jvm/java-7-oracle/jre/lib/amd64/libsunec.so
7f0dcf7cb000-7f0dcf9ca000 ---p 00032000 fc:01 12069696                   /usr/lib/jvm/java-7-oracle/jre/lib/amd64/libsunec.so
7f0dcf9ca000-7f0dcf9d0000 rw-p 00031000 fc:01 12069696                   /usr/lib/jvm/java-7-oracle/jre/lib/amd64/libsunec.so
7f0dcf9d0000-7f0dcf9e0000 rw-p 00000000 00:00 0 
7f0dcf9e0000-7f0dcf9e1000 r-xp 00000000 fc:01 12069730                   /usr/lib/jvm/java-7-oracle/jre/lib/amd64/libjaas_unix.so
7f0dcf9e1000-7f0dcfbe0000 ---p 00001000 fc:01 12069730                   /usr/lib/jvm/java-7-oracle/jre/lib/amd64/libjaas_unix.so
7f0dcfbe0000-7f0dcfbe1000 rw-p 00000000 fc:01 12069730                   /usr/lib/jvm/java-7-oracle/jre/lib/amd64/libjaas_unix.so
7f0dcfbe1000-7f0dcfbe9000 r-xp 00000000 fc:01 12069732                   /usr/lib/jvm/java-7-oracle/jre/lib/amd64/libmanagement.so
7f0dcfbe9000-7f0dcfde8000 ---p 00008000 fc:01 12069732                   /usr/lib/jvm/java-7-oracle/jre/lib/amd64/libmanagement.so
7f0dcfde8000-7f0dcfde9000 rw-p 00007000 fc:01 12069732                   /usr/lib/jvm/java-7-oracle/jre/lib/amd64/libmanagement.so
7f0dcfde9000-7f0dcfe00000 r-xp 00000000 fc:01 12069679                   /usr/lib/jvm/java-7-oracle/jre/lib/amd64/libnet.so
7f0dcfe00000-7f0dcffff000 ---p 00017000 fc:01 12069679                   /usr/lib/jvm/java-7-oracle/jre/lib/amd64/libnet.so
7f0dcffff000-7f0dd0000000 rw-p 00016000 fc:01 12069679                   /usr/lib/jvm/java-7-oracle/jre/lib/amd64/libnet.so
7f0dd0000000-7f0dd0021000 rw-p 00000000 00:00 0 
7f0dd0021000-7f0dd4000000 ---p 00000000 00:00 0 
7f0dd4086000-7f0dd4087000 rw-p 00000000 00:00 0 
7f0dd4087000-7f0dd408b000 r--s 000f7000 fc:01 12069964                   /usr/lib/jvm/java-7-oracle/jre/lib/ext/localedata.jar
7f0dd408b000-7f0dd408e000 ---p 00000000 00:00 0 
7f0dd408e000-7f0dd40c4000 rw-p 00000000 00:00 0                          [stack:9424]
7f0dd40c4000-7f0dd40c8000 r--s 0002d000 fc:01 12069960                   /usr/lib/jvm/java-7-oracle/jre/lib/ext/sunjce_provider.jar
7f0dd40c8000-7f0dd40c9000 r--s 00003000 fc:01 12069961                   /usr/lib/jvm/java-7-oracle/jre/lib/ext/sunec.jar
7f0dd40c9000-7f0dd40cd000 r--s 00037000 fc:01 12069959                   /usr/lib/jvm/java-7-oracle/jre/lib/ext/sunpkcs11.jar
7f0dd40cd000-7f0dd40d0000 r--s 00019000 fc:01 12069955                   /usr/lib/jvm/java-7-oracle/jre/lib/jce.jar
7f0dd40d0000-7f0dd40da000 r--s 00253000 fc:01 12069739                   /usr/lib/jvm/java-7-oracle/jre/lib/resources.jar
7f0dd40da000-7f0dd40de000 r--s 0008b000 fc:01 12069879                   /usr/lib/jvm/java-7-oracle/jre/lib/jsse.jar
7f0dd40de000-7f0dd410f000 rw-p 00000000 00:00 0 
7f0dd410f000-7f0dd411f000 r-xp 00000000 fc:01 12069706                   /usr/lib/jvm/java-7-oracle/jre/lib/amd64/libnio.so
7f0dd411f000-7f0dd431f000 ---p 00010000 fc:01 12069706                   /usr/lib/jvm/java-7-oracle/jre/lib/amd64/libnio.so
7f0dd431f000-7f0dd4320000 rw-p 00010000 fc:01 12069706                   /usr/lib/jvm/java-7-oracle/jre/lib/amd64/libnio.so
7f0dd4320000-7f0dd432a000 r--s 00069000 00:1c 3803036                    /home/antorweep/.ivy2/cache/org.scala-lang.modules/scala-async_2.10/jars/scala-async_2.10-0.9.5.jar
7f0dd432a000-7f0dd432c000 r--s 0000b000 00:1c 3803313                    /home/antorweep/.ivy2/cache/javax.xml.bind/jsr173_api/jars/jsr173_api-1.0.jar
7f0dd432c000-7f0dd4331000 r--s 00043000 00:1c 3803307                    /home/antorweep/.ivy2/cache/com.sun.xml.fastinfoset/FastInfoset/jars/FastInfoset-1.2.12.jar
7f0dd4331000-7f0dd4332000 r--s 00005000 00:1c 3803311                    /home/antorweep/.ivy2/cache/com.sun.istack/istack-commons-runtime/jars/istack-commons-runtime-2.16.jar
7f0dd4332000-7f0dd4336000 r--s 00015000 00:1c 3803309                    /home/antorweep/.ivy2/cache/javax.xml.bind/jaxb-api/jars/jaxb-api-2.2.7.jar
7f0dd4336000-7f0dd433c000 r--s 00031000 00:1c 3803305                    /home/antorweep/.ivy2/cache/com.sun.xml.bind/jaxb-core/jars/jaxb-core-2.2.7.jar
7f0dd433c000-7f0dd434d000 r--s 000d0000 00:1c 3803303                    /home/antorweep/.ivy2/cache/com.sun.xml.bind/jaxb-impl/jars/jaxb-impl-2.2.7.jar
7f0dd434d000-7f0dd434f000 r--s 00000000 00:1c 3803301                    /home/antorweep/.ivy2/cache/org.jpmml/pmml-schema/jars/pmml-schema-1.1.15.jar
7f0dd434f000-7f0dd4350000 r--s 00001000 00:1c 3803299                    /home/antorweep/.ivy2/cache/org.jpmml/pmml-agent/jars/pmml-agent-1.1.15.jar
7f0dd4350000-7f0dd4358000 r--s 00099000 00:1c 3803261                    /home/antorweep/.ivy2/cache/org.jpmml/pmml-model/jars/pmml-model-1.1.15.jar
7f0dd4358000-7f0dd4365000 r--s 000a4000 00:1c 3674052                    /home/antorweep/.ivy2/cache/org.scalamacros/quasiquotes_2.10/jars/quasiquotes_2.10-2.0.0.jar
7f0dd4365000-7f0dd4367000 r--s 00012000 00:1c 3803297                    /home/antorweep/.ivy2/cache/org.spire-math/spire-macros_2.10/jars/spire-macros_2.10-0.7.4.jar
7f0dd4367000-7f0dd43bb000 r--s 00697000 00:1c 3803295                    /home/antorweep/.ivy2/cache/org.spire-math/spire_2.10/jars/spire_2.10-0.7.4.jar
7f0dd43bb000-7f0dd43c6000 r--s 000b0000 00:1c 3803293                    /home/antorweep/.ivy2/cache/com.github.rwl/jtransforms/jars/jtransforms-2.4.0.jar
7f0dd43c6000-7f0dd43c7000 r--s 00004000 00:1c 3803291                    /home/antorweep/.ivy2/cache/net.sf.opencsv/opencsv/jars/opencsv-2.3.jar
7f0dd43c7000-7f0dd43c9000 r--s 0001b000 00:1c 3803289                    /home/antorweep/.ivy2/cache/org.scalanlp/breeze-macros_2.10/jars/breeze-macros_2.10-0.11.2.jar
7f0dd43c9000-7f0dd43eb000 rw-p 00000000 00:00 0 
7f0dd43eb000-7f0dd44c0000 r--s 00c3a000 00:1c 3803259                    /home/antorweep/.ivy2/cache/org.scalanlp/breeze_2.10/jars/breeze_2.10-0.11.2.jar
7f0dd44c0000-7f0dd44d2000 r--s 00112000 00:1c 3803287                    /home/antorweep/.ivy2/cache/net.sourceforge.f2j/arpack_combined_all/jars/arpack_combined_all-0.1.jar
7f0dd44d2000-7f0dd44d4000 r--s 00027000 00:1c 3803285                    /home/antorweep/.ivy2/cache/com.github.fommil.netlib/core/jars/core-1.1.2.jar
7f0dd44d4000-7f0dd44e1000 r--s 00093000 00:1c 3803257                    /home/antorweep/.ivy2/cache/org.apache.spark/spark-graphx_2.10/jars/spark-graphx_2.10-1.5.1.jar
7f0dd44e1000-7f0dd44f5000 r--s 000ec000 00:1c 3803283                    /home/antorweep/.ivy2/cache/org.apache.parquet/parquet-jackson/jars/parquet-jackson-1.7.0.jar
7f0dd44f5000-7f0dd44fc000 r--s 00058000 00:1c 3803281                    /home/antorweep/.ivy2/cache/org.apache.parquet/parquet-format/jars/parquet-format-2.3.0-incubating.jar
7f0dd44fc000-7f0dd4501000 r--s 0002f000 00:1c 3803267                    /home/antorweep/.ivy2/cache/org.apache.parquet/parquet-hadoop/jars/parquet-hadoop-1.7.0.jar
7f0dd4501000-7f0dd4503000 r--s 00010000 00:1c 3803277                    /home/antorweep/.ivy2/cache/commons-codec/commons-codec/jars/commons-codec-1.5.jar
7f0dd4503000-7f0dd4505000 r--s 00004000 00:1c 3803279                    /home/antorweep/.ivy2/cache/org.apache.parquet/parquet-generator/jars/parquet-generator-1.7.0.jar
7f0dd4505000-7f0dd450b000 r--s 00040000 00:1c 3803275                    /home/antorweep/.ivy2/cache/org.apache.parquet/parquet-encoding/jars/parquet-encoding-1.7.0.jar
7f0dd450b000-7f0dd450d000 r--s 00004000 00:1c 3803273                    /home/antorweep/.ivy2/cache/org.apache.parquet/parquet-common/jars/parquet-common-1.7.0.jar
7f0dd450d000-7f0dd4523000 r--s 000ca000 00:1c 3803265                    /home/antorweep/.ivy2/cache/org.apache.parquet/parquet-column/jars/parquet-column-1.7.0.jar
7f0dd4523000-7f0dd4525000 r--s 00006000 00:1c 3803271                    /home/antorweep/.ivy2/cache/org.codehaus.janino/commons-compiler/jars/commons-compiler-2.7.8.jar
7f0dd4525000-7f0dd452e000 r--s 0008d000 00:1c 3803269                    /home/antorweep/.ivy2/cache/org.codehaus.janino/janino/jars/janino-2.7.8.jar
7f0dd452e000-7f0dd458a000 r--s 00408000 00:1c 3803263                    /home/antorweep/.ivy2/cache/org.apache.spark/spark-catalyst_2.10/jars/spark-catalyst_2.10-1.5.1.jar
7f0dd458a000-7f0dd45ce000 r--s 0030b000 00:1c 3803255                    /home/antorweep/.ivy2/cache/org.apache.spark/spark-sql_2.10/jars/spark-sql_2.10-1.5.1.jar
7f0dd45ce000-7f0dd45f6000 r--s 0018e000 00:1c 3803253                    /home/antorweep/.ivy2/cache/org.apache.spark/spark-streaming_2.10/jars/spark-streaming_2.10-1.5.1.jar
7f0dd45f6000-7f0dd4647000 r--s 003b0000 00:1c 3803034                    /home/antorweep/.ivy2/cache/org.apache.spark/spark-mllib_2.10/jars/spark-mllib_2.10-1.5.1.jar
7f0dd4647000-7f0dd4649000 r--s 00012000 00:1c 3803126                    /home/antorweep/.ivy2/cache/net.sf.py4j/py4j/jars/py4j-0.8.2.1.jar
7f0dd4649000-7f0dd464b000 r--s 00013000 00:1c 3803124                    /home/antorweep/.ivy2/cache/net.razorvine/pyrolite/jars/pyrolite-4.4.jar
7f0dd464b000-7f0dd464c000 r--s 00001000 00:1c 3803251                    /home/antorweep/.ivy2/cache/org.tachyonproject/tachyon-underfs-local/jars/tachyon-underfs-local-0.7.1.jar
7f0dd464c000-7f0dd464d000 r--s 00002000 00:1c 3803249                    /home/antorweep/.ivy2/cache/org.tachyonproject/tachyon-underfs-hdfs/jars/tachyon-underfs-hdfs-0.7.1.jar
7f0dd464d000-7f0dd4651000 r--s 0002a000 00:1c 3674051                    /home/antorweep/.ivy2/cache/commons-io/commons-io/jars/commons-io-2.4.jar
7f0dd4651000-7f0dd4674000 r--s 001bf000 00:1c 3803122                    /home/antorweep/.ivy2/cache/org.tachyonproject/tachyon-client/jars/tachyon-client-0.7.1.jar
7f0dd4674000-7f0dd4676000 r--s 0000e000 00:1c 3803120                    /home/antorweep/.ivy2/cache/oro/oro/jars/oro-2.0.8.jar
7f0dd4676000-7f0dd468c000 r--s 00124000 00:1c 3803118                    /home/antorweep/.ivy2/cache/org.apache.ivy/ivy/jars/ivy-2.4.0.jar
7f0dd468c000-7f0dd468f000 r--s 00007000 00:1c 3803247                    /home/antorweep/.ivy2/cache/com.fasterxml.jackson.core/jackson-annotations/bundles/jackson-annotations-2.4.4.jar
7f0dd468f000-7f0dd469f000 r--s 00077000 00:1c 3803116                    /home/antorweep/.ivy2/cache/com.fasterxml.jackson.module/jackson-module-scala_2.10/bundles/jackson-module-scala_2.10-2.4.4.jar
7f0dd469f000-7f0dd46a1000 r--s 00004000 00:1c 3803112                    /home/antorweep/.ivy2/cache/io.dropwizard.metrics/metrics-graphite/bundles/metrics-graphite-3.1.2.jar
7f0dd46a1000-7f0dd46a5000 r--s 00034000 00:1c 3803245                    /home/antorweep/.ivy2/cache/com.fasterxml.jackson.core/jackson-core/bundles/jackson-core-2.4.4.jar
7f0dd46a5000-7f0dd46a6000 r--s 00003000 00:1c 3803110                    /home/antorweep/.ivy2/cache/io.dropwizard.metrics/metrics-json/bundles/metrics-json-3.1.2.jar
7f0dd46a6000-7f0dd46a8000 r--s 00008000 00:1c 3803108                    /home/antorweep/.ivy2/cache/io.dropwizard.metrics/metrics-jvm/bundles/metrics-jvm-3.1.2.jar
7f0dd46a8000-7f0dd46ac000 r--s 00018000 00:1c 3803106                    /home/antorweep/.ivy2/cache/io.dropwizard.metrics/metrics-core/bundles/metrics-core-3.1.2.jar
7f0dd46ac000-7f0dd46af000 r--s 00028000 00:1c 3803104                    /home/antorweep/.ivy2/cache/com.clearspring.analytics/stream/jars/stream-2.7.0.jar
7f0dd46af000-7f0dd46bd000 r--s 0012a000 00:1c 3803100                    /home/antorweep/.ivy2/cache/org.apache.mesos/mesos/jars/mesos-0.21.1-shaded-protobuf.jar
7f0dd46bd000-7f0dd46c7000 r--s 00066000 00:1c 3803098                    /home/antorweep/.ivy2/cache/com.sun.jersey/jersey-core/bundles/jersey-core-1.9.jar
7f0dd46c7000-7f0dd46d8000 r--s 000f6000 00:1c 3803114                    /home/antorweep/.ivy2/cache/com.fasterxml.jackson.core/jackson-databind/bundles/jackson-databind-2.4.4.jar
7f0dd46d8000-7f0dd46eb000 r--s 000be000 00:1c 3803243                    /home/antorweep/.ivy2/cache/org.scala-lang/scalap/jars/scalap-2.10.0.jar
7f0dd46eb000-7f0dd46ed000 r--s 00007000 00:1c 3673641                    /home/antorweep/.ivy2/cache/com.thoughtworks.paranamer/paranamer/jars/paranamer-2.6.jar
7f0dd46ed000-7f0dd46ef000 r--s 00013000 00:1c 3673639                    /home/antorweep/.ivy2/cache/org.json4s/json4s-ast_2.10/jars/json4s-ast_2.10-3.2.10.jar
7f0dd46ef000-7f0dd46f9000 r--s 00085000 00:1c 3673631                    /home/antorweep/.ivy2/cache/org.json4s/json4s-core_2.10/jars/json4s-core_2.10-3.2.10.jar
7f0dd46f9000-7f0dd46fa000 r--s 00009000 00:1c 3803094                    /home/antorweep/.ivy2/cache/org.json4s/json4s-jackson_2.10/jars/json4s-jackson_2.10-3.2.10.jar
7f0dd46fa000-7f0dd46fb000 r--s 00003000 00:1c 3803092                    /home/antorweep/.ivy2/cache/com.typesafe.akka/akka-slf4j_2.10/jars/akka-slf4j_2.10-2.3.11.jar
7f0dd46fb000-7f0dd46fd000 r--s 0000a000 00:1c 3803239                    /home/antorweep/.ivy2/cache/org.uncommons.maths/uncommons-maths/jars/uncommons-maths-1.2.2a.jar
7f0dd46fd000-7f0dd4715000 r--s 00115000 00:1c 3803237                    /home/antorweep/.ivy2/cache/io.netty/netty/bundles/netty-3.8.0.Final.jar
7f0dd4715000-7f0dd4719000 r--s 00032000 00:1c 3803241                    /home/antorweep/.ivy2/cache/com.typesafe/config/bundles/config-1.2.1.jar
7f0dd4719000-7f0dd473f000 r--s 00263000 00:1c 3803235                    /home/antorweep/.ivy2/cache/com.typesafe.akka/akka-actor_2.10/jars/akka-actor_2.10-2.3.11.jar
7f0dd473f000-7f0dd4755000 r--s 00135000 00:1c 3803090                    /home/antorweep/.ivy2/cache/com.typesafe.akka/akka-remote_2.10/jars/akka-remote_2.10-2.3.11.jar
7f0dd4755000-7f0dd4757000 r--s 00019000 00:1c 3803086                    /home/antorweep/.ivy2/cache/org.roaringbitmap/RoaringBitmap/bundles/RoaringBitmap-0.4.5.jar
7f0dd4757000-7f0dd4759000 r--s 00038000 00:1c 3803084                    /home/antorweep/.ivy2/cache/net.jpountz.lz4/lz4/jars/lz4-1.3.0.jar
7f0dd4759000-7f0dd477d000 r--s 001cd000 00:1c 3803066                    /home/antorweep/.ivy2/cache/org.apache.commons/commons-math3/jars/commons-math3-3.4.1.jar
7f0dd477d000-7f0dd4784000 r--s 0005e000 00:1c 3803064                    /home/antorweep/.ivy2/cache/org.apache.commons/commons-lang3/jars/commons-lang3-3.3.2.jar
7f0dd4784000-7f0dd47ad000 r--s 001ee000 00:1c 3803231                    /home/antorweep/.ivy2/cache/com.google.guava/guava/bundles/guava-14.0.1.jar
7f0dd47ad000-7f0dd4fc0000 r--p 00000000 fc:01 12065460                   /usr/lib/locale/locale-archive
7f0dd4fc0000-7f0dd9000000 rw-p 00000000 00:00 0 
7f0dd9000000-7f0dd9380000 rwxp 00000000 00:00 0 
7f0dd9380000-7f0ddd286000 rw-p 00000000 00:00 0 
7f0ddd286000-7f0de0000000 ---p 00000000 00:00 0 
7f0de0000000-7f0de0002000 r--s 00012000 00:1c 3803080                    /home/antorweep/.ivy2/cache/com.ning/compress-lzf/bundles/compress-lzf-1.0.3.jar
7f0de0002000-7f0de0004000 r--s 00003000 00:1c 3803074                    /home/antorweep/.ivy2/cache/org.slf4j/jcl-over-slf4j/jars/jcl-over-slf4j-1.7.10.jar
7f0de0004000-7f0de0006000 r--s 00000000 00:1c 3803072                    /home/antorweep/.ivy2/cache/org.slf4j/jul-to-slf4j/jars/jul-to-slf4j-1.7.10.jar
7f0de0006000-7f0de0009000 r--s 0002e000 00:1c 3803062                    /home/antorweep/.ivy2/cache/org.eclipse.jetty.orbit/javax.servlet/orbits/javax.servlet-3.0.0.v201112011016.jar
7f0de0009000-7f0de000b000 r--s 00014000 00:1c 3674047                    /home/antorweep/.ivy2/cache/jline/jline/jars/jline-0.9.94.jar
7f0de000b000-7f0de0017000 r--s 000b3000 00:1c 3803229                    /home/antorweep/.ivy2/cache/org.apache.zookeeper/zookeeper/jars/zookeeper-3.4.5.jar
7f0de0017000-7f0de001a000 r--s 0000e000 00:1c 3803233                    /home/antorweep/.ivy2/cache/org.apache.curator/curator-client/bundles/curator-client-2.4.0.jar
7f0de001a000-7f0de001f000 r--s 00027000 00:1c 3803227                    /home/antorweep/.ivy2/cache/org.apache.curator/curator-framework/bundles/curator-framework-2.4.0.jar
7f0de001f000-7f0de0025000 r--s 00035000 00:1c 3803060                    /home/antorweep/.ivy2/cache/org.apache.curator/curator-recipes/bundles/curator-recipes-2.4.0.jar
7f0de0025000-7f0de002b000 r--s 00057000 00:1c 3803058                    /home/antorweep/.ivy2/cache/net.java.dev.jets3t/jets3t/jars/jets3t-0.7.1.jar
7f0de002b000-7f0de002d000 r--s 00009000 00:1c 3803056                    /home/antorweep/.ivy2/cache/org.apache.spark/spark-unsafe_2.10/jars/spark-unsafe_2.10-1.5.1.jar
7f0de002d000-7f0de0030000 r--s 0000a000 00:1c 3803054                    /home/antorweep/.ivy2/cache/org.apache.spark/spark-network-shuffle_2.10/jars/spark-network-shuffle_2.10-1.5.1.jar
7f0de0030000-7f0de0052000 r--s 001d4000 00:1c 3803102                    /home/antorweep/.ivy2/cache/io.netty/netty-all/jars/netty-all-4.0.29.Final.jar
7f0de0052000-7f0de007f000 r--s 0020c000 00:1c 3803052                    /home/antorweep/.ivy2/cache/org.apache.spark/spark-network-common_2.10/jars/spark-network-common_2.10-1.5.1.jar
7f0de007f000-7f0de0080000 r--s 00000000 00:1c 3803128                    /home/antorweep/.ivy2/cache/org.spark-project.spark/unused/jars/unused-1.0.0.jar
7f0de0080000-7f0de0082000 r--s 00009000 00:1c 3803050                    /home/antorweep/.ivy2/cache/org.apache.spark/spark-launcher_2.10/jars/spark-launcher_2.10-1.5.1.jar
7f0de0082000-7f0de0083000 r--s 00008000 00:1c 3803161                    /home/antorweep/.ivy2/cache/org.apache.hadoop/hadoop-mapreduce-client-jobclient/jars/hadoop-mapreduce-client-jobclient-2.2.0.jar
7f0de0083000-7f0de0085000 r--s 00004000 00:1c 3803193                    /home/antorweep/.ivy2/cache/org.apache.hadoop/hadoop-mapreduce-client-shuffle/jars/hadoop-mapreduce-client-shuffle-2.2.0.jar
7f0de0085000-7f0de0089000 r--s 00027000 00:1c 3803199                    /home/antorweep/.ivy2/cache/org.apache.hadoop/hadoop-yarn-server-common/jars/hadoop-yarn-server-common-2.2.0.jar
7f0de0089000-7f0de00a1000 r--s 0014c000 00:1c 3803159                    /home/antorweep/.ivy2/cache/org.apache.hadoop/hadoop-mapreduce-client-core/jars/hadoop-mapreduce-client-core-2.2.0.jar
7f0de00a1000-7f0de00a4000 r--s 00015000 00:1c 3803197                    /home/antorweep/.ivy2/cache/org.apache.hadoop/hadoop-yarn-client/jars/hadoop-yarn-client-2.2.0.jar
7f0de00a4000-7f0de00a5000 r--s 00003000 00:1c 3803207                    /home/antorweep/.ivy2/cache/com.sun.jersey.contribs/jersey-guice/jars/jersey-guice-1.9.jar
7f0de00a5000-7f0de00a6000 r--s 00007000 00:1c 3803221                    /home/antorweep/.ivy2/cache/org.codehaus.jackson/jackson-xc/jars/jackson-xc-1.8.3.jar
7f0de00a6000-7f0de00a7000 r--s 00004000 00:1c 3803219                    /home/antorweep/.ivy2/cache/org.codehaus.jackson/jackson-jaxrs/jars/jackson-jaxrs-1.8.3.jar
7f0de00a7000-7f0de00a9000 r--s 00005000 00:1c 3803223                    /home/antorweep/.ivy2/cache/stax/stax-api/jars/stax-api-1.0.1.jar
7f0de00a9000-7f0de00ab000 r--s 0000f000 00:1c 3803217                    /home/antorweep/.ivy2/cache/org.codehaus.jettison/jettison/bundles/jettison-1.1.jar
7f0de00ab000-7f0de00af000 r--s 00021000 00:1c 3803205                    /home/antorweep/.ivy2/cache/com.sun.jersey/jersey-json/bundles/jersey-json-1.9.jar
7f0de00af000-7f0de00b0000 r--s 0000a000 00:1c 3803215                    /home/antorweep/.ivy2/cache/asm/asm/jars/asm-3.1.jar
7f0de00b0000-7f0de00c2000 r--s 0009d000 00:1c 3803096                    /home/antorweep/.ivy2/cache/com.sun.jersey/jersey-server/bundles/jersey-server-1.9.jar
7f0de00c2000-7f0de00c4000 r--s 00002000 00:1c 3803203                    /home/antorweep/.ivy2/cache/com.sun.jersey.jersey-test-framework/jersey-test-framework-grizzly2/jars/jersey-test-framework-grizzly2-1.9.jar
7f0de00c4000-7f0de00cb000 r--s 0003e000 00:1c 3803213                    /home/antorweep/.ivy2/cache/org.sonatype.sisu.inject/cglib/jars/cglib-2.2.1-v20090111.jar
7f0de00cb000-7f0de00cd000 r--s 00000000 00:1c 3803211                    /home/antorweep/.ivy2/cache/aopalliance/aopalliance/jars/aopalliance-1.0.jar
7f0de00cd000-7f0de00ce000 r--s 00000000 00:1c 3803209                    /home/antorweep/.ivy2/cache/javax.inject/javax.inject/jars/javax.inject-1.jar
7f0de00ce000-7f0de00dd000 r--s 0009f000 00:1c 3803201                    /home/antorweep/.ivy2/cache/com.google.inject/guice/jars/guice-3.0.jar
7f0de00dd000-7f0de00df000 r--s 00001000 00:1c 3803078                    /home/antorweep/.ivy2/cache/org.slf4j/slf4j-log4j12/jars/slf4j-log4j12-1.7.10.jar
7f0de00df000-7f0de00f0000 r--s 0010a000 00:1c 3803157                    /home/antorweep/.ivy2/cache/org.apache.hadoop/hadoop-yarn-api/jars/hadoop-yarn-api-2.2.0.jar
7f0de00f0000-7f0de0102000 r--s 0012c000 00:1c 3803195                    /home/antorweep/.ivy2/cache/org.apache.hadoop/hadoop-yarn-common/jars/hadoop-yarn-common-2.2.0.jar
7f0de0102000-7f0de010e000 r--s 00095000 00:1c 3803191                    /home/antorweep/.ivy2/cache/org.apache.hadoop/hadoop-mapreduce-client-common/jars/hadoop-mapreduce-client-common-2.2.0.jar
7f0de010e000-7f0de0117000 r--s 0006d000 00:1c 3803155                    /home/antorweep/.ivy2/cache/org.apache.hadoop/hadoop-mapreduce-client-app/jars/hadoop-mapreduce-client-app-2.2.0.jar
7f0de0117000-7f0de011b000 r--s 00028000 00:1c 3803189                    /home/antorweep/.ivy2/cache/org.mortbay.jetty/jetty-util/jars/jetty-util-6.1.26.jar
7f0de011b000-7f0de0160000 r--s 004bb000 00:1c 3803153                    /home/antorweep/.ivy2/cache/org.apache.hadoop/hadoop-hdfs/jars/hadoop-hdfs-2.2.0.jar
7f0de0160000-7f0de0162000 r--s 0000b000 00:1c 3803179                    /home/antorweep/.ivy2/cache/org.apache.hadoop/hadoop-auth/jars/hadoop-auth-2.2.0.jar
7f0de0162000-7f0de016a000 r--s 0007b000 00:1c 3803177                    /home/antorweep/.ivy2/cache/com.google.protobuf/protobuf-java/bundles/protobuf-java-2.5.0.jar
7f0de016a000-7f0de016e000 r--s 0002f000 00:1c 3803185                    /home/antorweep/.ivy2/cache/commons-beanutils/commons-beanutils-core/jars/commons-beanutils-core-1.8.0.jar
7f0de016e000-7f0de0173000 r--s 0002a000 00:1c 3803187                    /home/antorweep/.ivy2/cache/commons-beanutils/commons-beanutils/jars/commons-beanutils-1.7.0.jar
7f0de0173000-7f0de0177000 r--s 00020000 00:1c 3803183                    /home/antorweep/.ivy2/cache/commons-digester/commons-digester/jars/commons-digester-1.8.jar
7f0de0177000-7f0de0185000 r--s 0007f000 00:1c 3803181                    /home/antorweep/.ivy2/cache/commons-collections/commons-collections/jars/commons-collections-3.2.1.jar
7f0de0185000-7f0de018b000 r--s 00043000 00:1c 3803175                    /home/antorweep/.ivy2/cache/commons-configuration/commons-configuration/jars/commons-configuration-1.6.jar
7f0de018b000-7f0de0190000 r--s 00040000 00:1c 3803173                    /home/antorweep/.ivy2/cache/commons-lang/commons-lang/jars/commons-lang-2.5.jar
7f0de0190000-7f0de0199000 r--s 0006f000 00:1c 3803076                    /home/antorweep/.ivy2/cache/log4j/log4j/bundles/log4j-1.2.17.jar
7f0de0199000-7f0de019d000 r--s 00030000 00:1c 3803088                    /home/antorweep/.ivy2/cache/commons-net/commons-net/jars/commons-net-2.2.jar
7f0de019d000-7f0de01a3000 r--s 00045000 00:1c 3803171                    /home/antorweep/.ivy2/cache/commons-httpclient/commons-httpclient/jars/commons-httpclient-3.1.jar
7f0de01a3000-7f0de01a4000 r--s 00003000 00:1c 3803169                    /home/antorweep/.ivy2/cache/xmlenc/xmlenc/jars/xmlenc-0.52.jar
7f0de01a4000-7f0de01b5000 r--s 000bb000 00:1c 3803167                    /home/antorweep/.ivy2/cache/org.apache.commons/commons-math/jars/commons-math-2.1.jar
7f0de01b5000-7f0de01b7000 r--s 00009000 00:1c 3803165                    /home/antorweep/.ivy2/cache/commons-cli/commons-cli/jars/commons-cli-1.2.jar
7f0de01b7000-7f0de01ba000 r--s 00006000 00:1c 3803068                    /home/antorweep/.ivy2/cache/com.google.code.findbugs/jsr305/jars/jsr305-1.3.9.jar
7f0de01ba000-7f0de01bc000 r--s 00003000 00:1c 3803163                    /home/antorweep/.ivy2/cache/org.apache.hadoop/hadoop-annotations/jars/hadoop-annotations-2.2.0.jar
7f0de01bc000-7f0de01e7000 r--s 00271000 00:1c 3803151                    /home/antorweep/.ivy2/cache/org.apache.hadoop/hadoop-common/jars/hadoop-common-2.2.0.jar
7f0de01e7000-7f0de01e8000 r--s 00000000 00:1c 3803048                    /home/antorweep/.ivy2/cache/org.apache.hadoop/hadoop-client/jars/hadoop-client-2.2.0.jar
7f0de01e8000-7f0de01ea000 r--s 00007000 00:1c 3803149                    /home/antorweep/.ivy2/cache/org.objenesis/objenesis/jars/objenesis-1.2.jar
7f0de01ea000-7f0de01ec000 r--s 00000000 00:1c 3803147                    /home/antorweep/.ivy2/cache/com.esotericsoftware.minlog/minlog/jars/minlog-1.2.jar
7f0de01ec000-7f0de01ee000 r--s 0000f000 00:1c 3803145                    /home/antorweep/.ivy2/cache/com.esotericsoftware.reflectasm/reflectasm/jars/reflectasm-1.07-shaded.jar
7f0de01ee000-7f0de01f4000 r--s 00053000 00:1c 3803143                    /home/antorweep/.ivy2/cache/com.esotericsoftware.kryo/kryo/bundles/kryo-2.21.jar
7f0de01f4000-7f0de01f8000 r--s 00032000 00:1c 3803044                    /home/antorweep/.ivy2/cache/com.twitter/chill_2.10/jars/chill_2.10-0.5.0.jar
7f0de01f8000-7f0de01fc000 r--s 00014000 00:1c 3803141                    /home/antorweep/.ivy2/cache/org.tukaani/xz/jars/xz-1.0.jar
7f0de01fc000-7f0de0201000 r--s 00036000 00:1c 3803139                    /home/antorweep/.ivy2/cache/org.apache.commons/commons-compress/jars/commons-compress-1.4.1.jar
7f0de0201000-7f0de0204000 r--s 0008f000 00:1c 3803082                    /home/antorweep/.ivy2/cache/org.xerial.snappy/snappy-java/bundles/snappy-java-1.1.1.7.jar
7f0de0204000-7f0de0212000 r--s 000b1000 00:1c 3803135                    /home/antorweep/.ivy2/cache/org.codehaus.jackson/jackson-mapper-asl/jars/jackson-mapper-asl-1.9.13.jar
7f0de0212000-7f0de0216000 r--s 00035000 00:1c 3803133                    /home/antorweep/.ivy2/cache/org.codehaus.jackson/jackson-core-asl/jars/jackson-core-asl-1.9.13.jar
7f0de0216000-7f0de02e7000 r--s 009ca000 00:1c 3803024                    /home/antorweep/.ivy2/cache/org.apache.spark/spark-core_2.10/jars/spark-core_2.10-1.5.1.jar
7f0de02e7000-7f0de02e8000 ---p 00000000 00:00 0 
7f0de02e8000-7f0de03e8000 rw-p 00000000 00:00 0                          [stack:9378]
7f0de03e8000-7f0de03eb000 ---p 00000000 00:00 0 
7f0de03eb000-7f0de04e9000 rw-p 00000000 00:00 0                          [stack:9377]
7f0de04e9000-7f0de04ec000 ---p 00000000 00:00 0 
7f0de04ec000-7f0de05ea000 rw-p 00000000 00:00 0                          [stack:9376]
7f0de05ea000-7f0de05ed000 ---p 00000000 00:00 0 
7f0de05ed000-7f0de06eb000 rw-p 00000000 00:00 0                          [stack:9375]
7f0de06eb000-7f0de06ee000 ---p 00000000 00:00 0 
7f0de06ee000-7f0de07ec000 rw-p 00000000 00:00 0                          [stack:9374]
7f0de07ec000-7f0de07ef000 ---p 00000000 00:00 0 
7f0de07ef000-7f0de08ed000 rw-p 00000000 00:00 0                          [stack:9373]
7f0de08ed000-7f0de08f0000 ---p 00000000 00:00 0 
7f0de08f0000-7f0de09ee000 rw-p 00000000 00:00 0                          [stack:9372]
7f0de09ee000-7f0de09ef000 ---p 00000000 00:00 0 
7f0de09ef000-7f0de1aee000 rw-p 00000000 00:00 0                          [stack:9371]
7f0de1aee000-7f0de1cae000 r--s 039fb000 fc:01 12069676                   /usr/lib/jvm/java-7-oracle/jre/lib/rt.jar
7f0de1cae000-7f0de1cd1000 rw-p 00000000 00:00 0 
7f0de1cd1000-7f0de1dcf000 r--s 00cd0000 00:1c 4720180                    /home/antorweep/.p2/pool/plugins/org.scala-ide.scala210.jars_4.2.0.201509281532/target/jars/scala-compiler.jar
7f0de1dcf000-7f0de1e04000 r--s 002da000 00:1c 4720181                    /home/antorweep/.p2/pool/plugins/org.scala-ide.scala210.jars_4.2.0.201509281532/target/jars/scala-reflect.jar
7f0de1e04000-7f0de1e76000 r--s 0065b000 00:1c 4720183                    /home/antorweep/.p2/pool/plugins/org.scala-ide.scala210.jars_4.2.0.201509281532/target/jars/scala-library.jar
7f0de1e76000-7f0de239c000 rw-p 00000000 00:00 0 
7f0de239c000-7f0de239d000 ---p 00000000 00:00 0 
7f0de239d000-7f0de249d000 rw-p 00000000 00:00 0                          [stack:9370]
7f0de249d000-7f0de249e000 ---p 00000000 00:00 0 
7f0de249e000-7f0de259e000 rw-p 00000000 00:00 0                          [stack:9369]
7f0de259e000-7f0de259f000 ---p 00000000 00:00 0 
7f0de259f000-7f0de269f000 rw-p 00000000 00:00 0                          [stack:9368]
7f0de269f000-7f0de26a0000 ---p 00000000 00:00 0 
7f0de26a0000-7f0de27bb000 rw-p 00000000 00:00 0                          [stack:9367]
7f0de27bb000-7f0de27c9000 rw-p 00000000 00:00 0 
7f0de27c9000-7f0de27f2000 rw-p 00000000 00:00 0 
7f0de27f2000-7f0de2a5b000 rw-p 00000000 00:00 0 
7f0de2a5b000-7f0de2a76000 rw-p 00000000 00:00 0 
7f0de2a76000-7f0de2a84000 rw-p 00000000 00:00 0 
7f0de2a84000-7f0de2aad000 rw-p 00000000 00:00 0 
7f0de2aad000-7f0de2d16000 rw-p 00000000 00:00 0 
7f0de2d16000-7f0de2e24000 rw-p 00000000 00:00 0 
7f0de2e24000-7f0de2e5f000 rw-p 00000000 00:00 0 
7f0de2e5f000-7f0de2e60000 rw-p 00000000 00:00 0 
7f0de2e60000-7f0de2e77000 r-xp 00000000 fc:01 12069707                   /usr/lib/jvm/java-7-oracle/jre/lib/amd64/libzip.so
7f0de2e77000-7f0de3077000 ---p 00017000 fc:01 12069707                   /usr/lib/jvm/java-7-oracle/jre/lib/amd64/libzip.so
7f0de3077000-7f0de3078000 rw-p 00017000 fc:01 12069707                   /usr/lib/jvm/java-7-oracle/jre/lib/amd64/libzip.so
7f0de3078000-7f0de3083000 r-xp 00000000 fc:01 5509294                    /lib/x86_64-linux-gnu/libnss_files-2.19.so
7f0de3083000-7f0de3282000 ---p 0000b000 fc:01 5509294                    /lib/x86_64-linux-gnu/libnss_files-2.19.so
7f0de3282000-7f0de3283000 r--p 0000a000 fc:01 5509294                    /lib/x86_64-linux-gnu/libnss_files-2.19.so
7f0de3283000-7f0de3284000 rw-p 0000b000 fc:01 5509294                    /lib/x86_64-linux-gnu/libnss_files-2.19.so
7f0de3284000-7f0de328f000 r-xp 00000000 fc:01 5509304                    /lib/x86_64-linux-gnu/libnss_nis-2.19.so
7f0de328f000-7f0de348e000 ---p 0000b000 fc:01 5509304                    /lib/x86_64-linux-gnu/libnss_nis-2.19.so
7f0de348e000-7f0de348f000 r--p 0000a000 fc:01 5509304                    /lib/x86_64-linux-gnu/libnss_nis-2.19.so
7f0de348f000-7f0de3490000 rw-p 0000b000 fc:01 5509304                    /lib/x86_64-linux-gnu/libnss_nis-2.19.so
7f0de3490000-7f0de34a7000 r-xp 00000000 fc:01 5509288                    /lib/x86_64-linux-gnu/libnsl-2.19.so
7f0de34a7000-7f0de36a6000 ---p 00017000 fc:01 5509288                    /lib/x86_64-linux-gnu/libnsl-2.19.so
7f0de36a6000-7f0de36a7000 r--p 00016000 fc:01 5509288                    /lib/x86_64-linux-gnu/libnsl-2.19.so
7f0de36a7000-7f0de36a8000 rw-p 00017000 fc:01 5509288                    /lib/x86_64-linux-gnu/libnsl-2.19.so
7f0de36a8000-7f0de36aa000 rw-p 00000000 00:00 0 
7f0de36aa000-7f0de36b3000 r-xp 00000000 fc:01 5509290                    /lib/x86_64-linux-gnu/libnss_compat-2.19.so
7f0de36b3000-7f0de38b2000 ---p 00009000 fc:01 5509290                    /lib/x86_64-linux-gnu/libnss_compat-2.19.so
7f0de38b2000-7f0de38b3000 r--p 00008000 fc:01 5509290                    /lib/x86_64-linux-gnu/libnss_compat-2.19.so
7f0de38b3000-7f0de38b4000 rw-p 00009000 fc:01 5509290                    /lib/x86_64-linux-gnu/libnss_compat-2.19.so
7f0de38b4000-7f0de38dd000 r-xp 00000000 fc:01 12069686                   /usr/lib/jvm/java-7-oracle/jre/lib/amd64/libjava.so
7f0de38dd000-7f0de3add000 ---p 00029000 fc:01 12069686                   /usr/lib/jvm/java-7-oracle/jre/lib/amd64/libjava.so
7f0de3add000-7f0de3adf000 rw-p 00029000 fc:01 12069686                   /usr/lib/jvm/java-7-oracle/jre/lib/amd64/libjava.so
7f0de3adf000-7f0de3aec000 r-xp 00000000 fc:01 12069689                   /usr/lib/jvm/java-7-oracle/jre/lib/amd64/libverify.so
7f0de3aec000-7f0de3ceb000 ---p 0000d000 fc:01 12069689                   /usr/lib/jvm/java-7-oracle/jre/lib/amd64/libverify.so
7f0de3ceb000-7f0de3ced000 rw-p 0000c000 fc:01 12069689                   /usr/lib/jvm/java-7-oracle/jre/lib/amd64/libverify.so
7f0de3ced000-7f0de3cf4000 r-xp 00000000 fc:01 5509347                    /lib/x86_64-linux-gnu/librt-2.19.so
7f0de3cf4000-7f0de3ef3000 ---p 00007000 fc:01 5509347                    /lib/x86_64-linux-gnu/librt-2.19.so
7f0de3ef3000-7f0de3ef4000 r--p 00006000 fc:01 5509347                    /lib/x86_64-linux-gnu/librt-2.19.so
7f0de3ef4000-7f0de3ef5000 rw-p 00007000 fc:01 5509347                    /lib/x86_64-linux-gnu/librt-2.19.so
7f0de3ef5000-7f0de3ffa000 r-xp 00000000 fc:01 5509269                    /lib/x86_64-linux-gnu/libm-2.19.so
7f0de3ffa000-7f0de41f9000 ---p 00105000 fc:01 5509269                    /lib/x86_64-linux-gnu/libm-2.19.so
7f0de41f9000-7f0de41fa000 r--p 00104000 fc:01 5509269                    /lib/x86_64-linux-gnu/libm-2.19.so
7f0de41fa000-7f0de41fb000 rw-p 00105000 fc:01 5509269                    /lib/x86_64-linux-gnu/libm-2.19.so
7f0de41fb000-7f0de4d71000 r-xp 00000000 fc:01 12069724                   /usr/lib/jvm/java-7-oracle/jre/lib/amd64/server/libjvm.so
7f0de4d71000-7f0de4f70000 ---p 00b76000 fc:01 12069724                   /usr/lib/jvm/java-7-oracle/jre/lib/amd64/server/libjvm.so
7f0de4f70000-7f0de5034000 rw-p 00b75000 fc:01 12069724                   /usr/lib/jvm/java-7-oracle/jre/lib/amd64/server/libjvm.so
7f0de5034000-7f0de5075000 rw-p 00000000 00:00 0 
7f0de5075000-7f0de5230000 r-xp 00000000 fc:01 5509219                    /lib/x86_64-linux-gnu/libc-2.19.so
7f0de5230000-7f0de542f000 ---p 001bb000 fc:01 5509219                    /lib/x86_64-linux-gnu/libc-2.19.so
7f0de542f000-7f0de5433000 r--p 001ba000 fc:01 5509219                    /lib/x86_64-linux-gnu/libc-2.19.so
7f0de5433000-7f0de5435000 rw-p 001be000 fc:01 5509219                    /lib/x86_64-linux-gnu/libc-2.19.so
7f0de5435000-7f0de543a000 rw-p 00000000 00:00 0 
7f0de543a000-7f0de543d000 r-xp 00000000 fc:01 5509236                    /lib/x86_64-linux-gnu/libdl-2.19.so
7f0de543d000-7f0de563c000 ---p 00003000 fc:01 5509236                    /lib/x86_64-linux-gnu/libdl-2.19.so
7f0de563c000-7f0de563d000 r--p 00002000 fc:01 5509236                    /lib/x86_64-linux-gnu/libdl-2.19.so
7f0de563d000-7f0de563e000 rw-p 00003000 fc:01 5509236                    /lib/x86_64-linux-gnu/libdl-2.19.so
7f0de563e000-7f0de5653000 r-xp 00000000 fc:01 12070432                   /usr/lib/jvm/java-7-oracle/lib/amd64/jli/libjli.so
7f0de5653000-7f0de5852000 ---p 00015000 fc:01 12070432                   /usr/lib/jvm/java-7-oracle/lib/amd64/jli/libjli.so
7f0de5852000-7f0de5853000 rw-p 00014000 fc:01 12070432                   /usr/lib/jvm/java-7-oracle/lib/amd64/jli/libjli.so
7f0de5853000-7f0de586c000 r-xp 00000000 fc:01 5509339                    /lib/x86_64-linux-gnu/libpthread-2.19.so
7f0de586c000-7f0de5a6b000 ---p 00019000 fc:01 5509339                    /lib/x86_64-linux-gnu/libpthread-2.19.so
7f0de5a6b000-7f0de5a6c000 r--p 00018000 fc:01 5509339                    /lib/x86_64-linux-gnu/libpthread-2.19.so
7f0de5a6c000-7f0de5a6d000 rw-p 00019000 fc:01 5509339                    /lib/x86_64-linux-gnu/libpthread-2.19.so
7f0de5a6d000-7f0de5a71000 rw-p 00000000 00:00 0 
7f0de5a71000-7f0de5a94000 r-xp 00000000 fc:01 5509195                    /lib/x86_64-linux-gnu/ld-2.19.so
7f0de5a94000-7f0de5a96000 r--s 0000a000 00:1c 3803046                    /home/antorweep/.ivy2/cache/com.twitter/chill-java/jars/chill-java-0.5.0.jar
7f0de5a96000-7f0de5a9f000 r--s 00062000 00:1c 4066132                    /home/antorweep/.ivy2/cache/org.apache.avro/avro/jars/avro-1.7.7.jar
7f0de5a9f000-7f0de5aa3000 r--s 0002c000 00:1c 3803131                    /home/antorweep/.ivy2/cache/org.apache.avro/avro-ipc/jars/avro-ipc-1.7.7.jar
7f0de5aa3000-7f0de5aaa000 r--s 0004e000 00:1c 3803130                    /home/antorweep/.ivy2/cache/org.apache.avro/avro-ipc/jars/avro-ipc-1.7.7-tests.jar
7f0de5aaa000-7f0de5aaf000 r--s 00028000 00:1c 3803042                    /home/antorweep/.ivy2/cache/org.apache.avro/avro-mapred/jars/avro-mapred-1.7.7-hadoop2.jar
7f0de5aaf000-7f0de5abd000 rw-p 00000000 00:00 0 
7f0de5abd000-7f0de5b6f000 rw-p 00000000 00:00 0 
7f0de5b6f000-7f0de5b72000 ---p 00000000 00:00 0 
7f0de5b72000-7f0de5c74000 rw-p 00000000 00:00 0                          [stack:9366]
7f0de5c74000-7f0de5c75000 r--s 00007000 00:1c 3803070                    /home/antorweep/.ivy2/cache/org.slf4j/slf4j-api/jars/slf4j-api-1.7.10.jar
7f0de5c75000-7f0de5c7f000 r--s 000a3000 00:1c 4720185                    /home/antorweep/.p2/pool/plugins/org.scala-ide.scala210.jars_4.2.0.201509281532/target/jars/scala-swing.jar
7f0de5c7f000-7f0de5c87000 r--s 0006d000 00:1c 4720184                    /home/antorweep/.p2/pool/plugins/org.scala-ide.scala210.jars_4.2.0.201509281532/target/jars/scala-actor.jar
7f0de5c87000-7f0de5c8f000 rw-s 00000000 fc:01 9175152                    /tmp/hsperfdata_antorweep/9360
7f0de5c8f000-7f0de5c90000 rw-p 00000000 00:00 0 
7f0de5c90000-7f0de5c91000 ---p 00000000 00:00 0 
7f0de5c91000-7f0de5c93000 rw-p 00000000 00:00 0 
7f0de5c93000-7f0de5c94000 r--p 00022000 fc:01 5509195                    /lib/x86_64-linux-gnu/ld-2.19.so
7f0de5c94000-7f0de5c95000 rw-p 00023000 fc:01 5509195                    /lib/x86_64-linux-gnu/ld-2.19.so
7f0de5c95000-7f0de5c96000 rw-p 00000000 00:00 0 
7ffdea93a000-7ffdea95e000 rw-p 00000000 00:00 0                          [stack]
7ffdea9e5000-7ffdea9e7000 r--p 00000000 00:00 0                          [vvar]
7ffdea9e7000-7ffdea9e9000 r-xp 00000000 00:00 0                          [vdso]
ffffffffff600000-ffffffffff601000 r-xp 00000000 00:00 0                  [vsyscall]

VM Arguments:
jvm_args: -Dfile.encoding=UTF-8 -Xbootclasspath/p:/home/antorweep/.p2/pool/plugins/org.scala-ide.scala210.jars_4.2.0.201509281532/target/jars/scala-library.jar:/home/antorweep/.p2/pool/plugins/org.scala-ide.scala210.jars_4.2.0.201509281532/target/jars/scala-reflect.jar:/home/antorweep/.p2/pool/plugins/org.scala-ide.scala210.jars_4.2.0.201509281532/target/jars/scala-actor.jar:/home/antorweep/.p2/pool/plugins/org.scala-ide.scala210.jars_4.2.0.201509281532/target/jars/scala-swing.jar:/home/antorweep/.p2/pool/plugins/org.scala-ide.scala210.jars_4.2.0.201509281532/target/jars/scala-compiler.jar 
java_command: uis.cipsi.incognito.examples.IncognitoMain local 4 4gb /home/antorweep/workspace/incognito/data/islr/ /home/antorweep/workspace/incognito/data/tmp/ islr.dat 0,9
Launcher Type: SUN_STANDARD

Environment Variables:
JAVA_HOME=/usr/lib/jvm/java-7-oracle
PATH=/usr/local/sbin:/usr/local/bin:/usr/sbin:/usr/bin:/sbin:/bin:/usr/games:/usr/local/games:/usr/lib/jvm/java-7-oracle/bin:/usr/lib/jvm/java-7-oracle/db/bin:/usr/lib/jvm/java-7-oracle/jre/bin
SHELL=/bin/bash
DISPLAY=:0.0

Signal Handlers:
SIGSEGV: [libjvm.so+0x9a3b20], sa_mask[0]=0x7ffbfeff, sa_flags=0x10000004
SIGBUS: [libjvm.so+0x9a3b20], sa_mask[0]=0x7ffbfeff, sa_flags=0x10000004
SIGFPE: [libjvm.so+0x81e740], sa_mask[0]=0x7ffbfeff, sa_flags=0x10000004
SIGPIPE: [libjvm.so+0x81e740], sa_mask[0]=0x7ffbfeff, sa_flags=0x10000004
SIGXFSZ: [libjvm.so+0x81e740], sa_mask[0]=0x7ffbfeff, sa_flags=0x10000004
SIGILL: [libjvm.so+0x81e740], sa_mask[0]=0x7ffbfeff, sa_flags=0x10000004
SIGUSR1: SIG_DFL, sa_mask[0]=0x00000000, sa_flags=0x00000000
SIGUSR2: [libjvm.so+0x81ffb0], sa_mask[0]=0x00000004, sa_flags=0x10000004
SIGHUP: [libjvm.so+0x8210d0], sa_mask[0]=0x7ffbfeff, sa_flags=0x10000004
SIGINT: [libjvm.so+0x8210d0], sa_mask[0]=0x7ffbfeff, sa_flags=0x10000004
SIGTERM: [libjvm.so+0x8210d0], sa_mask[0]=0x7ffbfeff, sa_flags=0x10000004
SIGQUIT: [libjvm.so+0x8210d0], sa_mask[0]=0x7ffbfeff, sa_flags=0x10000004


---------------  S Y S T E M  ---------------

OS:jessie/sid

uname:Linux 3.19.0-31-generic #36~14.04.1-Ubuntu SMP Thu Oct 8 10:21:08 UTC 2015 x86_64
libc:glibc 2.19 NPTL 2.19 
rlimit: STACK 8192k, CORE 0k, NPROC 31438, NOFILE 4096, AS infinity
load average:4,92 1,59 0,97

/proc/meminfo:
MemTotal:        8080536 kB
MemFree:          121496 kB
MemAvailable:      73596 kB
Buffers:             288 kB
Cached:          1171428 kB
SwapCached:            0 kB
Active:          6687804 kB
Inactive:        1015940 kB
Active(anon):    6680332 kB
Inactive(anon):  1008568 kB
Active(file):       7472 kB
Inactive(file):     7372 kB
Unevictable:          32 kB
Mlocked:              32 kB
SwapTotal:             0 kB
SwapFree:              0 kB
Dirty:               104 kB
Writeback:             0 kB
AnonPages:       6532588 kB
Mapped:           779344 kB
Shmem:           1156344 kB
Slab:             123568 kB
SReclaimable:      58292 kB
SUnreclaim:        65276 kB
KernelStack:       17344 kB
PageTables:        73692 kB
NFS_Unstable:          0 kB
Bounce:                0 kB
WritebackTmp:          0 kB
CommitLimit:     4040268 kB
Committed_AS:   21454604 kB
VmallocTotal:   34359738367 kB
VmallocUsed:      360556 kB
VmallocChunk:   34359292208 kB
HardwareCorrupted:     0 kB
AnonHugePages:   2564096 kB
CmaTotal:              0 kB
CmaFree:               0 kB
HugePages_Total:       0
HugePages_Free:        0
HugePages_Rsvd:        0
HugePages_Surp:        0
Hugepagesize:       2048 kB
DirectMap4k:      361216 kB
DirectMap2M:     7931904 kB
DirectMap1G:     1048576 kB


CPU:total 4 (4 cores per cpu, 1 threads per core) family 6 model 60 stepping 3, cmov, cx8, fxsr, mmx, sse, sse2, sse3, ssse3, sse4.1, sse4.2, popcnt, avx, avx2, aes, erms, tsc, tscinvbit

/proc/cpuinfo:
processor	: 0
vendor_id	: GenuineIntel
cpu family	: 6
model		: 60
model name	: Intel(R) Core(TM) i5-4570 CPU @ 3.20GHz
stepping	: 3
microcode	: 0x1a
cpu MHz		: 3199.875
cache size	: 6144 KB
physical id	: 0
siblings	: 4
core id		: 0
cpu cores	: 4
apicid		: 0
initial apicid	: 0
fpu		: yes
fpu_exception	: yes
cpuid level	: 13
wp		: yes
flags		: fpu vme de pse tsc msr pae mce cx8 apic sep mtrr pge mca cmov pat pse36 clflush dts acpi mmx fxsr sse sse2 ss ht tm pbe syscall nx pdpe1gb rdtscp lm constant_tsc arch_perfmon pebs bts rep_good nopl xtopology nonstop_tsc aperfmperf eagerfpu pni pclmulqdq dtes64 monitor ds_cpl vmx smx est tm2 ssse3 fma cx16 xtpr pdcm pcid sse4_1 sse4_2 x2apic movbe popcnt tsc_deadline_timer aes xsave avx f16c rdrand lahf_lm abm ida arat epb pln pts dtherm tpr_shadow vnmi flexpriority ept vpid fsgsbase tsc_adjust bmi1 hle avx2 smep bmi2 erms invpcid rtm xsaveopt
bugs		:
bogomips	: 6385.94
clflush size	: 64
cache_alignment	: 64
address sizes	: 39 bits physical, 48 bits virtual
power management:

processor	: 1
vendor_id	: GenuineIntel
cpu family	: 6
model		: 60
model name	: Intel(R) Core(TM) i5-4570 CPU @ 3.20GHz
stepping	: 3
microcode	: 0x1a
cpu MHz		: 3200.000
cache size	: 6144 KB
physical id	: 0
siblings	: 4
core id		: 1
cpu cores	: 4
apicid		: 2
initial apicid	: 2
fpu		: yes
fpu_exception	: yes
cpuid level	: 13
wp		: yes
flags		: fpu vme de pse tsc msr pae mce cx8 apic sep mtrr pge mca cmov pat pse36 clflush dts acpi mmx fxsr sse sse2 ss ht tm pbe syscall nx pdpe1gb rdtscp lm constant_tsc arch_perfmon pebs bts rep_good nopl xtopology nonstop_tsc aperfmperf eagerfpu pni pclmulqdq dtes64 monitor ds_cpl vmx smx est tm2 ssse3 fma cx16 xtpr pdcm pcid sse4_1 sse4_2 x2apic movbe popcnt tsc_deadline_timer aes xsave avx f16c rdrand lahf_lm abm ida arat epb pln pts dtherm tpr_shadow vnmi flexpriority ept vpid fsgsbase tsc_adjust bmi1 hle avx2 smep bmi2 erms invpcid rtm xsaveopt
bugs		:
bogomips	: 6385.94
clflush size	: 64
cache_alignment	: 64
address sizes	: 39 bits physical, 48 bits virtual
power management:

processor	: 2
vendor_id	: GenuineIntel
cpu family	: 6
model		: 60
model name	: Intel(R) Core(TM) i5-4570 CPU @ 3.20GHz
stepping	: 3
microcode	: 0x1a
cpu MHz		: 3331.625
cache size	: 6144 KB
physical id	: 0
siblings	: 4
core id		: 2
cpu cores	: 4
apicid		: 4
initial apicid	: 4
fpu		: yes
fpu_exception	: yes
cpuid level	: 13
wp		: yes
flags		: fpu vme de pse tsc msr pae mce cx8 apic sep mtrr pge mca cmov pat pse36 clflush dts acpi mmx fxsr sse sse2 ss ht tm pbe syscall nx pdpe1gb rdtscp lm constant_tsc arch_perfmon pebs bts rep_good nopl xtopology nonstop_tsc aperfmperf eagerfpu pni pclmulqdq dtes64 monitor ds_cpl vmx smx est tm2 ssse3 fma cx16 xtpr pdcm pcid sse4_1 sse4_2 x2apic movbe popcnt tsc_deadline_timer aes xsave avx f16c rdrand lahf_lm abm ida arat epb pln pts dtherm tpr_shadow vnmi flexpriority ept vpid fsgsbase tsc_adjust bmi1 hle avx2 smep bmi2 erms invpcid rtm xsaveopt
bugs		:
bogomips	: 6385.94
clflush size	: 64
cache_alignment	: 64
address sizes	: 39 bits physical, 48 bits virtual
power management:

processor	: 3
vendor_id	: GenuineIntel
cpu family	: 6
model		: 60
model name	: Intel(R) Core(TM) i5-4570 CPU @ 3.20GHz
stepping	: 3
microcode	: 0x1a
cpu MHz		: 3333.375
cache size	: 6144 KB
physical id	: 0
siblings	: 4
core id		: 3
cpu cores	: 4
apicid		: 6
initial apicid	: 6
fpu		: yes
fpu_exception	: yes
cpuid level	: 13
wp		: yes
flags		: fpu vme de pse tsc msr pae mce cx8 apic sep mtrr pge mca cmov pat pse36 clflush dts acpi mmx fxsr sse sse2 ss ht tm pbe syscall nx pdpe1gb rdtscp lm constant_tsc arch_perfmon pebs bts rep_good nopl xtopology nonstop_tsc aperfmperf eagerfpu pni pclmulqdq dtes64 monitor ds_cpl vmx smx est tm2 ssse3 fma cx16 xtpr pdcm pcid sse4_1 sse4_2 x2apic movbe popcnt tsc_deadline_timer aes xsave avx f16c rdrand lahf_lm abm ida arat epb pln pts dtherm tpr_shadow vnmi flexpriority ept vpid fsgsbase tsc_adjust bmi1 hle avx2 smep bmi2 erms invpcid rtm xsaveopt
bugs		:
bogomips	: 6385.94
clflush size	: 64
cache_alignment	: 64
address sizes	: 39 bits physical, 48 bits virtual
power management:



Memory: 4k page, physical 8080536k(118144k free), swap 0k(0k free)

vm_info: Java HotSpot(TM) 64-Bit Server VM (24.80-b11) for linux-amd64 JRE (1.7.0_80-b15), built on Apr 10 2015 19:53:14 by "java_re" with gcc 4.3.0 20080428 (Red Hat 4.3.0-8)

time: Sun Nov 29 14:14:52 2015
elapsed time: 22 seconds

