#
# There is insufficient memory for the Java Runtime Environment to continue.
# Native memory allocation (malloc) failed to allocate 123731968 bytes for committing reserved memory.
# Possible reasons:
#   The system is out of physical RAM or swap space
#   In 32 bit mode, the process size limit was hit
# Possible solutions:
#   Reduce memory load on the system
#   Increase physical memory or swap space
#   Check if swap backing store is full
#   Use 64 bit Java on a 64 bit OS
#   Decrease Java heap size (-Xmx/-Xms)
#   Decrease number of Java threads
#   Decrease Java thread stack sizes (-Xss)
#   Set larger code cache with -XX:ReservedCodeCacheSize=
# This output file may be truncated or incomplete.
#
#  Out of Memory Error (os_linux.cpp:2756), pid=9585, tid=139642957453056
#
# JRE version: Java(TM) SE Runtime Environment (7.0_80-b15) (build 1.7.0_80-b15)
# Java VM: Java HotSpot(TM) 64-Bit Server VM (24.80-b11 mixed mode linux-amd64 compressed oops)
# Failed to write core dump. Core dumps have been disabled. To enable core dumping, try "ulimit -c unlimited" before starting Java again
#

---------------  T H R E A D  ---------------

Current thread (0x00007f012c098800):  VMThread [stack: 0x00007f0128cfd000,0x00007f0128dfe000] [id=9595]

Stack: [0x00007f0128cfd000,0x00007f0128dfe000],  sp=0x00007f0128dfc0c0,  free space=1020k
Native frames: (J=compiled Java code, j=interpreted, Vv=VM code, C=native code)
V  [libjvm.so+0x9a320a]  VMError::report_and_die()+0x2ea
V  [libjvm.so+0x498d3b]  report_vm_out_of_memory(char const*, int, unsigned long, char const*)+0x9b
V  [libjvm.so+0x82191e]  os::Linux::commit_memory_impl(char*, unsigned long, bool)+0xfe
V  [libjvm.so+0x821e69]  os::pd_commit_memory(char*, unsigned long, unsigned long, bool)+0x29
V  [libjvm.so+0x81bb6a]  os::commit_memory(char*, unsigned long, unsigned long, bool)+0x2a
V  [libjvm.so+0x88d623]  PSVirtualSpace::expand_by(unsigned long)+0x53
V  [libjvm.so+0x88e9f8]  PSYoungGen::resize_generation(unsigned long, unsigned long)+0xf8
V  [libjvm.so+0x88db62]  PSYoungGen::resize(unsigned long, unsigned long)+0x22
V  [libjvm.so+0x88af1d]  PSScavenge::invoke_no_policy()+0xf3d
V  [libjvm.so+0x88b761]  PSScavenge::invoke()+0x41
V  [libjvm.so+0x843f40]  ParallelScavengeHeap::failed_mem_allocate(unsigned long)+0x70
V  [libjvm.so+0x9a4a97]  VM_ParallelGCFailedAllocation::doit()+0x97
V  [libjvm.so+0x9abf35]  VM_Operation::evaluate()+0x55
V  [libjvm.so+0x9aa2fa]  VMThread::evaluate_operation(VM_Operation*)+0xba
V  [libjvm.so+0x9aa67e]  VMThread::loop()+0x1ce
V  [libjvm.so+0x9aaaf0]  VMThread::run()+0x70
V  [libjvm.so+0x8238c8]  java_start(Thread*)+0x108

VM_Operation (0x00007f0122a5f510): ParallelGCFailedAllocation, mode: safepoint, requested by thread 0x00007f012cb32800


---------------  P R O C E S S  ---------------

Java Threads: ( => current thread )
  0x00007f00d802d800 JavaThread "task-result-getter-3" daemon [_thread_blocked, id=9686, stack(0x00007f011ad9e000,0x00007f011ae9f000)]
  0x00007f00d802c000 JavaThread "task-result-getter-2" daemon [_thread_blocked, id=9685, stack(0x00007f011ae9f000,0x00007f011afa0000)]
  0x00007f010c007000 JavaThread "block-manager-ask-thread-pool-1" daemon [_thread_blocked, id=9684, stack(0x00007f011afa0000,0x00007f011b0a1000)]
  0x00007f0124032000 JavaThread "block-manager-slave-async-thread-pool-2" daemon [_thread_blocked, id=9683, stack(0x00007f011b0a1000,0x00007f011b1a2000)]
  0x00007f0124031000 JavaThread "block-manager-slave-async-thread-pool-1" daemon [_thread_blocked, id=9682, stack(0x00007f011b1a2000,0x00007f011b2a3000)]
  0x00007f00d802a800 JavaThread "block-manager-slave-async-thread-pool-0" daemon [_thread_blocked, id=9681, stack(0x00007f011b2a3000,0x00007f011b3a4000)]
  0x00007f00e4056800 JavaThread "block-manager-ask-thread-pool-0" daemon [_thread_blocked, id=9680, stack(0x00007f011b3a4000,0x00007f011b4a5000)]
  0x00007f00e404b800 JavaThread "task-result-getter-1" daemon [_thread_blocked, id=9655, stack(0x00007f011b4a5000,0x00007f011b5a6000)]
  0x00007f00e4045800 JavaThread "task-result-getter-0" daemon [_thread_blocked, id=9654, stack(0x00007f011b5a6000,0x00007f011b6a7000)]
  0x00007f00e4044800 JavaThread "Executor task launch worker-0" daemon [_thread_blocked, id=9650, stack(0x00007f011b7a8000,0x00007f011b8a9000)]
  0x00007f012d12c000 JavaThread "process reaper" daemon [_thread_blocked, id=9648, stack(0x00007f01200c4000,0x00007f01200fd000)]
  0x00007f012d02c800 JavaThread "SparkListenerBus" daemon [_thread_blocked, id=9646, stack(0x00007f011bafb000,0x00007f011bbfc000)]
  0x00007f012d02b000 JavaThread "Spark Context Cleaner" daemon [_thread_blocked, id=9645, stack(0x00007f011bbfc000,0x00007f011bcfd000)]
  0x00007f012cf5b800 JavaThread "shuffle-server-0" daemon [_thread_blocked, id=9644, stack(0x00007f011bcfd000,0x00007f011bdfe000)]
  0x00007f012ce6d800 JavaThread "driver-heartbeater" daemon [_thread_blocked, id=9642, stack(0x00007f011bdfe000,0x00007f011beff000)]
  0x00007f012ce66800 JavaThread "dag-scheduler-event-loop" daemon [_thread_blocked, id=9641, stack(0x00007f011beff000,0x00007f011c000000)]
  0x00007f012ce4b000 JavaThread "Timer-0" daemon [_thread_blocked, id=9640, stack(0x00007f01200fd000,0x00007f01201fe000)]
  0x00007f00d8017000 JavaThread "heartbeat-receiver-event-loop-thread" daemon [_thread_blocked, id=9639, stack(0x00007f01201fe000,0x00007f01202ff000)]
  0x00007f012ce2a800 JavaThread "qtp336500954-46" daemon [_thread_blocked, id=9638, stack(0x00007f01202ff000,0x00007f0120400000)]
  0x00007f012ce28800 JavaThread "qtp336500954-45" daemon [_thread_blocked, id=9637, stack(0x00007f0120400000,0x00007f0120501000)]
  0x00007f012ce26800 JavaThread "qtp336500954-44" daemon [_thread_blocked, id=9636, stack(0x00007f0120501000,0x00007f0120602000)]
  0x00007f012ce25000 JavaThread "qtp336500954-43" daemon [_thread_blocked, id=9635, stack(0x00007f0120602000,0x00007f0120703000)]
  0x00007f012ce23000 JavaThread "qtp336500954-42" daemon [_thread_blocked, id=9634, stack(0x00007f0120703000,0x00007f0120804000)]
  0x00007f012ce21800 JavaThread "qtp336500954-41" daemon [_thread_blocked, id=9633, stack(0x00007f0120804000,0x00007f0120905000)]
  0x00007f012ce20000 JavaThread "qtp336500954-40 Acceptor0 SelectChannelConnector@0.0.0.0:4040" daemon [_thread_in_native, id=9632, stack(0x00007f0120905000,0x00007f0120a06000)]
  0x00007f012ce1d800 JavaThread "qtp336500954-39 Selector0" daemon [_thread_blocked, id=9631, stack(0x00007f0120a06000,0x00007f0120b07000)]
  0x00007f012cd4b000 JavaThread "refresh progress" daemon [_thread_blocked, id=9630, stack(0x00007f0121148000,0x00007f0121249000)]
  0x00007f012cd35800 JavaThread "SPARK_CONTEXT cleanup timer" daemon [_thread_blocked, id=9629, stack(0x00007f0121249000,0x00007f012134a000)]
  0x00007f012cce7000 JavaThread "qtp1161388676-35" daemon [_thread_blocked, id=9628, stack(0x00007f012134a000,0x00007f012144b000)]
  0x00007f012cce5000 JavaThread "qtp1161388676-34" daemon [_thread_blocked, id=9627, stack(0x00007f012144b000,0x00007f012154c000)]
  0x00007f012cce3000 JavaThread "qtp1161388676-33" daemon [_thread_blocked, id=9626, stack(0x00007f012154c000,0x00007f012164d000)]
  0x00007f012cce1000 JavaThread "qtp1161388676-32" daemon [_thread_blocked, id=9625, stack(0x00007f012164d000,0x00007f012174e000)]
  0x00007f012ccdf000 JavaThread "qtp1161388676-31" daemon [_thread_blocked, id=9624, stack(0x00007f012174e000,0x00007f012184f000)]
  0x00007f012ccdd000 JavaThread "qtp1161388676-30" daemon [_thread_blocked, id=9623, stack(0x00007f012184f000,0x00007f0121950000)]
  0x00007f012ccdb800 JavaThread "qtp1161388676-29" daemon [_thread_blocked, id=9622, stack(0x00007f0121950000,0x00007f0121a51000)]
  0x00007f012ccdb000 JavaThread "qtp1161388676-28 Acceptor0 SocketConnector@0.0.0.0:58985" daemon [_thread_in_native, id=9621, stack(0x00007f0121a51000,0x00007f0121b52000)]
  0x00007f012cc56000 JavaThread "BROADCAST_VARS cleanup timer" daemon [_thread_blocked, id=9620, stack(0x00007f0121b52000,0x00007f0121c53000)]
  0x00007f012cc0e800 JavaThread "BLOCK_MANAGER cleanup timer" daemon [_thread_blocked, id=9619, stack(0x00007f0121c53000,0x00007f0121d54000)]
  0x00007f012cbef000 JavaThread "MAP_OUTPUT_TRACKER cleanup timer" daemon [_thread_blocked, id=9618, stack(0x00007f0121d54000,0x00007f0121e55000)]
  0x00007f00d40bc800 JavaThread "New I/O server boss #6" daemon [_thread_in_native, id=9617, stack(0x00007f0121e55000,0x00007f0121f56000)]
  0x00007f00d40ab800 JavaThread "New I/O worker #5" daemon [_thread_blocked, id=9616, stack(0x00007f0121f56000,0x00007f0122057000)]
  0x00007f00d406f000 JavaThread "New I/O worker #4" daemon [_thread_blocked, id=9615, stack(0x00007f0122057000,0x00007f0122158000)]
  0x00007f00d4072000 JavaThread "New I/O boss #3" daemon [_thread_blocked, id=9614, stack(0x00007f0122158000,0x00007f0122259000)]
  0x00007f00d402e000 JavaThread "New I/O worker #2" daemon [_thread_blocked, id=9613, stack(0x00007f0122259000,0x00007f012235a000)]
  0x00007f00d4019800 JavaThread "New I/O worker #1" daemon [_thread_blocked, id=9612, stack(0x00007f012235a000,0x00007f012245b000)]
  0x00007f012cbc6000 JavaThread "sparkDriver-akka.remote.default-remote-dispatcher-6" daemon [_thread_blocked, id=9611, stack(0x00007f012245b000,0x00007f012255c000)]
  0x00007f00d800a800 JavaThread "sparkDriver-akka.remote.default-remote-dispatcher-5" daemon [_thread_blocked, id=9610, stack(0x00007f012255c000,0x00007f012265d000)]
  0x00007f00d8008000 JavaThread "sparkDriver-akka.actor.default-dispatcher-4" daemon [_thread_blocked, id=9609, stack(0x00007f012265d000,0x00007f012275e000)]
  0x00007f012cb93800 JavaThread "sparkDriver-akka.actor.default-dispatcher-3" daemon [_thread_blocked, id=9608, stack(0x00007f012275e000,0x00007f012285f000)]
  0x00007f012c1e0000 JavaThread "sparkDriver-akka.actor.default-dispatcher-2" daemon [_thread_blocked, id=9607, stack(0x00007f012285f000,0x00007f0122960000)]
  0x00007f012cb32800 JavaThread "sparkDriver-scheduler-1" daemon [_thread_blocked, id=9606, stack(0x00007f0122960000,0x00007f0122a61000)]
  0x00007f012c0c8800 JavaThread "Service Thread" daemon [_thread_blocked, id=9601, stack(0x00007f0123dfe000,0x00007f0123eff000)]
  0x00007f012c0c6000 JavaThread "C2 CompilerThread1" daemon [_thread_blocked, id=9600, stack(0x00007f0123eff000,0x00007f0124000000)]
  0x00007f012c0c3000 JavaThread "C2 CompilerThread0" daemon [_thread_blocked, id=9599, stack(0x00007f01280e6000,0x00007f01281e7000)]
  0x00007f012c0c1000 JavaThread "Signal Dispatcher" daemon [_thread_blocked, id=9598, stack(0x00007f01281e7000,0x00007f01282e8000)]
  0x00007f012c09f000 JavaThread "Finalizer" daemon [_thread_blocked, id=9597, stack(0x00007f0128afb000,0x00007f0128bfc000)]
  0x00007f012c09d000 JavaThread "Reference Handler" daemon [_thread_blocked, id=9596, stack(0x00007f0128bfc000,0x00007f0128cfd000)]
  0x00007f012c010800 JavaThread "main" [_thread_blocked, id=9590, stack(0x00007f0134f62000,0x00007f0135063000)]

Other Threads:
=>0x00007f012c098800 VMThread [stack: 0x00007f0128cfd000,0x00007f0128dfe000] [id=9595]
  0x00007f012c0e3800 WatcherThread [stack: 0x00007f0123cfd000,0x00007f0123dfe000] [id=9602]

VM state:at safepoint (normal execution)

VM Mutex/Monitor currently owned by a thread:  ([mutex/lock_event])
[0x00007f012c00cee0] Threads_lock - owner thread: 0x00007f012c098800
[0x00007f012c00d3e0] Heap_lock - owner thread: 0x00007f012cb32800

Heap
 PSYoungGen      total 534016K, used 6627K [0x00000007d6e00000, 0x00000007f8a00000, 0x0000000800000000)
  eden space 515584K, 0% used [0x00000007d6e00000,0x00000007d6e00000,0x00000007f6580000)
  from space 18432K, 35% used [0x00000007f6580000,0x00000007f6bf8f68,0x00000007f7780000)
  to   space 17920K, 0% used [0x00000007f7780000,0x00000007f7780000,0x00000007f8900000)
 ParOldGen       total 83968K, used 33283K [0x0000000784a00000, 0x0000000789c00000, 0x00000007d6e00000)
  object space 83968K, 39% used [0x0000000784a00000,0x0000000786a80d50,0x0000000789c00000)
 PSPermGen       total 53760K, used 53656K [0x000000077f800000, 0x0000000782c80000, 0x0000000784a00000)
  object space 53760K, 99% used [0x000000077f800000,0x0000000782c66130,0x0000000782c80000)

Card table byte_map: [0x00007f0131e52000,0x00007f0132257000] byte_map_base: 0x00007f012e256000

Polling page: 0x00007f0135083000

Code Cache  [0x00007f0129000000, 0x00007f0129380000, 0x00007f012c000000)
 total_blobs=2028 nmethods=1479 adapters=501 free_code_cache=45683Kb largest_free_block=46703872

Compilation events (10 events):
Event: 8,820 Thread 0x00007f012c0c6000 nmethod 1603 0x00007f0129364d50 code [0x00007f0129364ea0, 0x00007f0129365018]
Event: 8,820 Thread 0x00007f012c0c6000 1604             uis.cipsi.incognito.informationLoss.InformationLoss$$anonfun$distance$4::apply (7 bytes)
Event: 8,820 Thread 0x00007f012c0c6000 nmethod 1604 0x00007f0129364b50 code [0x00007f0129364c80, 0x00007f0129364cd8]
Event: 8,820 Thread 0x00007f012c0c6000 1605             uis.cipsi.incognito.informationLoss.InformationLoss$$anonfun$distance$4::apply$mcDDD$sp (4 bytes)
Event: 8,820 Thread 0x00007f012c0c6000 nmethod 1605 0x00007f0129364950 code [0x00007f0129364a80, 0x00007f0129364ad8]
Event: 8,909 Thread 0x00007f012c0c3000 nmethod 1586 0x00007f012936de50 code [0x00007f012936e3a0, 0x00007f0129371ad8]
Event: 8,910 Thread 0x00007f012c0c6000 1606             java.util.zip.Inflater::finalize (5 bytes)
Event: 8,912 Thread 0x00007f012c0c6000 nmethod 1606 0x00007f012936bd90 code [0x00007f012936bee0, 0x00007f012936c268]
Event: 8,919 Thread 0x00007f012c0c6000 1608             java.lang.Thread::isInterrupted (6 bytes)
Event: 8,919 Thread 0x00007f012c0c6000 nmethod 1608 0x00007f012936c3d0 code [0x00007f012936c520, 0x00007f012936c5c8]

GC Heap History (10 events):
Event: 3,757 GC heap after
Heap after GC invocations=4 (full 0):
 PSYoungGen      total 134144K, used 5094K [0x00000007d6e00000, 0x00000007df600000, 0x0000000800000000)
  eden space 129024K, 0% used [0x00000007d6e00000,0x00000007d6e00000,0x00000007dec00000)
  from space 5120K, 99% used [0x00000007df100000,0x00000007df5f98c0,0x00000007df600000)
  to   space 5120K, 0% used [0x00000007dec00000,0x00000007dec00000,0x00000007df100000)
 ParOldGen       total 83968K, used 14834K [0x0000000784a00000, 0x0000000789c00000, 0x00000007d6e00000)
  object space 83968K, 17% used [0x0000000784a00000,0x000000078587c838,0x0000000789c00000)
 PSPermGen       total 35840K, used 35402K [0x000000077f800000, 0x0000000781b00000, 0x0000000784a00000)
  object space 35840K, 98% used [0x000000077f800000,0x0000000781a92800,0x0000000781b00000)
}
Event: 5,299 GC heap before
{Heap before GC invocations=5 (full 0):
 PSYoungGen      total 134144K, used 134118K [0x00000007d6e00000, 0x00000007df600000, 0x0000000800000000)
  eden space 129024K, 100% used [0x00000007d6e00000,0x00000007dec00000,0x00000007dec00000)
  from space 5120K, 99% used [0x00000007df100000,0x00000007df5f98c0,0x00000007df600000)
  to   space 5120K, 0% used [0x00000007dec00000,0x00000007dec00000,0x00000007df100000)
 ParOldGen       total 83968K, used 14834K [0x0000000784a00000, 0x0000000789c00000, 0x00000007d6e00000)
  object space 83968K, 17% used [0x0000000784a00000,0x000000078587c838,0x0000000789c00000)
 PSPermGen       total 48640K, used 48358K [0x000000077f800000, 0x0000000782780000, 0x0000000784a00000)
  object space 48640K, 99% used [0x000000077f800000,0x0000000782739a28,0x0000000782780000)
Event: 5,336 GC heap after
Heap after GC invocations=5 (full 0):
 PSYoungGen      total 134144K, used 5114K [0x00000007d6e00000, 0x00000007e8e00000, 0x0000000800000000)
  eden space 129024K, 0% used [0x00000007d6e00000,0x00000007d6e00000,0x00000007dec00000)
  from space 5120K, 99% used [0x00000007dec00000,0x00000007df0fe950,0x00000007df100000)
  to   space 18432K, 0% used [0x00000007e7c00000,0x00000007e7c00000,0x00000007e8e00000)
 ParOldGen       total 83968K, used 25984K [0x0000000784a00000, 0x0000000789c00000, 0x00000007d6e00000)
  object space 83968K, 30% used [0x0000000784a00000,0x0000000786360160,0x0000000789c00000)
 PSPermGen       total 48640K, used 48358K [0x000000077f800000, 0x0000000782780000, 0x0000000784a00000)
  object space 48640K, 99% used [0x000000077f800000,0x0000000782739a28,0x0000000782780000)
}
Event: 6,403 GC heap before
{Heap before GC invocations=6 (full 0):
 PSYoungGen      total 134144K, used 134138K [0x00000007d6e00000, 0x00000007e8e00000, 0x0000000800000000)
  eden space 129024K, 100% used [0x00000007d6e00000,0x00000007dec00000,0x00000007dec00000)
  from space 5120K, 99% used [0x00000007dec00000,0x00000007df0fe950,0x00000007df100000)
  to   space 18432K, 0% used [0x00000007e7c00000,0x00000007e7c00000,0x00000007e8e00000)
 ParOldGen       total 83968K, used 25984K [0x0000000784a00000, 0x0000000789c00000, 0x00000007d6e00000)
  object space 83968K, 30% used [0x0000000784a00000,0x0000000786360160,0x0000000789c00000)
 PSPermGen       total 52224K, used 51766K [0x000000077f800000, 0x0000000782b00000, 0x0000000784a00000)
  object space 52224K, 99% used [0x000000077f800000,0x0000000782a8d918,0x0000000782b00000)
Event: 6,414 GC heap after
Heap after GC invocations=6 (full 0):
 PSYoungGen      total 274432K, used 10005K [0x00000007d6e00000, 0x00000007e8c00000, 0x0000000800000000)
  eden space 258048K, 0% used [0x00000007d6e00000,0x00000007d6e00000,0x00000007e6a00000)
  from space 16384K, 61% used [0x00000007e7c00000,0x00000007e85c5560,0x00000007e8c00000)
  to   space 17408K, 0% used [0x00000007e6a00000,0x00000007e6a00000,0x00000007e7b00000)
 ParOldGen       total 83968K, used 25992K [0x0000000784a00000, 0x0000000789c00000, 0x00000007d6e00000)
  object space 83968K, 30% used [0x0000000784a00000,0x0000000786362160,0x0000000789c00000)
 PSPermGen       total 52224K, used 51766K [0x000000077f800000, 0x0000000782b00000, 0x0000000784a00000)
  object space 52224K, 99% used [0x000000077f800000,0x0000000782a8d918,0x0000000782b00000)
}
Event: 8,058 GC heap before
{Heap before GC invocations=7 (full 0):
 PSYoungGen      total 274432K, used 268053K [0x00000007d6e00000, 0x00000007e8c00000, 0x0000000800000000)
  eden space 258048K, 100% used [0x00000007d6e00000,0x00000007e6a00000,0x00000007e6a00000)
  from space 16384K, 61% used [0x00000007e7c00000,0x00000007e85c5560,0x00000007e8c00000)
  to   space 17408K, 0% used [0x00000007e6a00000,0x00000007e6a00000,0x00000007e7b00000)
 ParOldGen       total 83968K, used 25992K [0x0000000784a00000, 0x0000000789c00000, 0x00000007d6e00000)
  object space 83968K, 30% used [0x0000000784a00000,0x0000000786362160,0x0000000789c00000)
 PSPermGen       total 53760K, used 53430K [0x000000077f800000, 0x0000000782c80000, 0x0000000784a00000)
  object space 53760K, 99% used [0x000000077f800000,0x0000000782c2d9e0,0x0000000782c80000)
Event: 8,158 GC heap after
Heap after GC invocations=7 (full 0):
 PSYoungGen      total 275456K, used 13416K [0x00000007d6e00000, 0x00000007f8900000, 0x0000000800000000)
  eden space 258048K, 0% used [0x00000007d6e00000,0x00000007d6e00000,0x00000007e6a00000)
  from space 17408K, 77% used [0x00000007e6a00000,0x00000007e771a220,0x00000007e7b00000)
  to   space 17920K, 0% used [0x00000007f7780000,0x00000007f7780000,0x00000007f8900000)
 ParOldGen       total 83968K, used 27505K [0x0000000784a00000, 0x0000000789c00000, 0x00000007d6e00000)
  object space 83968K, 32% used [0x0000000784a00000,0x00000007864dc780,0x0000000789c00000)
 PSPermGen       total 53760K, used 53430K [0x000000077f800000, 0x0000000782c80000, 0x0000000784a00000)
  object space 53760K, 99% used [0x000000077f800000,0x0000000782c2d9e0,0x0000000782c80000)
}
Event: 8,826 GC heap before
{Heap before GC invocations=8 (full 0):
 PSYoungGen      total 275456K, used 271464K [0x00000007d6e00000, 0x00000007f8900000, 0x0000000800000000)
  eden space 258048K, 100% used [0x00000007d6e00000,0x00000007e6a00000,0x00000007e6a00000)
  from space 17408K, 77% used [0x00000007e6a00000,0x00000007e771a220,0x00000007e7b00000)
  to   space 17920K, 0% used [0x00000007f7780000,0x00000007f7780000,0x00000007f8900000)
 ParOldGen       total 83968K, used 27505K [0x0000000784a00000, 0x0000000789c00000, 0x00000007d6e00000)
  object space 83968K, 32% used [0x0000000784a00000,0x00000007864dc780,0x0000000789c00000)
 PSPermGen       total 53760K, used 53635K [0x000000077f800000, 0x0000000782c80000, 0x0000000784a00000)
  object space 53760K, 99% used [0x000000077f800000,0x0000000782c60ed0,0x0000000782c80000)
Event: 8,905 GC heap after
Heap after GC invocations=8 (full 0):
 PSYoungGen      total 533504K, used 13547K [0x00000007d6e00000, 0x00000007f8a00000, 0x0000000800000000)
  eden space 515584K, 0% used [0x00000007d6e00000,0x00000007d6e00000,0x00000007f6580000)
  from space 17920K, 75% used [0x00000007f7780000,0x00000007f84badb8,0x00000007f8900000)
  to   space 18432K, 0% used [0x00000007f6580000,0x00000007f6580000,0x00000007f7780000)
 ParOldGen       total 83968K, used 29482K [0x0000000784a00000, 0x0000000789c00000, 0x00000007d6e00000)
  object space 83968K, 35% used [0x0000000784a00000,0x00000007866cab78,0x0000000789c00000)
 PSPermGen       total 53760K, used 53635K [0x000000077f800000, 0x0000000782c80000, 0x0000000784a00000)
  object space 53760K, 99% used [0x000000077f800000,0x0000000782c60ed0,0x0000000782c80000)
}
Event: 9,848 GC heap before
{Heap before GC invocations=9 (full 0):
 PSYoungGen      total 533504K, used 529131K [0x00000007d6e00000, 0x00000007f8a00000, 0x0000000800000000)
  eden space 515584K, 100% used [0x00000007d6e00000,0x00000007f6580000,0x00000007f6580000)
  from space 17920K, 75% used [0x00000007f7780000,0x00000007f84badb8,0x00000007f8900000)
  to   space 18432K, 0% used [0x00000007f6580000,0x00000007f6580000,0x00000007f7780000)
 ParOldGen       total 83968K, used 29482K [0x0000000784a00000, 0x0000000789c00000, 0x00000007d6e00000)
  object space 83968K, 35% used [0x0000000784a00000,0x00000007866cab78,0x0000000789c00000)
 PSPermGen       total 53760K, used 53656K [0x000000077f800000, 0x0000000782c80000, 0x0000000784a00000)
  object space 53760K, 99% used [0x000000077f800000,0x0000000782c66130,0x0000000782c80000)

Deoptimization events (10 events):
Event: 8,781 Thread 0x00007f00e4044800 Uncommon trap: reason=unstable_if action=reinterpret pc=0x00007f0129197e2c method=scala.math.Ordering$DoubleOrdering$class.lt(Lscala/math/Ordering$DoubleOrdering;DD)Z @ 3
Event: 8,781 Thread 0x00007f00e4044800 Uncommon trap: reason=unstable_if action=reinterpret pc=0x00007f01291ac094 method=scala.math.Ordering$DoubleOrdering$class.lt(Lscala/math/Ordering$DoubleOrdering;DD)Z @ 3
Event: 8,781 Thread 0x00007f00e4044800 Uncommon trap: reason=unstable_if action=reinterpret pc=0x00007f01292e05d4 method=scala.math.Ordering$DoubleOrdering$class.lt(Lscala/math/Ordering$DoubleOrdering;DD)Z @ 3
Event: 8,781 Thread 0x00007f00e4044800 Uncommon trap: reason=unstable_if action=reinterpret pc=0x00007f0129123a90 method=scala.math.Ordering$DoubleOrdering$class.lt(Lscala/math/Ordering$DoubleOrdering;DD)Z @ 3
Event: 8,781 Thread 0x00007f00e4044800 Uncommon trap: reason=unstable_if action=reinterpret pc=0x00007f01292e0130 method=scala.math.Ordering$DoubleOrdering$class.lt(Lscala/math/Ordering$DoubleOrdering;DD)Z @ 3
Event: 8,781 Thread 0x00007f00e4044800 Uncommon trap: reason=unstable_if action=reinterpret pc=0x00007f0129209d70 method=scala.math.Ordering$DoubleOrdering$class.lt(Lscala/math/Ordering$DoubleOrdering;DD)Z @ 3
Event: 8,781 Thread 0x00007f00e4044800 Uncommon trap: reason=unstable_if action=reinterpret pc=0x00007f01292de1bc method=scala.math.Ordering$DoubleOrdering$class.lt(Lscala/math/Ordering$DoubleOrdering;DD)Z @ 3
Event: 8,781 Thread 0x00007f00e4044800 Uncommon trap: reason=unstable_if action=reinterpret pc=0x00007f0129217f70 method=scala.math.Ordering$DoubleOrdering$class.lt(Lscala/math/Ordering$DoubleOrdering;DD)Z @ 3
Event: 8,781 Thread 0x00007f00e4044800 Uncommon trap: reason=unstable_if action=reinterpret pc=0x00007f012920acec method=scala.math.Ordering$DoubleOrdering$class.lt(Lscala/math/Ordering$DoubleOrdering;DD)Z @ 3
Event: 8,781 Thread 0x00007f00e4044800 Uncommon trap: reason=unstable_if action=reinterpret pc=0x00007f012920aa8c method=scala.math.Ordering$DoubleOrdering$class.lt(Lscala/math/Ordering$DoubleOrdering;DD)Z @ 3

Internal exceptions (10 events):
Event: 8,764 Thread 0x00007f012c010800 Threw 0x00000007e424b4a0 at /HUDSON/workspace/7u-2-build-linux-amd64/jdk7u80/2329/hotspot/src/share/vm/prims/jvm.cpp:1319
Event: 8,764 Thread 0x00007f012c010800 Threw 0x00000007e424f170 at /HUDSON/workspace/7u-2-build-linux-amd64/jdk7u80/2329/hotspot/src/share/vm/prims/jvm.cpp:1319
Event: 8,764 Thread 0x00007f012c010800 Threw 0x00000007e4255870 at /HUDSON/workspace/7u-2-build-linux-amd64/jdk7u80/2329/hotspot/src/share/vm/prims/jvm.cpp:1319
Event: 8,766 Thread 0x00007f012c010800 Threw 0x00000007e4293a78 at /HUDSON/workspace/7u-2-build-linux-amd64/jdk7u80/2329/hotspot/src/share/vm/prims/jvm.cpp:1319
Event: 8,766 Thread 0x00007f012c010800 Threw 0x00000007e42980b0 at /HUDSON/workspace/7u-2-build-linux-amd64/jdk7u80/2329/hotspot/src/share/vm/prims/jvm.cpp:1319
Event: 8,767 Thread 0x00007f012c010800 Threw 0x00000007e42c83f0 at /HUDSON/workspace/7u-2-build-linux-amd64/jdk7u80/2329/hotspot/src/share/vm/prims/jvm.cpp:1319
Event: 8,770 Thread 0x00007f012c010800 Threw 0x00000007e434cc90 at /HUDSON/workspace/7u-2-build-linux-amd64/jdk7u80/2329/hotspot/src/share/vm/prims/jni.cpp:1632
Event: 8,780 Thread 0x00007f00e4044800 Threw 0x00000007e34abeb8 at /HUDSON/workspace/7u-2-build-linux-amd64/jdk7u80/2329/hotspot/src/share/vm/prims/jvm.cpp:1319
Event: 8,780 Thread 0x00007f00e4044800 Threw 0x00000007e34c26b8 at /HUDSON/workspace/7u-2-build-linux-amd64/jdk7u80/2329/hotspot/src/share/vm/prims/jvm.cpp:1319
Event: 8,805 Thread 0x00007f00e4044800 Threw 0x00000007e545dfb0 at /HUDSON/workspace/7u-2-build-linux-amd64/jdk7u80/2329/hotspot/src/share/vm/prims/jvm.cpp:1319

Events (10 events):
Event: 9,363 loading class 0x00007f013130acf0 done
Event: 9,363 loading class 0x00007f013130acc0 done
Event: 9,363 loading class 0x00007f01313132a0
Event: 9,363 loading class 0x00007f0131313230
Event: 9,364 loading class 0x00007f0131313230 done
Event: 9,364 loading class 0x00007f01313132a0 done
Event: 9,368 Executing VM operation: RevokeBias
Event: 9,381 Executing VM operation: RevokeBias done
Event: 9,381 Thread 0x00007f00fc019800 Thread exited: 0x00007f00fc019800
Event: 9,748 Executing VM operation: ParallelGCFailedAllocation


Dynamic libraries:
00400000-00401000 r-xp 00000000 fc:01 12200875                           /usr/lib/jvm/java-7-oracle/bin/java
00600000-00601000 rw-p 00000000 fc:01 12200875                           /usr/lib/jvm/java-7-oracle/bin/java
01436000-01457000 rw-p 00000000 00:00 0                                  [heap]
77f800000-782c80000 rw-p 00000000 00:00 0 
782c80000-784a00000 rw-p 00000000 00:00 0 
784a00000-789c00000 rw-p 00000000 00:00 0 
789c00000-7d6e00000 rw-p 00000000 00:00 0 
7d6e00000-7f8a00000 rw-p 00000000 00:00 0 
7f00a0000000-7f00a0021000 rw-p 00000000 00:00 0 
7f00a0021000-7f00a4000000 ---p 00000000 00:00 0 
7f00a4000000-7f00a4021000 rw-p 00000000 00:00 0 
7f00a4021000-7f00a8000000 ---p 00000000 00:00 0 
7f00a8000000-7f00a8021000 rw-p 00000000 00:00 0 
7f00a8021000-7f00ac000000 ---p 00000000 00:00 0 
7f00ac000000-7f00ac021000 rw-p 00000000 00:00 0 
7f00ac021000-7f00b0000000 ---p 00000000 00:00 0 
7f00b0000000-7f00b0021000 rw-p 00000000 00:00 0 
7f00b0021000-7f00b4000000 ---p 00000000 00:00 0 
7f00b4000000-7f00b4021000 rw-p 00000000 00:00 0 
7f00b4021000-7f00b8000000 ---p 00000000 00:00 0 
7f00b8000000-7f00b8021000 rw-p 00000000 00:00 0 
7f00b8021000-7f00bc000000 ---p 00000000 00:00 0 
7f00bc000000-7f00bc021000 rw-p 00000000 00:00 0 
7f00bc021000-7f00c0000000 ---p 00000000 00:00 0 
7f00c0000000-7f00c0021000 rw-p 00000000 00:00 0 
7f00c0021000-7f00c4000000 ---p 00000000 00:00 0 
7f00c4000000-7f00c4021000 rw-p 00000000 00:00 0 
7f00c4021000-7f00c8000000 ---p 00000000 00:00 0 
7f00c8000000-7f00c8021000 rw-p 00000000 00:00 0 
7f00c8021000-7f00cc000000 ---p 00000000 00:00 0 
7f00cc000000-7f00cc021000 rw-p 00000000 00:00 0 
7f00cc021000-7f00d0000000 ---p 00000000 00:00 0 
7f00d0000000-7f00d0021000 rw-p 00000000 00:00 0 
7f00d0021000-7f00d4000000 ---p 00000000 00:00 0 
7f00d4000000-7f00d426c000 rw-p 00000000 00:00 0 
7f00d426c000-7f00d8000000 ---p 00000000 00:00 0 
7f00d8000000-7f00d803a000 rw-p 00000000 00:00 0 
7f00d803a000-7f00dc000000 ---p 00000000 00:00 0 
7f00dc000000-7f00dc021000 rw-p 00000000 00:00 0 
7f00dc021000-7f00e0000000 ---p 00000000 00:00 0 
7f00e0000000-7f00e0021000 rw-p 00000000 00:00 0 
7f00e0021000-7f00e4000000 ---p 00000000 00:00 0 
7f00e4000000-7f00e412f000 rw-p 00000000 00:00 0 
7f00e412f000-7f00e8000000 ---p 00000000 00:00 0 
7f00e8000000-7f00e8021000 rw-p 00000000 00:00 0 
7f00e8021000-7f00ec000000 ---p 00000000 00:00 0 
7f00ec000000-7f00ec021000 rw-p 00000000 00:00 0 
7f00ec021000-7f00f0000000 ---p 00000000 00:00 0 
7f00f0000000-7f00f2228000 rw-p 00000000 00:00 0 
7f00f2228000-7f00f4000000 ---p 00000000 00:00 0 
7f00f4000000-7f00f58dd000 rw-p 00000000 00:00 0 
7f00f58dd000-7f00f8000000 ---p 00000000 00:00 0 
7f00f8000000-7f00f8021000 rw-p 00000000 00:00 0 
7f00f8021000-7f00fc000000 ---p 00000000 00:00 0 
7f00fc000000-7f00fc238000 rw-p 00000000 00:00 0 
7f00fc238000-7f0100000000 ---p 00000000 00:00 0 
7f0100000000-7f0100021000 rw-p 00000000 00:00 0 
7f0100021000-7f0104000000 ---p 00000000 00:00 0 
7f0107fc0000-7f010c000000 rw-p 00000000 00:00 0 
7f010c000000-7f010c021000 rw-p 00000000 00:00 0 
7f010c021000-7f0110000000 ---p 00000000 00:00 0 
7f0110000000-7f01102fb000 rw-p 00000000 00:00 0 
7f01102fb000-7f0114000000 ---p 00000000 00:00 0 
7f0114000000-7f0114021000 rw-p 00000000 00:00 0 
7f0114021000-7f0118000000 ---p 00000000 00:00 0 
7f011ac9d000-7f011aca0000 ---p 00000000 00:00 0 
7f011aca0000-7f011ad9e000 rw-p 00000000 00:00 0 
7f011ad9e000-7f011ada1000 ---p 00000000 00:00 0 
7f011ada1000-7f011ae9f000 rw-p 00000000 00:00 0                          [stack:9686]
7f011ae9f000-7f011aea2000 ---p 00000000 00:00 0 
7f011aea2000-7f011afa0000 rw-p 00000000 00:00 0                          [stack:9685]
7f011afa0000-7f011afa3000 ---p 00000000 00:00 0 
7f011afa3000-7f011b0a1000 rw-p 00000000 00:00 0                          [stack:9684]
7f011b0a1000-7f011b0a4000 ---p 00000000 00:00 0 
7f011b0a4000-7f011b1a2000 rw-p 00000000 00:00 0                          [stack:9683]
7f011b1a2000-7f011b1a5000 ---p 00000000 00:00 0 
7f011b1a5000-7f011b2a3000 rw-p 00000000 00:00 0                          [stack:9682]
7f011b2a3000-7f011b2a6000 ---p 00000000 00:00 0 
7f011b2a6000-7f011b3a4000 rw-p 00000000 00:00 0                          [stack:9681]
7f011b3a4000-7f011b3a7000 ---p 00000000 00:00 0 
7f011b3a7000-7f011b4a5000 rw-p 00000000 00:00 0                          [stack:9680]
7f011b4a5000-7f011b4a8000 ---p 00000000 00:00 0 
7f011b4a8000-7f011b5a6000 rw-p 00000000 00:00 0                          [stack:9655]
7f011b5a6000-7f011b5a9000 ---p 00000000 00:00 0 
7f011b5a9000-7f011b6a7000 rw-p 00000000 00:00 0                          [stack:9654]
7f011b6a7000-7f011b6aa000 ---p 00000000 00:00 0 
7f011b6aa000-7f011b7a8000 rw-p 00000000 00:00 0 
7f011b7a8000-7f011b7ab000 ---p 00000000 00:00 0 
7f011b7ab000-7f011b8a9000 rw-p 00000000 00:00 0                          [stack:9650]
7f011b8a9000-7f011b8e6000 r-xp 00000000 fc:01 9175219                    /tmp/snappy-unknown-50513423-3feb-4d11-baf0-18ef34e8777f-libsnappyjava.so
7f011b8e6000-7f011bae6000 ---p 0003d000 fc:01 9175219                    /tmp/snappy-unknown-50513423-3feb-4d11-baf0-18ef34e8777f-libsnappyjava.so
7f011bae6000-7f011bae9000 rw-p 0003d000 fc:01 9175219                    /tmp/snappy-unknown-50513423-3feb-4d11-baf0-18ef34e8777f-libsnappyjava.so
7f011bae9000-7f011bafb000 rw-p 00000000 00:00 0 
7f011bafb000-7f011bafe000 ---p 00000000 00:00 0 
7f011bafe000-7f011bbfc000 rw-p 00000000 00:00 0                          [stack:9646]
7f011bbfc000-7f011bbff000 ---p 00000000 00:00 0 
7f011bbff000-7f011bcfd000 rw-p 00000000 00:00 0                          [stack:9645]
7f011bcfd000-7f011bd00000 ---p 00000000 00:00 0 
7f011bd00000-7f011bdfe000 rw-p 00000000 00:00 0                          [stack:9644]
7f011bdfe000-7f011be01000 ---p 00000000 00:00 0 
7f011be01000-7f011beff000 rw-p 00000000 00:00 0                          [stack:9642]
7f011beff000-7f011bf02000 ---p 00000000 00:00 0 
7f011bf02000-7f011c000000 rw-p 00000000 00:00 0                          [stack:9641]
7f011c000000-7f011c024000 rw-p 00000000 00:00 0 
7f011c024000-7f0120000000 ---p 00000000 00:00 0 
7f01200c4000-7f01200c7000 ---p 00000000 00:00 0 
7f01200c7000-7f01200fd000 rw-p 00000000 00:00 0                          [stack:9648]
7f01200fd000-7f0120100000 ---p 00000000 00:00 0 
7f0120100000-7f01201fe000 rw-p 00000000 00:00 0                          [stack:9640]
7f01201fe000-7f0120201000 ---p 00000000 00:00 0 
7f0120201000-7f01202ff000 rw-p 00000000 00:00 0                          [stack:9639]
7f01202ff000-7f0120302000 ---p 00000000 00:00 0 
7f0120302000-7f0120400000 rw-p 00000000 00:00 0                          [stack:9638]
7f0120400000-7f0120403000 ---p 00000000 00:00 0 
7f0120403000-7f0120501000 rw-p 00000000 00:00 0                          [stack:9637]
7f0120501000-7f0120504000 ---p 00000000 00:00 0 
7f0120504000-7f0120602000 rw-p 00000000 00:00 0                          [stack:9636]
7f0120602000-7f0120605000 ---p 00000000 00:00 0 
7f0120605000-7f0120703000 rw-p 00000000 00:00 0                          [stack:9635]
7f0120703000-7f0120706000 ---p 00000000 00:00 0 
7f0120706000-7f0120804000 rw-p 00000000 00:00 0                          [stack:9634]
7f0120804000-7f0120807000 ---p 00000000 00:00 0 
7f0120807000-7f0120905000 rw-p 00000000 00:00 0                          [stack:9633]
7f0120905000-7f0120908000 ---p 00000000 00:00 0 
7f0120908000-7f0120a06000 rw-p 00000000 00:00 0                          [stack:9632]
7f0120a06000-7f0120a09000 ---p 00000000 00:00 0 
7f0120a09000-7f0120b07000 rw-p 00000000 00:00 0                          [stack:9631]
7f0120b07000-7f0120b1e000 r-xp 00000000 fc:01 5509345                    /lib/x86_64-linux-gnu/libresolv-2.19.so
7f0120b1e000-7f0120d1e000 ---p 00017000 fc:01 5509345                    /lib/x86_64-linux-gnu/libresolv-2.19.so
7f0120d1e000-7f0120d1f000 r--p 00017000 fc:01 5509345                    /lib/x86_64-linux-gnu/libresolv-2.19.so
7f0120d1f000-7f0120d20000 rw-p 00018000 fc:01 5509345                    /lib/x86_64-linux-gnu/libresolv-2.19.so
7f0120d20000-7f0120d22000 rw-p 00000000 00:00 0 
7f0120d22000-7f0120d27000 r-xp 00000000 fc:01 5509292                    /lib/x86_64-linux-gnu/libnss_dns-2.19.so
7f0120d27000-7f0120f26000 ---p 00005000 fc:01 5509292                    /lib/x86_64-linux-gnu/libnss_dns-2.19.so
7f0120f26000-7f0120f27000 r--p 00004000 fc:01 5509292                    /lib/x86_64-linux-gnu/libnss_dns-2.19.so
7f0120f27000-7f0120f28000 rw-p 00005000 fc:01 5509292                    /lib/x86_64-linux-gnu/libnss_dns-2.19.so
7f0120f28000-7f0120f2a000 r-xp 00000000 fc:01 5509300                    /lib/x86_64-linux-gnu/libnss_mdns4_minimal.so.2
7f0120f2a000-7f0121129000 ---p 00002000 fc:01 5509300                    /lib/x86_64-linux-gnu/libnss_mdns4_minimal.so.2
7f0121129000-7f012112a000 r--p 00001000 fc:01 5509300                    /lib/x86_64-linux-gnu/libnss_mdns4_minimal.so.2
7f012112a000-7f012112b000 rw-p 00002000 fc:01 5509300                    /lib/x86_64-linux-gnu/libnss_mdns4_minimal.so.2
7f0121148000-7f012114b000 ---p 00000000 00:00 0 
7f012114b000-7f0121249000 rw-p 00000000 00:00 0                          [stack:9630]
7f0121249000-7f012124c000 ---p 00000000 00:00 0 
7f012124c000-7f012134a000 rw-p 00000000 00:00 0                          [stack:9629]
7f012134a000-7f012134d000 ---p 00000000 00:00 0 
7f012134d000-7f012144b000 rw-p 00000000 00:00 0                          [stack:9628]
7f012144b000-7f012144e000 ---p 00000000 00:00 0 
7f012144e000-7f012154c000 rw-p 00000000 00:00 0                          [stack:9627]
7f012154c000-7f012154f000 ---p 00000000 00:00 0 
7f012154f000-7f012164d000 rw-p 00000000 00:00 0                          [stack:9626]
7f012164d000-7f0121650000 ---p 00000000 00:00 0 
7f0121650000-7f012174e000 rw-p 00000000 00:00 0                          [stack:9625]
7f012174e000-7f0121751000 ---p 00000000 00:00 0 
7f0121751000-7f012184f000 rw-p 00000000 00:00 0                          [stack:9624]
7f012184f000-7f0121852000 ---p 00000000 00:00 0 
7f0121852000-7f0121950000 rw-p 00000000 00:00 0                          [stack:9623]
7f0121950000-7f0121953000 ---p 00000000 00:00 0 
7f0121953000-7f0121a51000 rw-p 00000000 00:00 0                          [stack:9622]
7f0121a51000-7f0121a54000 ---p 00000000 00:00 0 
7f0121a54000-7f0121b52000 rw-p 00000000 00:00 0                          [stack:9621]
7f0121b52000-7f0121b55000 ---p 00000000 00:00 0 
7f0121b55000-7f0121c53000 rw-p 00000000 00:00 0                          [stack:9620]
7f0121c53000-7f0121c56000 ---p 00000000 00:00 0 
7f0121c56000-7f0121d54000 rw-p 00000000 00:00 0                          [stack:9619]
7f0121d54000-7f0121d57000 ---p 00000000 00:00 0 
7f0121d57000-7f0121e55000 rw-p 00000000 00:00 0                          [stack:9618]
7f0121e55000-7f0121e58000 ---p 00000000 00:00 0 
7f0121e58000-7f0121f56000 rw-p 00000000 00:00 0                          [stack:9617]
7f0121f56000-7f0121f59000 ---p 00000000 00:00 0 
7f0121f59000-7f0122057000 rw-p 00000000 00:00 0                          [stack:9616]
7f0122057000-7f012205a000 ---p 00000000 00:00 0 
7f012205a000-7f0122158000 rw-p 00000000 00:00 0                          [stack:9615]
7f0122158000-7f012215b000 ---p 00000000 00:00 0 
7f012215b000-7f0122259000 rw-p 00000000 00:00 0                          [stack:9614]
7f0122259000-7f012225c000 ---p 00000000 00:00 0 
7f012225c000-7f012235a000 rw-p 00000000 00:00 0                          [stack:9613]
7f012235a000-7f012235d000 ---p 00000000 00:00 0 
7f012235d000-7f012245b000 rw-p 00000000 00:00 0                          [stack:9612]
7f012245b000-7f012245e000 ---p 00000000 00:00 0 
7f012245e000-7f012255c000 rw-p 00000000 00:00 0                          [stack:9611]
7f012255c000-7f012255f000 ---p 00000000 00:00 0 
7f012255f000-7f012265d000 rw-p 00000000 00:00 0                          [stack:9610]
7f012265d000-7f0122660000 ---p 00000000 00:00 0 
7f0122660000-7f012275e000 rw-p 00000000 00:00 0                          [stack:9609]
7f012275e000-7f0122761000 ---p 00000000 00:00 0 
7f0122761000-7f012285f000 rw-p 00000000 00:00 0                          [stack:9608]
7f012285f000-7f0122862000 ---p 00000000 00:00 0 
7f0122862000-7f0122960000 rw-p 00000000 00:00 0                          [stack:9607]
7f0122960000-7f0122963000 ---p 00000000 00:00 0 
7f0122963000-7f0122a61000 rw-p 00000000 00:00 0                          [stack:9606]
7f0122a61000-7f0122a77000 r-xp 00000000 fc:01 5509246                    /lib/x86_64-linux-gnu/libgcc_s.so.1
7f0122a77000-7f0122c76000 ---p 00016000 fc:01 5509246                    /lib/x86_64-linux-gnu/libgcc_s.so.1
7f0122c76000-7f0122c77000 rw-p 00015000 fc:01 5509246                    /lib/x86_64-linux-gnu/libgcc_s.so.1
7f0122c8b000-7f0122c8c000 rw-p 00000000 00:00 0 
7f0122c8c000-7f0122c90000 r--s 000f7000 fc:01 12069964                   /usr/lib/jvm/java-7-oracle/jre/lib/ext/localedata.jar
7f0122c90000-7f0122c94000 r--s 0002d000 fc:01 12069960                   /usr/lib/jvm/java-7-oracle/jre/lib/ext/sunjce_provider.jar
7f0122c94000-7f0122cc6000 r-xp 00000000 fc:01 12069696                   /usr/lib/jvm/java-7-oracle/jre/lib/amd64/libsunec.so
7f0122cc6000-7f0122ec5000 ---p 00032000 fc:01 12069696                   /usr/lib/jvm/java-7-oracle/jre/lib/amd64/libsunec.so
7f0122ec5000-7f0122ecb000 rw-p 00031000 fc:01 12069696                   /usr/lib/jvm/java-7-oracle/jre/lib/amd64/libsunec.so
7f0122ecb000-7f0122edb000 rw-p 00000000 00:00 0 
7f0122edb000-7f0122edc000 r--s 00003000 fc:01 12069961                   /usr/lib/jvm/java-7-oracle/jre/lib/ext/sunec.jar
7f0122edc000-7f0122ee0000 r--s 00037000 fc:01 12069959                   /usr/lib/jvm/java-7-oracle/jre/lib/ext/sunpkcs11.jar
7f0122ee0000-7f0122ee3000 r--s 00019000 fc:01 12069955                   /usr/lib/jvm/java-7-oracle/jre/lib/jce.jar
7f0122ee3000-7f0122ee4000 r-xp 00000000 fc:01 12069730                   /usr/lib/jvm/java-7-oracle/jre/lib/amd64/libjaas_unix.so
7f0122ee4000-7f01230e3000 ---p 00001000 fc:01 12069730                   /usr/lib/jvm/java-7-oracle/jre/lib/amd64/libjaas_unix.so
7f01230e3000-7f01230e4000 rw-p 00000000 fc:01 12069730                   /usr/lib/jvm/java-7-oracle/jre/lib/amd64/libjaas_unix.so
7f01230e4000-7f01230ee000 r--s 00253000 fc:01 12069739                   /usr/lib/jvm/java-7-oracle/jre/lib/resources.jar
7f01230ee000-7f01230f6000 r-xp 00000000 fc:01 12069732                   /usr/lib/jvm/java-7-oracle/jre/lib/amd64/libmanagement.so
7f01230f6000-7f01232f5000 ---p 00008000 fc:01 12069732                   /usr/lib/jvm/java-7-oracle/jre/lib/amd64/libmanagement.so
7f01232f5000-7f01232f6000 rw-p 00007000 fc:01 12069732                   /usr/lib/jvm/java-7-oracle/jre/lib/amd64/libmanagement.so
7f01232f6000-7f01232fa000 r--s 0008b000 fc:01 12069879                   /usr/lib/jvm/java-7-oracle/jre/lib/jsse.jar
7f01232fa000-7f012332b000 rw-p 00000000 00:00 0 
7f012332b000-7f0123342000 r-xp 00000000 fc:01 12069679                   /usr/lib/jvm/java-7-oracle/jre/lib/amd64/libnet.so
7f0123342000-7f0123541000 ---p 00017000 fc:01 12069679                   /usr/lib/jvm/java-7-oracle/jre/lib/amd64/libnet.so
7f0123541000-7f0123542000 rw-p 00016000 fc:01 12069679                   /usr/lib/jvm/java-7-oracle/jre/lib/amd64/libnet.so
7f0123542000-7f0123552000 r-xp 00000000 fc:01 12069706                   /usr/lib/jvm/java-7-oracle/jre/lib/amd64/libnio.so
7f0123552000-7f0123752000 ---p 00010000 fc:01 12069706                   /usr/lib/jvm/java-7-oracle/jre/lib/amd64/libnio.so
7f0123752000-7f0123753000 rw-p 00010000 fc:01 12069706                   /usr/lib/jvm/java-7-oracle/jre/lib/amd64/libnio.so
7f0123753000-7f012375d000 r--s 00069000 00:1c 3803036                    /home/antorweep/.ivy2/cache/org.scala-lang.modules/scala-async_2.10/jars/scala-async_2.10-0.9.5.jar
7f012375d000-7f012375f000 r--s 0000b000 00:1c 3803313                    /home/antorweep/.ivy2/cache/javax.xml.bind/jsr173_api/jars/jsr173_api-1.0.jar
7f012375f000-7f0123764000 r--s 00043000 00:1c 3803307                    /home/antorweep/.ivy2/cache/com.sun.xml.fastinfoset/FastInfoset/jars/FastInfoset-1.2.12.jar
7f0123764000-7f0123765000 r--s 00005000 00:1c 3803311                    /home/antorweep/.ivy2/cache/com.sun.istack/istack-commons-runtime/jars/istack-commons-runtime-2.16.jar
7f0123765000-7f0123769000 r--s 00015000 00:1c 3803309                    /home/antorweep/.ivy2/cache/javax.xml.bind/jaxb-api/jars/jaxb-api-2.2.7.jar
7f0123769000-7f012376f000 r--s 00031000 00:1c 3803305                    /home/antorweep/.ivy2/cache/com.sun.xml.bind/jaxb-core/jars/jaxb-core-2.2.7.jar
7f012376f000-7f0123780000 r--s 000d0000 00:1c 3803303                    /home/antorweep/.ivy2/cache/com.sun.xml.bind/jaxb-impl/jars/jaxb-impl-2.2.7.jar
7f0123780000-7f0123782000 r--s 00000000 00:1c 3803301                    /home/antorweep/.ivy2/cache/org.jpmml/pmml-schema/jars/pmml-schema-1.1.15.jar
7f0123782000-7f0123783000 r--s 00001000 00:1c 3803299                    /home/antorweep/.ivy2/cache/org.jpmml/pmml-agent/jars/pmml-agent-1.1.15.jar
7f0123783000-7f012378b000 r--s 00099000 00:1c 3803261                    /home/antorweep/.ivy2/cache/org.jpmml/pmml-model/jars/pmml-model-1.1.15.jar
7f012378b000-7f0123798000 r--s 000a4000 00:1c 3674052                    /home/antorweep/.ivy2/cache/org.scalamacros/quasiquotes_2.10/jars/quasiquotes_2.10-2.0.0.jar
7f0123798000-7f012379a000 r--s 00012000 00:1c 3803297                    /home/antorweep/.ivy2/cache/org.spire-math/spire-macros_2.10/jars/spire-macros_2.10-0.7.4.jar
7f012379a000-7f01237ee000 r--s 00697000 00:1c 3803295                    /home/antorweep/.ivy2/cache/org.spire-math/spire_2.10/jars/spire_2.10-0.7.4.jar
7f01237ee000-7f01237f9000 r--s 000b0000 00:1c 3803293                    /home/antorweep/.ivy2/cache/com.github.rwl/jtransforms/jars/jtransforms-2.4.0.jar
7f01237f9000-7f01237fa000 r--s 00004000 00:1c 3803291                    /home/antorweep/.ivy2/cache/net.sf.opencsv/opencsv/jars/opencsv-2.3.jar
7f01237fa000-7f01237fc000 r--s 0001b000 00:1c 3803289                    /home/antorweep/.ivy2/cache/org.scalanlp/breeze-macros_2.10/jars/breeze-macros_2.10-0.11.2.jar
7f01237fc000-7f012381e000 rw-p 00000000 00:00 0 
7f012381e000-7f01238f3000 r--s 00c3a000 00:1c 3803259                    /home/antorweep/.ivy2/cache/org.scalanlp/breeze_2.10/jars/breeze_2.10-0.11.2.jar
7f01238f3000-7f0123905000 r--s 00112000 00:1c 3803287                    /home/antorweep/.ivy2/cache/net.sourceforge.f2j/arpack_combined_all/jars/arpack_combined_all-0.1.jar
7f0123905000-7f0123907000 r--s 00027000 00:1c 3803285                    /home/antorweep/.ivy2/cache/com.github.fommil.netlib/core/jars/core-1.1.2.jar
7f0123907000-7f0123914000 r--s 00093000 00:1c 3803257                    /home/antorweep/.ivy2/cache/org.apache.spark/spark-graphx_2.10/jars/spark-graphx_2.10-1.5.1.jar
7f0123914000-7f0123928000 r--s 000ec000 00:1c 3803283                    /home/antorweep/.ivy2/cache/org.apache.parquet/parquet-jackson/jars/parquet-jackson-1.7.0.jar
7f0123928000-7f012392f000 r--s 00058000 00:1c 3803281                    /home/antorweep/.ivy2/cache/org.apache.parquet/parquet-format/jars/parquet-format-2.3.0-incubating.jar
7f012392f000-7f0123934000 r--s 0002f000 00:1c 3803267                    /home/antorweep/.ivy2/cache/org.apache.parquet/parquet-hadoop/jars/parquet-hadoop-1.7.0.jar
7f0123934000-7f0123936000 r--s 00010000 00:1c 3803277                    /home/antorweep/.ivy2/cache/commons-codec/commons-codec/jars/commons-codec-1.5.jar
7f0123936000-7f0123938000 r--s 00004000 00:1c 3803279                    /home/antorweep/.ivy2/cache/org.apache.parquet/parquet-generator/jars/parquet-generator-1.7.0.jar
7f0123938000-7f012393e000 r--s 00040000 00:1c 3803275                    /home/antorweep/.ivy2/cache/org.apache.parquet/parquet-encoding/jars/parquet-encoding-1.7.0.jar
7f012393e000-7f0123940000 r--s 00004000 00:1c 3803273                    /home/antorweep/.ivy2/cache/org.apache.parquet/parquet-common/jars/parquet-common-1.7.0.jar
7f0123940000-7f0123956000 r--s 000ca000 00:1c 3803265                    /home/antorweep/.ivy2/cache/org.apache.parquet/parquet-column/jars/parquet-column-1.7.0.jar
7f0123956000-7f0123958000 r--s 00006000 00:1c 3803271                    /home/antorweep/.ivy2/cache/org.codehaus.janino/commons-compiler/jars/commons-compiler-2.7.8.jar
7f0123958000-7f0123961000 r--s 0008d000 00:1c 3803269                    /home/antorweep/.ivy2/cache/org.codehaus.janino/janino/jars/janino-2.7.8.jar
7f0123961000-7f01239bd000 r--s 00408000 00:1c 3803263                    /home/antorweep/.ivy2/cache/org.apache.spark/spark-catalyst_2.10/jars/spark-catalyst_2.10-1.5.1.jar
7f01239bd000-7f0123a01000 r--s 0030b000 00:1c 3803255                    /home/antorweep/.ivy2/cache/org.apache.spark/spark-sql_2.10/jars/spark-sql_2.10-1.5.1.jar
7f0123a01000-7f0123a29000 r--s 0018e000 00:1c 3803253                    /home/antorweep/.ivy2/cache/org.apache.spark/spark-streaming_2.10/jars/spark-streaming_2.10-1.5.1.jar
7f0123a29000-7f0123a7a000 r--s 003b0000 00:1c 3803034                    /home/antorweep/.ivy2/cache/org.apache.spark/spark-mllib_2.10/jars/spark-mllib_2.10-1.5.1.jar
7f0123a7a000-7f0123a7c000 r--s 00012000 00:1c 3803126                    /home/antorweep/.ivy2/cache/net.sf.py4j/py4j/jars/py4j-0.8.2.1.jar
7f0123a7c000-7f0123a7e000 r--s 00013000 00:1c 3803124                    /home/antorweep/.ivy2/cache/net.razorvine/pyrolite/jars/pyrolite-4.4.jar
7f0123a7e000-7f0123a7f000 r--s 00001000 00:1c 3803251                    /home/antorweep/.ivy2/cache/org.tachyonproject/tachyon-underfs-local/jars/tachyon-underfs-local-0.7.1.jar
7f0123a7f000-7f0123a80000 r--s 00002000 00:1c 3803249                    /home/antorweep/.ivy2/cache/org.tachyonproject/tachyon-underfs-hdfs/jars/tachyon-underfs-hdfs-0.7.1.jar
7f0123a80000-7f0123a84000 r--s 0002a000 00:1c 3674051                    /home/antorweep/.ivy2/cache/commons-io/commons-io/jars/commons-io-2.4.jar
7f0123a84000-7f0123aa7000 r--s 001bf000 00:1c 3803122                    /home/antorweep/.ivy2/cache/org.tachyonproject/tachyon-client/jars/tachyon-client-0.7.1.jar
7f0123aa7000-7f0123aa9000 r--s 0000e000 00:1c 3803120                    /home/antorweep/.ivy2/cache/oro/oro/jars/oro-2.0.8.jar
7f0123aa9000-7f0123abf000 r--s 00124000 00:1c 3803118                    /home/antorweep/.ivy2/cache/org.apache.ivy/ivy/jars/ivy-2.4.0.jar
7f0123abf000-7f0123ac2000 r--s 00007000 00:1c 3803247                    /home/antorweep/.ivy2/cache/com.fasterxml.jackson.core/jackson-annotations/bundles/jackson-annotations-2.4.4.jar
7f0123ac2000-7f0123ad2000 r--s 00077000 00:1c 3803116                    /home/antorweep/.ivy2/cache/com.fasterxml.jackson.module/jackson-module-scala_2.10/bundles/jackson-module-scala_2.10-2.4.4.jar
7f0123ad2000-7f0123ad4000 r--s 00004000 00:1c 3803112                    /home/antorweep/.ivy2/cache/io.dropwizard.metrics/metrics-graphite/bundles/metrics-graphite-3.1.2.jar
7f0123ad4000-7f0123ad8000 r--s 00034000 00:1c 3803245                    /home/antorweep/.ivy2/cache/com.fasterxml.jackson.core/jackson-core/bundles/jackson-core-2.4.4.jar
7f0123ad8000-7f0123ad9000 r--s 00003000 00:1c 3803110                    /home/antorweep/.ivy2/cache/io.dropwizard.metrics/metrics-json/bundles/metrics-json-3.1.2.jar
7f0123ad9000-7f0123adb000 r--s 00008000 00:1c 3803108                    /home/antorweep/.ivy2/cache/io.dropwizard.metrics/metrics-jvm/bundles/metrics-jvm-3.1.2.jar
7f0123adb000-7f0123adf000 r--s 00018000 00:1c 3803106                    /home/antorweep/.ivy2/cache/io.dropwizard.metrics/metrics-core/bundles/metrics-core-3.1.2.jar
7f0123adf000-7f0123ae2000 r--s 00028000 00:1c 3803104                    /home/antorweep/.ivy2/cache/com.clearspring.analytics/stream/jars/stream-2.7.0.jar
7f0123ae2000-7f0123af0000 r--s 0012a000 00:1c 3803100                    /home/antorweep/.ivy2/cache/org.apache.mesos/mesos/jars/mesos-0.21.1-shaded-protobuf.jar
7f0123af0000-7f0123afa000 r--s 00066000 00:1c 3803098                    /home/antorweep/.ivy2/cache/com.sun.jersey/jersey-core/bundles/jersey-core-1.9.jar
7f0123afa000-7f0123b0b000 r--s 000f6000 00:1c 3803114                    /home/antorweep/.ivy2/cache/com.fasterxml.jackson.core/jackson-databind/bundles/jackson-databind-2.4.4.jar
7f0123b0b000-7f0123b1e000 r--s 000be000 00:1c 3803243                    /home/antorweep/.ivy2/cache/org.scala-lang/scalap/jars/scalap-2.10.0.jar
7f0123b1e000-7f0123b20000 r--s 00007000 00:1c 3673641                    /home/antorweep/.ivy2/cache/com.thoughtworks.paranamer/paranamer/jars/paranamer-2.6.jar
7f0123b20000-7f0123b22000 r--s 00013000 00:1c 3673639                    /home/antorweep/.ivy2/cache/org.json4s/json4s-ast_2.10/jars/json4s-ast_2.10-3.2.10.jar
7f0123b22000-7f0123b2c000 r--s 00085000 00:1c 3673631                    /home/antorweep/.ivy2/cache/org.json4s/json4s-core_2.10/jars/json4s-core_2.10-3.2.10.jar
7f0123b2c000-7f0123b2d000 r--s 00009000 00:1c 3803094                    /home/antorweep/.ivy2/cache/org.json4s/json4s-jackson_2.10/jars/json4s-jackson_2.10-3.2.10.jar
7f0123b2d000-7f0123b2e000 r--s 00003000 00:1c 3803092                    /home/antorweep/.ivy2/cache/com.typesafe.akka/akka-slf4j_2.10/jars/akka-slf4j_2.10-2.3.11.jar
7f0123b2e000-7f0123b30000 r--s 0000a000 00:1c 3803239                    /home/antorweep/.ivy2/cache/org.uncommons.maths/uncommons-maths/jars/uncommons-maths-1.2.2a.jar
7f0123b30000-7f0123b48000 r--s 00115000 00:1c 3803237                    /home/antorweep/.ivy2/cache/io.netty/netty/bundles/netty-3.8.0.Final.jar
7f0123b48000-7f0123b4c000 r--s 00032000 00:1c 3803241                    /home/antorweep/.ivy2/cache/com.typesafe/config/bundles/config-1.2.1.jar
7f0123b4c000-7f0123b72000 r--s 00263000 00:1c 3803235                    /home/antorweep/.ivy2/cache/com.typesafe.akka/akka-actor_2.10/jars/akka-actor_2.10-2.3.11.jar
7f0123b72000-7f0123b88000 r--s 00135000 00:1c 3803090                    /home/antorweep/.ivy2/cache/com.typesafe.akka/akka-remote_2.10/jars/akka-remote_2.10-2.3.11.jar
7f0123b88000-7f0123b8a000 r--s 00019000 00:1c 3803086                    /home/antorweep/.ivy2/cache/org.roaringbitmap/RoaringBitmap/bundles/RoaringBitmap-0.4.5.jar
7f0123b8a000-7f0123b8c000 r--s 00038000 00:1c 3803084                    /home/antorweep/.ivy2/cache/net.jpountz.lz4/lz4/jars/lz4-1.3.0.jar
7f0123b8c000-7f0123b8e000 r--s 00012000 00:1c 3803080                    /home/antorweep/.ivy2/cache/com.ning/compress-lzf/bundles/compress-lzf-1.0.3.jar
7f0123b8e000-7f0123b90000 r--s 00003000 00:1c 3803074                    /home/antorweep/.ivy2/cache/org.slf4j/jcl-over-slf4j/jars/jcl-over-slf4j-1.7.10.jar
7f0123b90000-7f0123b92000 r--s 00000000 00:1c 3803072                    /home/antorweep/.ivy2/cache/org.slf4j/jul-to-slf4j/jars/jul-to-slf4j-1.7.10.jar
7f0123b92000-7f0123bb6000 r--s 001cd000 00:1c 3803066                    /home/antorweep/.ivy2/cache/org.apache.commons/commons-math3/jars/commons-math3-3.4.1.jar
7f0123bb6000-7f0123bbd000 r--s 0005e000 00:1c 3803064                    /home/antorweep/.ivy2/cache/org.apache.commons/commons-lang3/jars/commons-lang3-3.3.2.jar
7f0123bbd000-7f0123bc0000 r--s 0002e000 00:1c 3803062                    /home/antorweep/.ivy2/cache/org.eclipse.jetty.orbit/javax.servlet/orbits/javax.servlet-3.0.0.v201112011016.jar
7f0123bc0000-7f0123be9000 r--s 001ee000 00:1c 3803231                    /home/antorweep/.ivy2/cache/com.google.guava/guava/bundles/guava-14.0.1.jar
7f0123be9000-7f0123beb000 r--s 00014000 00:1c 3674047                    /home/antorweep/.ivy2/cache/jline/jline/jars/jline-0.9.94.jar
7f0123beb000-7f0123bf7000 r--s 000b3000 00:1c 3803229                    /home/antorweep/.ivy2/cache/org.apache.zookeeper/zookeeper/jars/zookeeper-3.4.5.jar
7f0123bf7000-7f0123bfa000 r--s 0000e000 00:1c 3803233                    /home/antorweep/.ivy2/cache/org.apache.curator/curator-client/bundles/curator-client-2.4.0.jar
7f0123bfa000-7f0123bff000 r--s 00027000 00:1c 3803227                    /home/antorweep/.ivy2/cache/org.apache.curator/curator-framework/bundles/curator-framework-2.4.0.jar
7f0123bff000-7f0123c05000 r--s 00035000 00:1c 3803060                    /home/antorweep/.ivy2/cache/org.apache.curator/curator-recipes/bundles/curator-recipes-2.4.0.jar
7f0123c05000-7f0123c0b000 r--s 00057000 00:1c 3803058                    /home/antorweep/.ivy2/cache/net.java.dev.jets3t/jets3t/jars/jets3t-0.7.1.jar
7f0123c0b000-7f0123c0d000 r--s 00009000 00:1c 3803056                    /home/antorweep/.ivy2/cache/org.apache.spark/spark-unsafe_2.10/jars/spark-unsafe_2.10-1.5.1.jar
7f0123c0d000-7f0123c10000 r--s 0000a000 00:1c 3803054                    /home/antorweep/.ivy2/cache/org.apache.spark/spark-network-shuffle_2.10/jars/spark-network-shuffle_2.10-1.5.1.jar
7f0123c10000-7f0123c32000 r--s 001d4000 00:1c 3803102                    /home/antorweep/.ivy2/cache/io.netty/netty-all/jars/netty-all-4.0.29.Final.jar
7f0123c32000-7f0123c5f000 r--s 0020c000 00:1c 3803052                    /home/antorweep/.ivy2/cache/org.apache.spark/spark-network-common_2.10/jars/spark-network-common_2.10-1.5.1.jar
7f0123c5f000-7f0123c60000 r--s 00000000 00:1c 3803128                    /home/antorweep/.ivy2/cache/org.spark-project.spark/unused/jars/unused-1.0.0.jar
7f0123c60000-7f0123c62000 r--s 00009000 00:1c 3803050                    /home/antorweep/.ivy2/cache/org.apache.spark/spark-launcher_2.10/jars/spark-launcher_2.10-1.5.1.jar
7f0123c62000-7f0123c63000 r--s 00008000 00:1c 3803161                    /home/antorweep/.ivy2/cache/org.apache.hadoop/hadoop-mapreduce-client-jobclient/jars/hadoop-mapreduce-client-jobclient-2.2.0.jar
7f0123c63000-7f0123c65000 r--s 00004000 00:1c 3803193                    /home/antorweep/.ivy2/cache/org.apache.hadoop/hadoop-mapreduce-client-shuffle/jars/hadoop-mapreduce-client-shuffle-2.2.0.jar
7f0123c65000-7f0123c69000 r--s 00027000 00:1c 3803199                    /home/antorweep/.ivy2/cache/org.apache.hadoop/hadoop-yarn-server-common/jars/hadoop-yarn-server-common-2.2.0.jar
7f0123c69000-7f0123c81000 r--s 0014c000 00:1c 3803159                    /home/antorweep/.ivy2/cache/org.apache.hadoop/hadoop-mapreduce-client-core/jars/hadoop-mapreduce-client-core-2.2.0.jar
7f0123c81000-7f0123c84000 r--s 00015000 00:1c 3803197                    /home/antorweep/.ivy2/cache/org.apache.hadoop/hadoop-yarn-client/jars/hadoop-yarn-client-2.2.0.jar
7f0123c84000-7f0123c85000 r--s 00003000 00:1c 3803207                    /home/antorweep/.ivy2/cache/com.sun.jersey.contribs/jersey-guice/jars/jersey-guice-1.9.jar
7f0123c85000-7f0123c86000 r--s 00007000 00:1c 3803221                    /home/antorweep/.ivy2/cache/org.codehaus.jackson/jackson-xc/jars/jackson-xc-1.8.3.jar
7f0123c86000-7f0123c87000 r--s 00004000 00:1c 3803219                    /home/antorweep/.ivy2/cache/org.codehaus.jackson/jackson-jaxrs/jars/jackson-jaxrs-1.8.3.jar
7f0123c87000-7f0123c89000 r--s 00005000 00:1c 3803223                    /home/antorweep/.ivy2/cache/stax/stax-api/jars/stax-api-1.0.1.jar
7f0123c89000-7f0123c8b000 r--s 0000f000 00:1c 3803217                    /home/antorweep/.ivy2/cache/org.codehaus.jettison/jettison/bundles/jettison-1.1.jar
7f0123c8b000-7f0123c8f000 r--s 00021000 00:1c 3803205                    /home/antorweep/.ivy2/cache/com.sun.jersey/jersey-json/bundles/jersey-json-1.9.jar
7f0123c8f000-7f0123c90000 r--s 0000a000 00:1c 3803215                    /home/antorweep/.ivy2/cache/asm/asm/jars/asm-3.1.jar
7f0123c90000-7f0123ca2000 r--s 0009d000 00:1c 3803096                    /home/antorweep/.ivy2/cache/com.sun.jersey/jersey-server/bundles/jersey-server-1.9.jar
7f0123ca2000-7f0123ca9000 r--s 0003e000 00:1c 3803213                    /home/antorweep/.ivy2/cache/org.sonatype.sisu.inject/cglib/jars/cglib-2.2.1-v20090111.jar
7f0123ca9000-7f0123cb8000 r--s 0009f000 00:1c 3803201                    /home/antorweep/.ivy2/cache/com.google.inject/guice/jars/guice-3.0.jar
7f0123cb8000-7f0123cfd000 r--s 004bb000 00:1c 3803153                    /home/antorweep/.ivy2/cache/org.apache.hadoop/hadoop-hdfs/jars/hadoop-hdfs-2.2.0.jar
7f0123cfd000-7f0123cfe000 ---p 00000000 00:00 0 
7f0123cfe000-7f0123dfe000 rw-p 00000000 00:00 0                          [stack:9602]
7f0123dfe000-7f0123e01000 ---p 00000000 00:00 0 
7f0123e01000-7f0123eff000 rw-p 00000000 00:00 0                          [stack:9601]
7f0123eff000-7f0123f02000 ---p 00000000 00:00 0 
7f0123f02000-7f0124000000 rw-p 00000000 00:00 0                          [stack:9600]
7f0124000000-7f0124037000 rw-p 00000000 00:00 0 
7f0124037000-7f0128000000 ---p 00000000 00:00 0 
7f0128000000-7f0128002000 r--s 00002000 00:1c 3803203                    /home/antorweep/.ivy2/cache/com.sun.jersey.jersey-test-framework/jersey-test-framework-grizzly2/jars/jersey-test-framework-grizzly2-1.9.jar
7f0128002000-7f0128004000 r--s 00000000 00:1c 3803211                    /home/antorweep/.ivy2/cache/aopalliance/aopalliance/jars/aopalliance-1.0.jar
7f0128004000-7f0128005000 r--s 00000000 00:1c 3803209                    /home/antorweep/.ivy2/cache/javax.inject/javax.inject/jars/javax.inject-1.jar
7f0128005000-7f0128007000 r--s 00001000 00:1c 3803078                    /home/antorweep/.ivy2/cache/org.slf4j/slf4j-log4j12/jars/slf4j-log4j12-1.7.10.jar
7f0128007000-7f0128018000 r--s 0010a000 00:1c 3803157                    /home/antorweep/.ivy2/cache/org.apache.hadoop/hadoop-yarn-api/jars/hadoop-yarn-api-2.2.0.jar
7f0128018000-7f012802a000 r--s 0012c000 00:1c 3803195                    /home/antorweep/.ivy2/cache/org.apache.hadoop/hadoop-yarn-common/jars/hadoop-yarn-common-2.2.0.jar
7f012802a000-7f0128036000 r--s 00095000 00:1c 3803191                    /home/antorweep/.ivy2/cache/org.apache.hadoop/hadoop-mapreduce-client-common/jars/hadoop-mapreduce-client-common-2.2.0.jar
7f0128036000-7f012803f000 r--s 0006d000 00:1c 3803155                    /home/antorweep/.ivy2/cache/org.apache.hadoop/hadoop-mapreduce-client-app/jars/hadoop-mapreduce-client-app-2.2.0.jar
7f012803f000-7f0128043000 r--s 00028000 00:1c 3803189                    /home/antorweep/.ivy2/cache/org.mortbay.jetty/jetty-util/jars/jetty-util-6.1.26.jar
7f0128043000-7f0128045000 r--s 0000b000 00:1c 3803179                    /home/antorweep/.ivy2/cache/org.apache.hadoop/hadoop-auth/jars/hadoop-auth-2.2.0.jar
7f0128045000-7f012804d000 r--s 0007b000 00:1c 3803177                    /home/antorweep/.ivy2/cache/com.google.protobuf/protobuf-java/bundles/protobuf-java-2.5.0.jar
7f012804d000-7f0128051000 r--s 0002f000 00:1c 3803185                    /home/antorweep/.ivy2/cache/commons-beanutils/commons-beanutils-core/jars/commons-beanutils-core-1.8.0.jar
7f0128051000-7f0128056000 r--s 0002a000 00:1c 3803187                    /home/antorweep/.ivy2/cache/commons-beanutils/commons-beanutils/jars/commons-beanutils-1.7.0.jar
7f0128056000-7f012805a000 r--s 00020000 00:1c 3803183                    /home/antorweep/.ivy2/cache/commons-digester/commons-digester/jars/commons-digester-1.8.jar
7f012805a000-7f0128068000 r--s 0007f000 00:1c 3803181                    /home/antorweep/.ivy2/cache/commons-collections/commons-collections/jars/commons-collections-3.2.1.jar
7f0128068000-7f012806e000 r--s 00043000 00:1c 3803175                    /home/antorweep/.ivy2/cache/commons-configuration/commons-configuration/jars/commons-configuration-1.6.jar
7f012806e000-7f0128073000 r--s 00040000 00:1c 3803173                    /home/antorweep/.ivy2/cache/commons-lang/commons-lang/jars/commons-lang-2.5.jar
7f0128073000-7f012807c000 r--s 0006f000 00:1c 3803076                    /home/antorweep/.ivy2/cache/log4j/log4j/bundles/log4j-1.2.17.jar
7f012807c000-7f0128080000 r--s 00030000 00:1c 3803088                    /home/antorweep/.ivy2/cache/commons-net/commons-net/jars/commons-net-2.2.jar
7f0128080000-7f0128086000 r--s 00045000 00:1c 3803171                    /home/antorweep/.ivy2/cache/commons-httpclient/commons-httpclient/jars/commons-httpclient-3.1.jar
7f0128086000-7f0128087000 r--s 00003000 00:1c 3803169                    /home/antorweep/.ivy2/cache/xmlenc/xmlenc/jars/xmlenc-0.52.jar
7f0128087000-7f0128098000 r--s 000bb000 00:1c 3803167                    /home/antorweep/.ivy2/cache/org.apache.commons/commons-math/jars/commons-math-2.1.jar
7f0128098000-7f012809a000 r--s 00009000 00:1c 3803165                    /home/antorweep/.ivy2/cache/commons-cli/commons-cli/jars/commons-cli-1.2.jar
7f012809a000-7f012809d000 r--s 00006000 00:1c 3803068                    /home/antorweep/.ivy2/cache/com.google.code.findbugs/jsr305/jars/jsr305-1.3.9.jar
7f012809d000-7f012809f000 r--s 00003000 00:1c 3803163                    /home/antorweep/.ivy2/cache/org.apache.hadoop/hadoop-annotations/jars/hadoop-annotations-2.2.0.jar
7f012809f000-7f01280ca000 r--s 00271000 00:1c 3803151                    /home/antorweep/.ivy2/cache/org.apache.hadoop/hadoop-common/jars/hadoop-common-2.2.0.jar
7f01280ca000-7f01280cb000 r--s 00000000 00:1c 3803048                    /home/antorweep/.ivy2/cache/org.apache.hadoop/hadoop-client/jars/hadoop-client-2.2.0.jar
7f01280cb000-7f01280cd000 r--s 00007000 00:1c 3803149                    /home/antorweep/.ivy2/cache/org.objenesis/objenesis/jars/objenesis-1.2.jar
7f01280cd000-7f01280cf000 r--s 00000000 00:1c 3803147                    /home/antorweep/.ivy2/cache/com.esotericsoftware.minlog/minlog/jars/minlog-1.2.jar
7f01280cf000-7f01280d1000 r--s 0000f000 00:1c 3803145                    /home/antorweep/.ivy2/cache/com.esotericsoftware.reflectasm/reflectasm/jars/reflectasm-1.07-shaded.jar
7f01280d1000-7f01280d7000 r--s 00053000 00:1c 3803143                    /home/antorweep/.ivy2/cache/com.esotericsoftware.kryo/kryo/bundles/kryo-2.21.jar
7f01280d7000-7f01280d9000 r--s 0000a000 00:1c 3803046                    /home/antorweep/.ivy2/cache/com.twitter/chill-java/jars/chill-java-0.5.0.jar
7f01280d9000-7f01280dd000 r--s 00032000 00:1c 3803044                    /home/antorweep/.ivy2/cache/com.twitter/chill_2.10/jars/chill_2.10-0.5.0.jar
7f01280dd000-7f01280e1000 r--s 00014000 00:1c 3803141                    /home/antorweep/.ivy2/cache/org.tukaani/xz/jars/xz-1.0.jar
7f01280e1000-7f01280e6000 r--s 00036000 00:1c 3803139                    /home/antorweep/.ivy2/cache/org.apache.commons/commons-compress/jars/commons-compress-1.4.1.jar
7f01280e6000-7f01280e9000 ---p 00000000 00:00 0 
7f01280e9000-7f01281e7000 rw-p 00000000 00:00 0                          [stack:9599]
7f01281e7000-7f01281ea000 ---p 00000000 00:00 0 
7f01281ea000-7f01282e8000 rw-p 00000000 00:00 0                          [stack:9598]
7f01282e8000-7f0128afb000 r--p 00000000 fc:01 12065460                   /usr/lib/locale/locale-archive
7f0128afb000-7f0128afe000 ---p 00000000 00:00 0 
7f0128afe000-7f0128bfc000 rw-p 00000000 00:00 0                          [stack:9597]
7f0128bfc000-7f0128bff000 ---p 00000000 00:00 0 
7f0128bff000-7f0128cfd000 rw-p 00000000 00:00 0                          [stack:9596]
7f0128cfd000-7f0128cfe000 ---p 00000000 00:00 0 
7f0128cfe000-7f0129000000 rw-p 00000000 00:00 0                          [stack:9595]
7f0129000000-7f0129380000 rwxp 00000000 00:00 0 
7f0129380000-7f012d278000 rw-p 00000000 00:00 0 
7f012d278000-7f0130000000 ---p 00000000 00:00 0 
7f0130000000-7f013000e000 r--s 000b1000 00:1c 3803135                    /home/antorweep/.ivy2/cache/org.codehaus.jackson/jackson-mapper-asl/jars/jackson-mapper-asl-1.9.13.jar
7f013000e000-7f0130017000 r--s 00062000 00:1c 4066132                    /home/antorweep/.ivy2/cache/org.apache.avro/avro/jars/avro-1.7.7.jar
7f0130017000-7f01300e8000 r--s 009ca000 00:1c 3803024                    /home/antorweep/.ivy2/cache/org.apache.spark/spark-core_2.10/jars/spark-core_2.10-1.5.1.jar
7f01300e8000-7f0130ee5000 rw-p 00000000 00:00 0 
7f0130ee5000-7f01310a5000 r--s 039fb000 fc:01 12069676                   /usr/lib/jvm/java-7-oracle/jre/lib/rt.jar
7f01310a5000-7f01310c8000 rw-p 00000000 00:00 0 
7f01310c8000-7f01311c6000 r--s 00cd0000 00:1c 4720180                    /home/antorweep/.p2/pool/plugins/org.scala-ide.scala210.jars_4.2.0.201509281532/target/jars/scala-compiler.jar
7f01311c6000-7f01311fb000 r--s 002da000 00:1c 4720181                    /home/antorweep/.p2/pool/plugins/org.scala-ide.scala210.jars_4.2.0.201509281532/target/jars/scala-reflect.jar
7f01311fb000-7f013126d000 r--s 0065b000 00:1c 4720183                    /home/antorweep/.p2/pool/plugins/org.scala-ide.scala210.jars_4.2.0.201509281532/target/jars/scala-library.jar
7f013126d000-7f0131793000 rw-p 00000000 00:00 0 
7f0131793000-7f0131794000 ---p 00000000 00:00 0 
7f0131794000-7f0131894000 rw-p 00000000 00:00 0                          [stack:9594]
7f0131894000-7f0131895000 ---p 00000000 00:00 0 
7f0131895000-7f0131995000 rw-p 00000000 00:00 0                          [stack:9593]
7f0131995000-7f0131996000 ---p 00000000 00:00 0 
7f0131996000-7f0131a96000 rw-p 00000000 00:00 0                          [stack:9592]
7f0131a96000-7f0131a97000 ---p 00000000 00:00 0 
7f0131a97000-7f0131bb2000 rw-p 00000000 00:00 0                          [stack:9591]
7f0131bb2000-7f0131bc0000 rw-p 00000000 00:00 0 
7f0131bc0000-7f0131be9000 rw-p 00000000 00:00 0 
7f0131be9000-7f0131e52000 rw-p 00000000 00:00 0 
7f0131e52000-7f0131e6d000 rw-p 00000000 00:00 0 
7f0131e6d000-7f0131e7b000 rw-p 00000000 00:00 0 
7f0131e7b000-7f0131ea4000 rw-p 00000000 00:00 0 
7f0131ea4000-7f013210d000 rw-p 00000000 00:00 0 
7f013210d000-7f013221b000 rw-p 00000000 00:00 0 
7f013221b000-7f0132256000 rw-p 00000000 00:00 0 
7f0132256000-7f0132257000 rw-p 00000000 00:00 0 
7f0132257000-7f013226e000 r-xp 00000000 fc:01 12069707                   /usr/lib/jvm/java-7-oracle/jre/lib/amd64/libzip.so
7f013226e000-7f013246e000 ---p 00017000 fc:01 12069707                   /usr/lib/jvm/java-7-oracle/jre/lib/amd64/libzip.so
7f013246e000-7f013246f000 rw-p 00017000 fc:01 12069707                   /usr/lib/jvm/java-7-oracle/jre/lib/amd64/libzip.so
7f013246f000-7f013247a000 r-xp 00000000 fc:01 5509294                    /lib/x86_64-linux-gnu/libnss_files-2.19.so
7f013247a000-7f0132679000 ---p 0000b000 fc:01 5509294                    /lib/x86_64-linux-gnu/libnss_files-2.19.so
7f0132679000-7f013267a000 r--p 0000a000 fc:01 5509294                    /lib/x86_64-linux-gnu/libnss_files-2.19.so
7f013267a000-7f013267b000 rw-p 0000b000 fc:01 5509294                    /lib/x86_64-linux-gnu/libnss_files-2.19.so
7f013267b000-7f0132686000 r-xp 00000000 fc:01 5509304                    /lib/x86_64-linux-gnu/libnss_nis-2.19.so
7f0132686000-7f0132885000 ---p 0000b000 fc:01 5509304                    /lib/x86_64-linux-gnu/libnss_nis-2.19.so
7f0132885000-7f0132886000 r--p 0000a000 fc:01 5509304                    /lib/x86_64-linux-gnu/libnss_nis-2.19.so
7f0132886000-7f0132887000 rw-p 0000b000 fc:01 5509304                    /lib/x86_64-linux-gnu/libnss_nis-2.19.so
7f0132887000-7f013289e000 r-xp 00000000 fc:01 5509288                    /lib/x86_64-linux-gnu/libnsl-2.19.so
7f013289e000-7f0132a9d000 ---p 00017000 fc:01 5509288                    /lib/x86_64-linux-gnu/libnsl-2.19.so
7f0132a9d000-7f0132a9e000 r--p 00016000 fc:01 5509288                    /lib/x86_64-linux-gnu/libnsl-2.19.so
7f0132a9e000-7f0132a9f000 rw-p 00017000 fc:01 5509288                    /lib/x86_64-linux-gnu/libnsl-2.19.so
7f0132a9f000-7f0132aa1000 rw-p 00000000 00:00 0 
7f0132aa1000-7f0132aaa000 r-xp 00000000 fc:01 5509290                    /lib/x86_64-linux-gnu/libnss_compat-2.19.so
7f0132aaa000-7f0132ca9000 ---p 00009000 fc:01 5509290                    /lib/x86_64-linux-gnu/libnss_compat-2.19.so
7f0132ca9000-7f0132caa000 r--p 00008000 fc:01 5509290                    /lib/x86_64-linux-gnu/libnss_compat-2.19.so
7f0132caa000-7f0132cab000 rw-p 00009000 fc:01 5509290                    /lib/x86_64-linux-gnu/libnss_compat-2.19.so
7f0132cab000-7f0132cd4000 r-xp 00000000 fc:01 12069686                   /usr/lib/jvm/java-7-oracle/jre/lib/amd64/libjava.so
7f0132cd4000-7f0132ed4000 ---p 00029000 fc:01 12069686                   /usr/lib/jvm/java-7-oracle/jre/lib/amd64/libjava.so
7f0132ed4000-7f0132ed6000 rw-p 00029000 fc:01 12069686                   /usr/lib/jvm/java-7-oracle/jre/lib/amd64/libjava.so
7f0132ed6000-7f0132ee3000 r-xp 00000000 fc:01 12069689                   /usr/lib/jvm/java-7-oracle/jre/lib/amd64/libverify.so
7f0132ee3000-7f01330e2000 ---p 0000d000 fc:01 12069689                   /usr/lib/jvm/java-7-oracle/jre/lib/amd64/libverify.so
7f01330e2000-7f01330e4000 rw-p 0000c000 fc:01 12069689                   /usr/lib/jvm/java-7-oracle/jre/lib/amd64/libverify.so
7f01330e4000-7f01330eb000 r-xp 00000000 fc:01 5509347                    /lib/x86_64-linux-gnu/librt-2.19.so
7f01330eb000-7f01332ea000 ---p 00007000 fc:01 5509347                    /lib/x86_64-linux-gnu/librt-2.19.so
7f01332ea000-7f01332eb000 r--p 00006000 fc:01 5509347                    /lib/x86_64-linux-gnu/librt-2.19.so
7f01332eb000-7f01332ec000 rw-p 00007000 fc:01 5509347                    /lib/x86_64-linux-gnu/librt-2.19.so
7f01332ec000-7f01333f1000 r-xp 00000000 fc:01 5509269                    /lib/x86_64-linux-gnu/libm-2.19.so
7f01333f1000-7f01335f0000 ---p 00105000 fc:01 5509269                    /lib/x86_64-linux-gnu/libm-2.19.so
7f01335f0000-7f01335f1000 r--p 00104000 fc:01 5509269                    /lib/x86_64-linux-gnu/libm-2.19.so
7f01335f1000-7f01335f2000 rw-p 00105000 fc:01 5509269                    /lib/x86_64-linux-gnu/libm-2.19.so
7f01335f2000-7f0134168000 r-xp 00000000 fc:01 12069724                   /usr/lib/jvm/java-7-oracle/jre/lib/amd64/server/libjvm.so
7f0134168000-7f0134367000 ---p 00b76000 fc:01 12069724                   /usr/lib/jvm/java-7-oracle/jre/lib/amd64/server/libjvm.so
7f0134367000-7f013442b000 rw-p 00b75000 fc:01 12069724                   /usr/lib/jvm/java-7-oracle/jre/lib/amd64/server/libjvm.so
7f013442b000-7f013446c000 rw-p 00000000 00:00 0 
7f013446c000-7f0134627000 r-xp 00000000 fc:01 5509219                    /lib/x86_64-linux-gnu/libc-2.19.so
7f0134627000-7f0134826000 ---p 001bb000 fc:01 5509219                    /lib/x86_64-linux-gnu/libc-2.19.so
7f0134826000-7f013482a000 r--p 001ba000 fc:01 5509219                    /lib/x86_64-linux-gnu/libc-2.19.so
7f013482a000-7f013482c000 rw-p 001be000 fc:01 5509219                    /lib/x86_64-linux-gnu/libc-2.19.so
7f013482c000-7f0134831000 rw-p 00000000 00:00 0 
7f0134831000-7f0134834000 r-xp 00000000 fc:01 5509236                    /lib/x86_64-linux-gnu/libdl-2.19.so
7f0134834000-7f0134a33000 ---p 00003000 fc:01 5509236                    /lib/x86_64-linux-gnu/libdl-2.19.so
7f0134a33000-7f0134a34000 r--p 00002000 fc:01 5509236                    /lib/x86_64-linux-gnu/libdl-2.19.so
7f0134a34000-7f0134a35000 rw-p 00003000 fc:01 5509236                    /lib/x86_64-linux-gnu/libdl-2.19.so
7f0134a35000-7f0134a4a000 r-xp 00000000 fc:01 12070432                   /usr/lib/jvm/java-7-oracle/lib/amd64/jli/libjli.so
7f0134a4a000-7f0134c49000 ---p 00015000 fc:01 12070432                   /usr/lib/jvm/java-7-oracle/lib/amd64/jli/libjli.so
7f0134c49000-7f0134c4a000 rw-p 00014000 fc:01 12070432                   /usr/lib/jvm/java-7-oracle/lib/amd64/jli/libjli.so
7f0134c4a000-7f0134c63000 r-xp 00000000 fc:01 5509339                    /lib/x86_64-linux-gnu/libpthread-2.19.so
7f0134c63000-7f0134e62000 ---p 00019000 fc:01 5509339                    /lib/x86_64-linux-gnu/libpthread-2.19.so
7f0134e62000-7f0134e63000 r--p 00018000 fc:01 5509339                    /lib/x86_64-linux-gnu/libpthread-2.19.so
7f0134e63000-7f0134e64000 rw-p 00019000 fc:01 5509339                    /lib/x86_64-linux-gnu/libpthread-2.19.so
7f0134e64000-7f0134e68000 rw-p 00000000 00:00 0 
7f0134e68000-7f0134e8b000 r-xp 00000000 fc:01 5509195                    /lib/x86_64-linux-gnu/ld-2.19.so
7f0134e8b000-7f0134e8e000 r--s 0008f000 00:1c 3803082                    /home/antorweep/.ivy2/cache/org.xerial.snappy/snappy-java/bundles/snappy-java-1.1.1.7.jar
7f0134e8e000-7f0134e92000 r--s 00035000 00:1c 3803133                    /home/antorweep/.ivy2/cache/org.codehaus.jackson/jackson-core-asl/jars/jackson-core-asl-1.9.13.jar
7f0134e92000-7f0134e96000 r--s 0002c000 00:1c 3803131                    /home/antorweep/.ivy2/cache/org.apache.avro/avro-ipc/jars/avro-ipc-1.7.7.jar
7f0134e96000-7f0134e9d000 r--s 0004e000 00:1c 3803130                    /home/antorweep/.ivy2/cache/org.apache.avro/avro-ipc/jars/avro-ipc-1.7.7-tests.jar
7f0134e9d000-7f0134ea2000 r--s 00028000 00:1c 3803042                    /home/antorweep/.ivy2/cache/org.apache.avro/avro-mapred/jars/avro-mapred-1.7.7-hadoop2.jar
7f0134ea2000-7f0134eb0000 rw-p 00000000 00:00 0 
7f0134eb0000-7f0134f62000 rw-p 00000000 00:00 0 
7f0134f62000-7f0134f65000 ---p 00000000 00:00 0 
7f0134f65000-7f0135067000 rw-p 00000000 00:00 0                          [stack:9590]
7f0135067000-7f0135068000 r--s 00007000 00:1c 3803070                    /home/antorweep/.ivy2/cache/org.slf4j/slf4j-api/jars/slf4j-api-1.7.10.jar
7f0135068000-7f0135072000 r--s 000a3000 00:1c 4720185                    /home/antorweep/.p2/pool/plugins/org.scala-ide.scala210.jars_4.2.0.201509281532/target/jars/scala-swing.jar
7f0135072000-7f013507a000 r--s 0006d000 00:1c 4720184                    /home/antorweep/.p2/pool/plugins/org.scala-ide.scala210.jars_4.2.0.201509281532/target/jars/scala-actor.jar
7f013507a000-7f0135082000 rw-s 00000000 fc:01 9175152                    /tmp/hsperfdata_antorweep/9585
7f0135082000-7f0135083000 rw-p 00000000 00:00 0 
7f0135083000-7f0135084000 ---p 00000000 00:00 0 
7f0135084000-7f0135086000 rw-p 00000000 00:00 0 
7f0135086000-7f0135088000 r--p 00000000 00:00 0                          [vvar]
7f0135088000-7f013508a000 r-xp 00000000 00:00 0                          [vdso]
7f013508a000-7f013508b000 r--p 00022000 fc:01 5509195                    /lib/x86_64-linux-gnu/ld-2.19.so
7f013508b000-7f013508c000 rw-p 00023000 fc:01 5509195                    /lib/x86_64-linux-gnu/ld-2.19.so
7f013508c000-7f013508d000 rw-p 00000000 00:00 0 
7ffc4bbc6000-7ffc4bbea000 rw-p 00000000 00:00 0                          [stack]
ffffffffff600000-ffffffffff601000 r-xp 00000000 00:00 0                  [vsyscall]

VM Arguments:
jvm_args: -Dfile.encoding=UTF-8 -Xbootclasspath/p:/home/antorweep/.p2/pool/plugins/org.scala-ide.scala210.jars_4.2.0.201509281532/target/jars/scala-library.jar:/home/antorweep/.p2/pool/plugins/org.scala-ide.scala210.jars_4.2.0.201509281532/target/jars/scala-reflect.jar:/home/antorweep/.p2/pool/plugins/org.scala-ide.scala210.jars_4.2.0.201509281532/target/jars/scala-actor.jar:/home/antorweep/.p2/pool/plugins/org.scala-ide.scala210.jars_4.2.0.201509281532/target/jars/scala-swing.jar:/home/antorweep/.p2/pool/plugins/org.scala-ide.scala210.jars_4.2.0.201509281532/target/jars/scala-compiler.jar 
java_command: uis.cipsi.incognito.examples.IncognitoMain local 4 4gb /home/antorweep/workspace/incognito/data/islr/ /home/antorweep/workspace/incognito/data/tmp/ islr.dat 0,9
Launcher Type: SUN_STANDARD

Environment Variables:
JAVA_HOME=/usr/lib/jvm/java-7-oracle
PATH=/usr/local/sbin:/usr/local/bin:/usr/sbin:/usr/bin:/sbin:/bin:/usr/games:/usr/local/games:/usr/lib/jvm/java-7-oracle/bin:/usr/lib/jvm/java-7-oracle/db/bin:/usr/lib/jvm/java-7-oracle/jre/bin
SHELL=/bin/bash
DISPLAY=:0.0

Signal Handlers:
SIGSEGV: [libjvm.so+0x9a3b20], sa_mask[0]=0x7ffbfeff, sa_flags=0x10000004
SIGBUS: [libjvm.so+0x9a3b20], sa_mask[0]=0x7ffbfeff, sa_flags=0x10000004
SIGFPE: [libjvm.so+0x81e740], sa_mask[0]=0x7ffbfeff, sa_flags=0x10000004
SIGPIPE: [libjvm.so+0x81e740], sa_mask[0]=0x7ffbfeff, sa_flags=0x10000004
SIGXFSZ: [libjvm.so+0x81e740], sa_mask[0]=0x7ffbfeff, sa_flags=0x10000004
SIGILL: [libjvm.so+0x81e740], sa_mask[0]=0x7ffbfeff, sa_flags=0x10000004
SIGUSR1: SIG_DFL, sa_mask[0]=0x00000000, sa_flags=0x00000000
SIGUSR2: [libjvm.so+0x81ffb0], sa_mask[0]=0x00000004, sa_flags=0x10000004
SIGHUP: [libjvm.so+0x8210d0], sa_mask[0]=0x7ffbfeff, sa_flags=0x10000004
SIGINT: [libjvm.so+0x8210d0], sa_mask[0]=0x7ffbfeff, sa_flags=0x10000004
SIGTERM: [libjvm.so+0x8210d0], sa_mask[0]=0x7ffbfeff, sa_flags=0x10000004
SIGQUIT: [libjvm.so+0x8210d0], sa_mask[0]=0x7ffbfeff, sa_flags=0x10000004


---------------  S Y S T E M  ---------------

OS:jessie/sid

uname:Linux 3.19.0-31-generic #36~14.04.1-Ubuntu SMP Thu Oct 8 10:21:08 UTC 2015 x86_64
libc:glibc 2.19 NPTL 2.19 
rlimit: STACK 8192k, CORE 0k, NPROC 31438, NOFILE 4096, AS infinity
load average:8,87 2,76 1,37

/proc/meminfo:
MemTotal:        8080536 kB
MemFree:          118972 kB
MemAvailable:      74064 kB
Buffers:             272 kB
Cached:          1177628 kB
SwapCached:            0 kB
Active:          6679708 kB
Inactive:        1026704 kB
Active(anon):    6677504 kB
Inactive(anon):  1008084 kB
Active(file):       2204 kB
Inactive(file):    18620 kB
Unevictable:          32 kB
Mlocked:              32 kB
SwapTotal:             0 kB
SwapFree:              0 kB
Dirty:               104 kB
Writeback:            20 kB
AnonPages:       6528688 kB
Mapped:           772596 kB
Shmem:           1156932 kB
Slab:             123768 kB
SReclaimable:      58300 kB
SUnreclaim:        65468 kB
KernelStack:       17296 kB
PageTables:        73684 kB
NFS_Unstable:          0 kB
Bounce:                0 kB
WritebackTmp:          0 kB
CommitLimit:     4040268 kB
Committed_AS:   21466736 kB
VmallocTotal:   34359738367 kB
VmallocUsed:      360556 kB
VmallocChunk:   34359292208 kB
HardwareCorrupted:     0 kB
AnonHugePages:   2566144 kB
CmaTotal:              0 kB
CmaFree:               0 kB
HugePages_Total:       0
HugePages_Free:        0
HugePages_Rsvd:        0
HugePages_Surp:        0
Hugepagesize:       2048 kB
DirectMap4k:      361216 kB
DirectMap2M:     7931904 kB
DirectMap1G:     1048576 kB


CPU:total 4 (4 cores per cpu, 1 threads per core) family 6 model 60 stepping 3, cmov, cx8, fxsr, mmx, sse, sse2, sse3, ssse3, sse4.1, sse4.2, popcnt, avx, avx2, aes, erms, tsc, tscinvbit

/proc/cpuinfo:
processor	: 0
vendor_id	: GenuineIntel
cpu family	: 6
model		: 60
model name	: Intel(R) Core(TM) i5-4570 CPU @ 3.20GHz
stepping	: 3
microcode	: 0x1a
cpu MHz		: 3199.875
cache size	: 6144 KB
physical id	: 0
siblings	: 4
core id		: 0
cpu cores	: 4
apicid		: 0
initial apicid	: 0
fpu		: yes
fpu_exception	: yes
cpuid level	: 13
wp		: yes
flags		: fpu vme de pse tsc msr pae mce cx8 apic sep mtrr pge mca cmov pat pse36 clflush dts acpi mmx fxsr sse sse2 ss ht tm pbe syscall nx pdpe1gb rdtscp lm constant_tsc arch_perfmon pebs bts rep_good nopl xtopology nonstop_tsc aperfmperf eagerfpu pni pclmulqdq dtes64 monitor ds_cpl vmx smx est tm2 ssse3 fma cx16 xtpr pdcm pcid sse4_1 sse4_2 x2apic movbe popcnt tsc_deadline_timer aes xsave avx f16c rdrand lahf_lm abm ida arat epb pln pts dtherm tpr_shadow vnmi flexpriority ept vpid fsgsbase tsc_adjust bmi1 hle avx2 smep bmi2 erms invpcid rtm xsaveopt
bugs		:
bogomips	: 6385.94
clflush size	: 64
cache_alignment	: 64
address sizes	: 39 bits physical, 48 bits virtual
power management:

processor	: 1
vendor_id	: GenuineIntel
cpu family	: 6
model		: 60
model name	: Intel(R) Core(TM) i5-4570 CPU @ 3.20GHz
stepping	: 3
microcode	: 0x1a
cpu MHz		: 3214.250
cache size	: 6144 KB
physical id	: 0
siblings	: 4
core id		: 1
cpu cores	: 4
apicid		: 2
initial apicid	: 2
fpu		: yes
fpu_exception	: yes
cpuid level	: 13
wp		: yes
flags		: fpu vme de pse tsc msr pae mce cx8 apic sep mtrr pge mca cmov pat pse36 clflush dts acpi mmx fxsr sse sse2 ss ht tm pbe syscall nx pdpe1gb rdtscp lm constant_tsc arch_perfmon pebs bts rep_good nopl xtopology nonstop_tsc aperfmperf eagerfpu pni pclmulqdq dtes64 monitor ds_cpl vmx smx est tm2 ssse3 fma cx16 xtpr pdcm pcid sse4_1 sse4_2 x2apic movbe popcnt tsc_deadline_timer aes xsave avx f16c rdrand lahf_lm abm ida arat epb pln pts dtherm tpr_shadow vnmi flexpriority ept vpid fsgsbase tsc_adjust bmi1 hle avx2 smep bmi2 erms invpcid rtm xsaveopt
bugs		:
bogomips	: 6385.94
clflush size	: 64
cache_alignment	: 64
address sizes	: 39 bits physical, 48 bits virtual
power management:

processor	: 2
vendor_id	: GenuineIntel
cpu family	: 6
model		: 60
model name	: Intel(R) Core(TM) i5-4570 CPU @ 3.20GHz
stepping	: 3
microcode	: 0x1a
cpu MHz		: 3199.875
cache size	: 6144 KB
physical id	: 0
siblings	: 4
core id		: 2
cpu cores	: 4
apicid		: 4
initial apicid	: 4
fpu		: yes
fpu_exception	: yes
cpuid level	: 13
wp		: yes
flags		: fpu vme de pse tsc msr pae mce cx8 apic sep mtrr pge mca cmov pat pse36 clflush dts acpi mmx fxsr sse sse2 ss ht tm pbe syscall nx pdpe1gb rdtscp lm constant_tsc arch_perfmon pebs bts rep_good nopl xtopology nonstop_tsc aperfmperf eagerfpu pni pclmulqdq dtes64 monitor ds_cpl vmx smx est tm2 ssse3 fma cx16 xtpr pdcm pcid sse4_1 sse4_2 x2apic movbe popcnt tsc_deadline_timer aes xsave avx f16c rdrand lahf_lm abm ida arat epb pln pts dtherm tpr_shadow vnmi flexpriority ept vpid fsgsbase tsc_adjust bmi1 hle avx2 smep bmi2 erms invpcid rtm xsaveopt
bugs		:
bogomips	: 6385.94
clflush size	: 64
cache_alignment	: 64
address sizes	: 39 bits physical, 48 bits virtual
power management:

processor	: 3
vendor_id	: GenuineIntel
cpu family	: 6
model		: 60
model name	: Intel(R) Core(TM) i5-4570 CPU @ 3.20GHz
stepping	: 3
microcode	: 0x1a
cpu MHz		: 3200.000
cache size	: 6144 KB
physical id	: 0
siblings	: 4
core id		: 3
cpu cores	: 4
apicid		: 6
initial apicid	: 6
fpu		: yes
fpu_exception	: yes
cpuid level	: 13
wp		: yes
flags		: fpu vme de pse tsc msr pae mce cx8 apic sep mtrr pge mca cmov pat pse36 clflush dts acpi mmx fxsr sse sse2 ss ht tm pbe syscall nx pdpe1gb rdtscp lm constant_tsc arch_perfmon pebs bts rep_good nopl xtopology nonstop_tsc aperfmperf eagerfpu pni pclmulqdq dtes64 monitor ds_cpl vmx smx est tm2 ssse3 fma cx16 xtpr pdcm pcid sse4_1 sse4_2 x2apic movbe popcnt tsc_deadline_timer aes xsave avx f16c rdrand lahf_lm abm ida arat epb pln pts dtherm tpr_shadow vnmi flexpriority ept vpid fsgsbase tsc_adjust bmi1 hle avx2 smep bmi2 erms invpcid rtm xsaveopt
bugs		:
bogomips	: 6385.94
clflush size	: 64
cache_alignment	: 64
address sizes	: 39 bits physical, 48 bits virtual
power management:



Memory: 4k page, physical 8080536k(122744k free), swap 0k(0k free)

vm_info: Java HotSpot(TM) 64-Bit Server VM (24.80-b11) for linux-amd64 JRE (1.7.0_80-b15), built on Apr 10 2015 19:53:14 by "java_re" with gcc 4.3.0 20080428 (Red Hat 4.3.0-8)

time: Sun Nov 29 14:15:20 2015
elapsed time: 21 seconds

